[2022-04-26 18:53:26.366] [jointLog] [info] setting maxHashResizeThreads to 40
[2022-04-26 18:53:26.366] [jointLog] [info] Fragment incompatibility prior below threshold.  Incompatible fragments will be ignored.
[2022-04-26 18:53:26.366] [jointLog] [info] Usage of --validateMappings implies use of minScoreFraction. Since not explicitly specified, it is being set to 0.65
[2022-04-26 18:53:26.366] [jointLog] [info] Setting consensusSlack to selective-alignment default of 0.35.
[2022-04-26 18:53:26.366] [jointLog] [info] parsing read library format
[2022-04-26 18:53:26.366] [jointLog] [info] There is 1 library.
[2022-04-26 18:53:26.367] [jointLog] [info] Loading pufferfish index
[2022-04-26 18:53:26.368] [jointLog] [info] Loading dense pufferfish index.
[2022-04-26 18:53:26.684] [jointLog] [info] done
[2022-04-26 18:53:26.739] [jointLog] [info] Index contained 40,812 targets
[2022-04-26 18:53:26.765] [jointLog] [info] Number of decoys : 0
[2022-04-26 18:53:27.423] [jointLog] [info] Automatically detected most likely library type as ISR

[2022-04-26 18:55:45.530] [jointLog] [info] Thread saw mini-batch with a maximum of 0.58% zero probability fragments
[2022-04-26 18:55:45.530] [jointLog] [info] Thread saw mini-batch with a maximum of 0.72% zero probability fragments
[2022-04-26 18:55:45.530] [jointLog] [info] Thread saw mini-batch with a maximum of 0.58% zero probability fragments
[2022-04-26 18:55:45.530] [jointLog] [info] Thread saw mini-batch with a maximum of 0.58% zero probability fragments
[2022-04-26 18:55:45.530] [jointLog] [info] Thread saw mini-batch with a maximum of 0.56% zero probability fragments
[2022-04-26 18:55:45.531] [jointLog] [info] Thread saw mini-batch with a maximum of 0.52% zero probability fragments
[2022-04-26 18:55:45.531] [jointLog] [info] Thread saw mini-batch with a maximum of 0.56% zero probability fragments
[2022-04-26 18:55:45.531] [jointLog] [info] Thread saw mini-batch with a maximum of 0.64% zero probability fragments
[2022-04-26 18:55:45.531] [jointLog] [info] Thread saw mini-batch with a maximum of 0.54% zero probability fragments
[2022-04-26 18:55:45.531] [jointLog] [info] Thread saw mini-batch with a maximum of 0.56% zero probability fragments
[2022-04-26 18:55:45.531] [jointLog] [info] Thread saw mini-batch with a maximum of 0.56% zero probability fragments
[2022-04-26 18:55:45.531] [jointLog] [info] Thread saw mini-batch with a maximum of 0.58% zero probability fragments
[2022-04-26 18:55:45.531] [jointLog] [info] Thread saw mini-batch with a maximum of 0.54% zero probability fragments
[2022-04-26 18:55:45.531] [jointLog] [info] Thread saw mini-batch with a maximum of 0.54% zero probability fragments
[2022-04-26 18:55:45.534] [jointLog] [info] Thread saw mini-batch with a maximum of 0.58% zero probability fragments
[2022-04-26 18:55:45.534] [jointLog] [info] Thread saw mini-batch with a maximum of 0.56% zero probability fragments
[2022-04-26 18:55:45.534] [jointLog] [info] Thread saw mini-batch with a maximum of 0.54% zero probability fragments
[2022-04-26 18:55:45.534] [jointLog] [info] Thread saw mini-batch with a maximum of 0.62% zero probability fragments
[2022-04-26 18:55:45.535] [jointLog] [info] Thread saw mini-batch with a maximum of 0.52% zero probability fragments
[2022-04-26 18:55:45.535] [jointLog] [info] Thread saw mini-batch with a maximum of 0.60% zero probability fragments
[2022-04-26 18:55:45.535] [jointLog] [info] Thread saw mini-batch with a maximum of 0.72% zero probability fragments
[2022-04-26 18:55:45.535] [jointLog] [info] Thread saw mini-batch with a maximum of 0.52% zero probability fragments
[2022-04-26 18:55:45.535] [jointLog] [info] Thread saw mini-batch with a maximum of 0.54% zero probability fragments
[2022-04-26 18:55:45.535] [jointLog] [info] Thread saw mini-batch with a maximum of 0.52% zero probability fragments
[2022-04-26 18:55:45.535] [jointLog] [info] Thread saw mini-batch with a maximum of 0.56% zero probability fragments
[2022-04-26 18:55:45.536] [jointLog] [info] Thread saw mini-batch with a maximum of 0.60% zero probability fragments
[2022-04-26 18:55:45.536] [jointLog] [info] Thread saw mini-batch with a maximum of 0.60% zero probability fragments
[2022-04-26 18:55:45.536] [jointLog] [info] Thread saw mini-batch with a maximum of 0.52% zero probability fragments
[2022-04-26 18:55:45.536] [jointLog] [info] Thread saw mini-batch with a maximum of 0.60% zero probability fragments
[2022-04-26 18:55:45.537] [jointLog] [info] Thread saw mini-batch with a maximum of 0.54% zero probability fragments
[2022-04-26 18:55:45.538] [jointLog] [info] Thread saw mini-batch with a maximum of 0.66% zero probability fragments
[2022-04-26 18:55:45.538] [jointLog] [info] Thread saw mini-batch with a maximum of 0.52% zero probability fragments
[2022-04-26 18:55:45.538] [jointLog] [info] Thread saw mini-batch with a maximum of 0.58% zero probability fragments
[2022-04-26 18:55:45.539] [jointLog] [info] Thread saw mini-batch with a maximum of 0.60% zero probability fragments
[2022-04-26 18:55:45.539] [jointLog] [info] Thread saw mini-batch with a maximum of 0.56% zero probability fragments
[2022-04-26 18:55:45.540] [jointLog] [info] Thread saw mini-batch with a maximum of 0.62% zero probability fragments
[2022-04-26 18:55:45.555] [jointLog] [info] Thread saw mini-batch with a maximum of 0.54% zero probability fragments
[2022-04-26 18:55:45.574] [jointLog] [info] Thread saw mini-batch with a maximum of 0.52% zero probability fragments
[2022-04-26 18:55:45.588] [jointLog] [info] Thread saw mini-batch with a maximum of 0.66% zero probability fragments
[2022-04-26 18:55:45.593] [jointLog] [info] Thread saw mini-batch with a maximum of 0.56% zero probability fragments
[2022-04-26 18:55:45.819] [jointLog] [info] Computed 57,021 rich equivalence classes for further processing
[2022-04-26 18:55:45.819] [jointLog] [info] Counted 35,935,690 total reads in the equivalence classes 
[2022-04-26 18:55:45.838] [jointLog] [warning] 0.000392223% of fragments were shorter than the k used to build the index.
If this fraction is too large, consider re-building the index with a smaller k.
The minimum read size found was 30.


[2022-04-26 18:55:45.838] [jointLog] [info] Number of mappings discarded because of alignment score : 11,430,715
[2022-04-26 18:55:45.838] [jointLog] [info] Number of fragments entirely discarded because of alignment score : 699,283
[2022-04-26 18:55:45.838] [jointLog] [info] Number of fragments discarded because they are best-mapped to decoys : 0
[2022-04-26 18:55:45.838] [jointLog] [info] Number of fragments discarded because they have only dovetail (discordant) mappings to valid targets : 15,630,853
[2022-04-26 18:55:45.838] [jointLog] [info] Mapping rate = 95.8829%

[2022-04-26 18:55:45.838] [jointLog] [info] finished quantifyLibrary()
[2022-04-26 18:55:45.841] [jointLog] [info] Starting optimizer
[2022-04-26 18:55:45.878] [jointLog] [info] Marked 0 weighted equivalence classes as degenerate
[2022-04-26 18:55:45.887] [jointLog] [info] iteration = 0 | max rel diff. = 23526
[2022-04-26 18:55:45.819] [fileLog] [info] 
At end of round 0
==================
Observed 37478721 total fragments (37478721 in most recent round)

[2022-04-26 18:55:46.178] [jointLog] [info] iteration = 100 | max rel diff. = 11.3621
[2022-04-26 18:55:46.448] [jointLog] [info] iteration = 200 | max rel diff. = 1.59779
[2022-04-26 18:55:46.725] [jointLog] [info] iteration = 300 | max rel diff. = 0.126007
[2022-04-26 18:55:46.999] [jointLog] [info] iteration = 400 | max rel diff. = 0.119935
[2022-04-26 18:55:47.272] [jointLog] [info] iteration = 500 | max rel diff. = 1.79867
[2022-04-26 18:55:47.540] [jointLog] [info] iteration = 600 | max rel diff. = 1.02373
[2022-04-26 18:55:47.809] [jointLog] [info] iteration = 700 | max rel diff. = 0.0162704
[2022-04-26 18:55:48.077] [jointLog] [info] iteration = 800 | max rel diff. = 0.526899
[2022-04-26 18:55:48.336] [jointLog] [info] iteration = 898 | max rel diff. = 0.00406475
[2022-04-26 18:55:48.342] [jointLog] [info] Finished optimizer
[2022-04-26 18:55:48.342] [jointLog] [info] writing output 

