[2022-04-26 18:00:56.627] [jointLog] [info] setting maxHashResizeThreads to 40
[2022-04-26 18:00:56.627] [jointLog] [info] Fragment incompatibility prior below threshold.  Incompatible fragments will be ignored.
[2022-04-26 18:00:56.627] [jointLog] [info] Usage of --validateMappings implies use of minScoreFraction. Since not explicitly specified, it is being set to 0.65
[2022-04-26 18:00:56.627] [jointLog] [info] Setting consensusSlack to selective-alignment default of 0.35.
[2022-04-26 18:00:56.627] [jointLog] [info] parsing read library format
[2022-04-26 18:00:56.627] [jointLog] [info] There is 1 library.
[2022-04-26 18:00:56.628] [jointLog] [info] Loading pufferfish index
[2022-04-26 18:00:56.629] [jointLog] [info] Loading dense pufferfish index.
[2022-04-26 18:00:56.936] [jointLog] [info] done
[2022-04-26 18:00:56.986] [jointLog] [info] Index contained 40,812 targets
[2022-04-26 18:00:56.997] [jointLog] [info] Number of decoys : 0
[2022-04-26 18:00:57.787] [jointLog] [info] Automatically detected most likely library type as ISR

[2022-04-26 18:07:16.006] [jointLog] [info] Thread saw mini-batch with a maximum of 0.52% zero probability fragments
[2022-04-26 18:07:16.006] [jointLog] [info] Thread saw mini-batch with a maximum of 0.46% zero probability fragments
[2022-04-26 18:07:16.006] [jointLog] [info] Thread saw mini-batch with a maximum of 0.52% zero probability fragments
[2022-04-26 18:07:16.006] [jointLog] [info] Thread saw mini-batch with a maximum of 0.48% zero probability fragments
[2022-04-26 18:07:16.006] [jointLog] [info] Thread saw mini-batch with a maximum of 0.52% zero probability fragments
[2022-04-26 18:07:16.006] [jointLog] [info] Thread saw mini-batch with a maximum of 0.48% zero probability fragments
[2022-04-26 18:07:16.006] [jointLog] [info] Thread saw mini-batch with a maximum of 0.46% zero probability fragments
[2022-04-26 18:07:16.006] [jointLog] [info] Thread saw mini-batch with a maximum of 0.48% zero probability fragments
[2022-04-26 18:07:16.006] [jointLog] [info] Thread saw mini-batch with a maximum of 0.54% zero probability fragments
[2022-04-26 18:07:16.006] [jointLog] [info] Thread saw mini-batch with a maximum of 0.50% zero probability fragments
[2022-04-26 18:07:16.006] [jointLog] [info] Thread saw mini-batch with a maximum of 0.52% zero probability fragments
[2022-04-26 18:07:16.006] [jointLog] [info] Thread saw mini-batch with a maximum of 0.44% zero probability fragments
[2022-04-26 18:07:16.006] [jointLog] [info] Thread saw mini-batch with a maximum of 0.52% zero probability fragments
[2022-04-26 18:07:16.006] [jointLog] [info] Thread saw mini-batch with a maximum of 0.48% zero probability fragments
[2022-04-26 18:07:16.006] [jointLog] [info] Thread saw mini-batch with a maximum of 0.46% zero probability fragments
[2022-04-26 18:07:16.006] [jointLog] [info] Thread saw mini-batch with a maximum of 0.60% zero probability fragments
[2022-04-26 18:07:16.006] [jointLog] [info] Thread saw mini-batch with a maximum of 0.48% zero probability fragments
[2022-04-26 18:07:16.006] [jointLog] [info] Thread saw mini-batch with a maximum of 0.48% zero probability fragments
[2022-04-26 18:07:16.006] [jointLog] [info] Thread saw mini-batch with a maximum of 0.48% zero probability fragments
[2022-04-26 18:07:16.006] [jointLog] [info] Thread saw mini-batch with a maximum of 0.44% zero probability fragments
[2022-04-26 18:07:16.006] [jointLog] [info] Thread saw mini-batch with a maximum of 0.48% zero probability fragments
[2022-04-26 18:07:16.006] [jointLog] [info] Thread saw mini-batch with a maximum of 0.52% zero probability fragments
[2022-04-26 18:07:16.006] [jointLog] [info] Thread saw mini-batch with a maximum of 0.46% zero probability fragments
[2022-04-26 18:07:16.007] [jointLog] [info] Thread saw mini-batch with a maximum of 0.46% zero probability fragments
[2022-04-26 18:07:16.009] [jointLog] [info] Thread saw mini-batch with a maximum of 0.52% zero probability fragments
[2022-04-26 18:07:16.010] [jointLog] [info] Thread saw mini-batch with a maximum of 0.48% zero probability fragments
[2022-04-26 18:07:16.010] [jointLog] [info] Thread saw mini-batch with a maximum of 0.48% zero probability fragments
[2022-04-26 18:07:16.010] [jointLog] [info] Thread saw mini-batch with a maximum of 0.48% zero probability fragments
[2022-04-26 18:07:16.011] [jointLog] [info] Thread saw mini-batch with a maximum of 0.44% zero probability fragments
[2022-04-26 18:07:16.011] [jointLog] [info] Thread saw mini-batch with a maximum of 0.50% zero probability fragments
[2022-04-26 18:07:16.011] [jointLog] [info] Thread saw mini-batch with a maximum of 0.46% zero probability fragments
[2022-04-26 18:07:16.011] [jointLog] [info] Thread saw mini-batch with a maximum of 0.48% zero probability fragments
[2022-04-26 18:07:16.011] [jointLog] [info] Thread saw mini-batch with a maximum of 0.44% zero probability fragments
[2022-04-26 18:07:16.012] [jointLog] [info] Thread saw mini-batch with a maximum of 0.48% zero probability fragments
[2022-04-26 18:07:16.015] [jointLog] [info] Thread saw mini-batch with a maximum of 0.56% zero probability fragments
[2022-04-26 18:07:16.020] [jointLog] [info] Thread saw mini-batch with a maximum of 0.50% zero probability fragments
[2022-04-26 18:07:16.036] [jointLog] [info] Thread saw mini-batch with a maximum of 0.52% zero probability fragments
[2022-04-26 18:07:16.054] [jointLog] [info] Thread saw mini-batch with a maximum of 0.46% zero probability fragments
[2022-04-26 18:07:16.069] [jointLog] [info] Thread saw mini-batch with a maximum of 0.50% zero probability fragments
[2022-04-26 18:07:16.073] [jointLog] [info] Thread saw mini-batch with a maximum of 0.46% zero probability fragments
[2022-04-26 18:07:16.327] [jointLog] [info] Computed 66,343 rich equivalence classes for further processing
[2022-04-26 18:07:16.327] [jointLog] [info] Counted 98,867,562 total reads in the equivalence classes 
[2022-04-26 18:07:16.346] [jointLog] [warning] 0.000332918% of fragments were shorter than the k used to build the index.
If this fraction is too large, consider re-building the index with a smaller k.
The minimum read size found was 30.


[2022-04-26 18:07:16.346] [jointLog] [info] Number of mappings discarded because of alignment score : 23,088,599
[2022-04-26 18:07:16.346] [jointLog] [info] Number of fragments entirely discarded because of alignment score : 1,836,198
[2022-04-26 18:07:16.346] [jointLog] [info] Number of fragments discarded because they are best-mapped to decoys : 0
[2022-04-26 18:07:16.346] [jointLog] [info] Number of fragments discarded because they have only dovetail (discordant) mappings to valid targets : 41,868,113
[2022-04-26 18:07:16.346] [jointLog] [info] Mapping rate = 96.242%

[2022-04-26 18:07:16.346] [jointLog] [info] finished quantifyLibrary()
[2022-04-26 18:07:16.349] [jointLog] [info] Starting optimizer
[2022-04-26 18:07:16.327] [fileLog] [info] 
At end of round 0
==================
Observed 102728042 total fragments (102728042 in most recent round)

[2022-04-26 18:07:16.390] [jointLog] [info] Marked 0 weighted equivalence classes as degenerate
[2022-04-26 18:07:16.399] [jointLog] [info] iteration = 0 | max rel diff. = 762.251
[2022-04-26 18:07:16.722] [jointLog] [info] iteration = 100 | max rel diff. = 0.726328
[2022-04-26 18:07:17.002] [jointLog] [info] iteration = 200 | max rel diff. = 1.05459
[2022-04-26 18:07:17.276] [jointLog] [info] iteration = 300 | max rel diff. = 1.15121
[2022-04-26 18:07:17.549] [jointLog] [info] iteration = 400 | max rel diff. = 0.0689413
[2022-04-26 18:07:17.822] [jointLog] [info] iteration = 500 | max rel diff. = 0.0202395
[2022-04-26 18:07:18.096] [jointLog] [info] iteration = 600 | max rel diff. = 0.036746
[2022-04-26 18:07:18.370] [jointLog] [info] iteration = 700 | max rel diff. = 0.0491574
[2022-04-26 18:07:18.447] [jointLog] [info] iteration = 729 | max rel diff. = 0.00792495
[2022-04-26 18:07:18.453] [jointLog] [info] Finished optimizer
[2022-04-26 18:07:18.453] [jointLog] [info] writing output 

