[2022-04-26 16:31:15.789] [jointLog] [info] setting maxHashResizeThreads to 40
[2022-04-26 16:31:15.789] [jointLog] [info] Fragment incompatibility prior below threshold.  Incompatible fragments will be ignored.
[2022-04-26 16:31:15.789] [jointLog] [info] Usage of --validateMappings implies use of minScoreFraction. Since not explicitly specified, it is being set to 0.65
[2022-04-26 16:31:15.789] [jointLog] [info] Setting consensusSlack to selective-alignment default of 0.35.
[2022-04-26 16:31:15.789] [jointLog] [info] parsing read library format
[2022-04-26 16:31:15.789] [jointLog] [info] There is 1 library.
[2022-04-26 16:31:15.790] [jointLog] [info] Loading pufferfish index
[2022-04-26 16:31:15.790] [jointLog] [info] Loading dense pufferfish index.
[2022-04-26 16:31:16.089] [jointLog] [info] done
[2022-04-26 16:31:16.139] [jointLog] [info] Index contained 40,812 targets
[2022-04-26 16:31:16.149] [jointLog] [info] Number of decoys : 0
[2022-04-26 16:31:16.680] [jointLog] [info] Automatically detected most likely library type as ISR

[2022-04-26 16:34:47.479] [jointLog] [info] Thread saw mini-batch with a maximum of 0.40% zero probability fragments
[2022-04-26 16:34:47.479] [jointLog] [info] Thread saw mini-batch with a maximum of 0.46% zero probability fragments
[2022-04-26 16:34:47.479] [jointLog] [info] Thread saw mini-batch with a maximum of 0.56% zero probability fragments
[2022-04-26 16:34:47.479] [jointLog] [info] Thread saw mini-batch with a maximum of 0.40% zero probability fragments
[2022-04-26 16:34:47.479] [jointLog] [info] Thread saw mini-batch with a maximum of 0.42% zero probability fragments
[2022-04-26 16:34:47.479] [jointLog] [info] Thread saw mini-batch with a maximum of 0.36% zero probability fragments
[2022-04-26 16:34:47.479] [jointLog] [info] Thread saw mini-batch with a maximum of 0.42% zero probability fragments
[2022-04-26 16:34:47.479] [jointLog] [info] Thread saw mini-batch with a maximum of 0.42% zero probability fragments
[2022-04-26 16:34:47.479] [jointLog] [info] Thread saw mini-batch with a maximum of 0.46% zero probability fragments
[2022-04-26 16:34:47.479] [jointLog] [info] Thread saw mini-batch with a maximum of 0.50% zero probability fragments
[2022-04-26 16:34:47.479] [jointLog] [info] Thread saw mini-batch with a maximum of 0.44% zero probability fragments
[2022-04-26 16:34:47.479] [jointLog] [info] Thread saw mini-batch with a maximum of 0.38% zero probability fragments
[2022-04-26 16:34:47.479] [jointLog] [info] Thread saw mini-batch with a maximum of 0.44% zero probability fragments
[2022-04-26 16:34:47.479] [jointLog] [info] Thread saw mini-batch with a maximum of 0.36% zero probability fragments
[2022-04-26 16:34:47.479] [jointLog] [info] Thread saw mini-batch with a maximum of 0.44% zero probability fragments
[2022-04-26 16:34:47.479] [jointLog] [info] Thread saw mini-batch with a maximum of 0.44% zero probability fragments
[2022-04-26 16:34:47.479] [jointLog] [info] Thread saw mini-batch with a maximum of 0.40% zero probability fragments
[2022-04-26 16:34:47.479] [jointLog] [info] Thread saw mini-batch with a maximum of 0.42% zero probability fragments
[2022-04-26 16:34:47.479] [jointLog] [info] Thread saw mini-batch with a maximum of 0.40% zero probability fragments
[2022-04-26 16:34:47.479] [jointLog] [info] Thread saw mini-batch with a maximum of 0.38% zero probability fragments
[2022-04-26 16:34:47.479] [jointLog] [info] Thread saw mini-batch with a maximum of 0.38% zero probability fragments
[2022-04-26 16:34:47.479] [jointLog] [info] Thread saw mini-batch with a maximum of 0.40% zero probability fragments
[2022-04-26 16:34:47.479] [jointLog] [info] Thread saw mini-batch with a maximum of 0.40% zero probability fragments
[2022-04-26 16:34:47.480] [jointLog] [info] Thread saw mini-batch with a maximum of 0.38% zero probability fragments
[2022-04-26 16:34:47.480] [jointLog] [info] Thread saw mini-batch with a maximum of 0.38% zero probability fragments
[2022-04-26 16:34:47.480] [jointLog] [info] Thread saw mini-batch with a maximum of 0.36% zero probability fragments
[2022-04-26 16:34:47.480] [jointLog] [info] Thread saw mini-batch with a maximum of 0.44% zero probability fragments
[2022-04-26 16:34:47.480] [jointLog] [info] Thread saw mini-batch with a maximum of 0.42% zero probability fragments
[2022-04-26 16:34:47.480] [jointLog] [info] Thread saw mini-batch with a maximum of 0.42% zero probability fragments
[2022-04-26 16:34:47.480] [jointLog] [info] Thread saw mini-batch with a maximum of 0.42% zero probability fragments
[2022-04-26 16:34:47.480] [jointLog] [info] Thread saw mini-batch with a maximum of 0.46% zero probability fragments
[2022-04-26 16:34:47.480] [jointLog] [info] Thread saw mini-batch with a maximum of 0.40% zero probability fragments
[2022-04-26 16:34:47.480] [jointLog] [info] Thread saw mini-batch with a maximum of 0.44% zero probability fragments
[2022-04-26 16:34:47.481] [jointLog] [info] Thread saw mini-batch with a maximum of 0.42% zero probability fragments
[2022-04-26 16:34:47.481] [jointLog] [info] Thread saw mini-batch with a maximum of 0.42% zero probability fragments
[2022-04-26 16:34:47.482] [jointLog] [info] Thread saw mini-batch with a maximum of 0.40% zero probability fragments
[2022-04-26 16:34:47.515] [jointLog] [info] Thread saw mini-batch with a maximum of 0.38% zero probability fragments
[2022-04-26 16:34:47.538] [jointLog] [info] Thread saw mini-batch with a maximum of 0.38% zero probability fragments
[2022-04-26 16:34:47.543] [jointLog] [info] Thread saw mini-batch with a maximum of 0.44% zero probability fragments
[2022-04-26 16:34:47.550] [jointLog] [info] Thread saw mini-batch with a maximum of 0.42% zero probability fragments
[2022-04-26 16:34:47.781] [jointLog] [info] Computed 55,309 rich equivalence classes for further processing
[2022-04-26 16:34:47.781] [jointLog] [info] Counted 54,158,931 total reads in the equivalence classes 
[2022-04-26 16:34:47.803] [jointLog] [warning] 0.000172632% of fragments were shorter than the k used to build the index.
If this fraction is too large, consider re-building the index with a smaller k.
The minimum read size found was 30.


[2022-04-26 16:34:47.803] [jointLog] [info] Number of mappings discarded because of alignment score : 14,626,040
[2022-04-26 16:34:47.803] [jointLog] [info] Number of fragments entirely discarded because of alignment score : 1,081,630
[2022-04-26 16:34:47.803] [jointLog] [info] Number of fragments discarded because they are best-mapped to decoys : 0
[2022-04-26 16:34:47.803] [jointLog] [info] Number of fragments discarded because they have only dovetail (discordant) mappings to valid targets : 17,214,490
[2022-04-26 16:34:47.803] [jointLog] [info] Mapping rate = 96.3872%

[2022-04-26 16:34:47.803] [jointLog] [info] finished quantifyLibrary()
[2022-04-26 16:34:47.806] [jointLog] [info] Starting optimizer
[2022-04-26 16:34:47.844] [jointLog] [info] Marked 0 weighted equivalence classes as degenerate
[2022-04-26 16:34:47.848] [jointLog] [info] iteration = 0 | max rel diff. = 321.279
[2022-04-26 16:34:47.781] [fileLog] [info] 
At end of round 0
==================
Observed 56188906 total fragments (56188906 in most recent round)

[2022-04-26 16:34:48.121] [jointLog] [info] iteration = 100 | max rel diff. = 0.37639
[2022-04-26 16:34:48.360] [jointLog] [info] iteration = 200 | max rel diff. = 3.59409
[2022-04-26 16:34:48.598] [jointLog] [info] iteration = 300 | max rel diff. = 0.0493575
[2022-04-26 16:34:48.836] [jointLog] [info] iteration = 400 | max rel diff. = 0.399832
[2022-04-26 16:34:49.073] [jointLog] [info] iteration = 500 | max rel diff. = 0.72516
[2022-04-26 16:34:49.309] [jointLog] [info] iteration = 600 | max rel diff. = 0.151308
[2022-04-26 16:34:49.542] [jointLog] [info] iteration = 700 | max rel diff. = 0.105803
[2022-04-26 16:34:49.753] [jointLog] [info] iteration = 791 | max rel diff. = 0.00643318
[2022-04-26 16:34:49.757] [jointLog] [info] Finished optimizer
[2022-04-26 16:34:49.757] [jointLog] [info] writing output 

