[2022-04-26 16:37:03.413] [jointLog] [info] setting maxHashResizeThreads to 40
[2022-04-26 16:37:03.413] [jointLog] [info] Fragment incompatibility prior below threshold.  Incompatible fragments will be ignored.
[2022-04-26 16:37:03.413] [jointLog] [info] Usage of --validateMappings implies use of minScoreFraction. Since not explicitly specified, it is being set to 0.65
[2022-04-26 16:37:03.413] [jointLog] [info] Setting consensusSlack to selective-alignment default of 0.35.
[2022-04-26 16:37:03.413] [jointLog] [info] parsing read library format
[2022-04-26 16:37:03.413] [jointLog] [info] There is 1 library.
[2022-04-26 16:37:03.414] [jointLog] [info] Loading pufferfish index
[2022-04-26 16:37:03.414] [jointLog] [info] Loading dense pufferfish index.
[2022-04-26 16:37:03.731] [jointLog] [info] done
[2022-04-26 16:37:03.782] [jointLog] [info] Index contained 40,812 targets
[2022-04-26 16:37:03.793] [jointLog] [info] Number of decoys : 0
[2022-04-26 16:37:04.496] [jointLog] [info] Automatically detected most likely library type as ISR

[2022-04-26 16:40:17.415] [jointLog] [info] Thread saw mini-batch with a maximum of 0.48% zero probability fragments
[2022-04-26 16:40:17.415] [jointLog] [info] Thread saw mini-batch with a maximum of 0.56% zero probability fragments
[2022-04-26 16:40:17.415] [jointLog] [info] Thread saw mini-batch with a maximum of 0.52% zero probability fragments
[2022-04-26 16:40:17.415] [jointLog] [info] Thread saw mini-batch with a maximum of 0.52% zero probability fragments
[2022-04-26 16:40:17.415] [jointLog] [info] Thread saw mini-batch with a maximum of 0.50% zero probability fragments
[2022-04-26 16:40:17.415] [jointLog] [info] Thread saw mini-batch with a maximum of 0.58% zero probability fragments
[2022-04-26 16:40:17.415] [jointLog] [info] Thread saw mini-batch with a maximum of 0.46% zero probability fragments
[2022-04-26 16:40:17.415] [jointLog] [info] Thread saw mini-batch with a maximum of 0.50% zero probability fragments
[2022-04-26 16:40:17.415] [jointLog] [info] Thread saw mini-batch with a maximum of 0.46% zero probability fragments
[2022-04-26 16:40:17.415] [jointLog] [info] Thread saw mini-batch with a maximum of 0.46% zero probability fragments
[2022-04-26 16:40:17.416] [jointLog] [info] Thread saw mini-batch with a maximum of 0.48% zero probability fragments
[2022-04-26 16:40:17.416] [jointLog] [info] Thread saw mini-batch with a maximum of 0.48% zero probability fragments
[2022-04-26 16:40:17.416] [jointLog] [info] Thread saw mini-batch with a maximum of 0.48% zero probability fragments
[2022-04-26 16:40:17.416] [jointLog] [info] Thread saw mini-batch with a maximum of 0.50% zero probability fragments
[2022-04-26 16:40:17.416] [jointLog] [info] Thread saw mini-batch with a maximum of 0.46% zero probability fragments
[2022-04-26 16:40:17.416] [jointLog] [info] Thread saw mini-batch with a maximum of 0.50% zero probability fragments
[2022-04-26 16:40:17.416] [jointLog] [info] Thread saw mini-batch with a maximum of 0.52% zero probability fragments
[2022-04-26 16:40:17.416] [jointLog] [info] Thread saw mini-batch with a maximum of 0.54% zero probability fragments
[2022-04-26 16:40:17.416] [jointLog] [info] Thread saw mini-batch with a maximum of 0.48% zero probability fragments
[2022-04-26 16:40:17.416] [jointLog] [info] Thread saw mini-batch with a maximum of 0.52% zero probability fragments
[2022-04-26 16:40:17.416] [jointLog] [info] Thread saw mini-batch with a maximum of 0.46% zero probability fragments
[2022-04-26 16:40:17.416] [jointLog] [info] Thread saw mini-batch with a maximum of 0.46% zero probability fragments
[2022-04-26 16:40:17.416] [jointLog] [info] Thread saw mini-batch with a maximum of 0.46% zero probability fragments
[2022-04-26 16:40:17.417] [jointLog] [info] Thread saw mini-batch with a maximum of 0.54% zero probability fragments
[2022-04-26 16:40:17.417] [jointLog] [info] Thread saw mini-batch with a maximum of 0.46% zero probability fragments
[2022-04-26 16:40:17.420] [jointLog] [info] Thread saw mini-batch with a maximum of 0.50% zero probability fragments
[2022-04-26 16:40:17.420] [jointLog] [info] Thread saw mini-batch with a maximum of 0.56% zero probability fragments
[2022-04-26 16:40:17.422] [jointLog] [info] Thread saw mini-batch with a maximum of 0.48% zero probability fragments
[2022-04-26 16:40:17.422] [jointLog] [info] Thread saw mini-batch with a maximum of 0.52% zero probability fragments
[2022-04-26 16:40:17.423] [jointLog] [info] Thread saw mini-batch with a maximum of 0.42% zero probability fragments
[2022-04-26 16:40:17.423] [jointLog] [info] Thread saw mini-batch with a maximum of 0.50% zero probability fragments
[2022-04-26 16:40:17.423] [jointLog] [info] Thread saw mini-batch with a maximum of 0.46% zero probability fragments
[2022-04-26 16:40:17.423] [jointLog] [info] Thread saw mini-batch with a maximum of 0.42% zero probability fragments
[2022-04-26 16:40:17.424] [jointLog] [info] Thread saw mini-batch with a maximum of 0.50% zero probability fragments
[2022-04-26 16:40:17.425] [jointLog] [info] Thread saw mini-batch with a maximum of 0.52% zero probability fragments
[2022-04-26 16:40:17.438] [jointLog] [info] Thread saw mini-batch with a maximum of 0.54% zero probability fragments
[2022-04-26 16:40:17.450] [jointLog] [info] Thread saw mini-batch with a maximum of 0.50% zero probability fragments
[2022-04-26 16:40:17.467] [jointLog] [info] Thread saw mini-batch with a maximum of 0.44% zero probability fragments
[2022-04-26 16:40:17.483] [jointLog] [info] Thread saw mini-batch with a maximum of 0.48% zero probability fragments
[2022-04-26 16:40:17.539] [jointLog] [info] Thread saw mini-batch with a maximum of 0.52% zero probability fragments
[2022-04-26 16:40:17.776] [fileLog] [info] 
At end of round 0
==================
Observed 61547263 total fragments (61547263 in most recent round)

[2022-04-26 16:40:17.776] [jointLog] [info] Computed 59,095 rich equivalence classes for further processing
[2022-04-26 16:40:17.776] [jointLog] [info] Counted 59,191,999 total reads in the equivalence classes 
[2022-04-26 16:40:17.797] [jointLog] [warning] 0.000570293% of fragments were shorter than the k used to build the index.
If this fraction is too large, consider re-building the index with a smaller k.
The minimum read size found was 30.


[2022-04-26 16:40:17.797] [jointLog] [info] Number of mappings discarded because of alignment score : 17,180,973
[2022-04-26 16:40:17.797] [jointLog] [info] Number of fragments entirely discarded because of alignment score : 1,108,899
[2022-04-26 16:40:17.797] [jointLog] [info] Number of fragments discarded because they are best-mapped to decoys : 0
[2022-04-26 16:40:17.797] [jointLog] [info] Number of fragments discarded because they have only dovetail (discordant) mappings to valid targets : 27,784,065
[2022-04-26 16:40:17.797] [jointLog] [info] Mapping rate = 96.1732%

[2022-04-26 16:40:17.797] [jointLog] [info] finished quantifyLibrary()
[2022-04-26 16:40:17.799] [jointLog] [info] Starting optimizer
[2022-04-26 16:40:17.839] [jointLog] [info] Marked 0 weighted equivalence classes as degenerate
[2022-04-26 16:40:17.850] [jointLog] [info] iteration = 0 | max rel diff. = 432.505
[2022-04-26 16:40:18.146] [jointLog] [info] iteration = 100 | max rel diff. = 2.58912
[2022-04-26 16:40:18.420] [jointLog] [info] iteration = 200 | max rel diff. = 0.643826
[2022-04-26 16:40:18.691] [jointLog] [info] iteration = 300 | max rel diff. = 0.109733
[2022-04-26 16:40:18.963] [jointLog] [info] iteration = 400 | max rel diff. = 0.0688604
[2022-04-26 16:40:19.234] [jointLog] [info] iteration = 500 | max rel diff. = 0.0999899
[2022-04-26 16:40:19.507] [jointLog] [info] iteration = 600 | max rel diff. = 0.188459
[2022-04-26 16:40:19.780] [jointLog] [info] iteration = 700 | max rel diff. = 0.0143002
[2022-04-26 16:40:20.051] [jointLog] [info] iteration = 800 | max rel diff. = 0.10169
[2022-04-26 16:40:20.312] [jointLog] [info] iteration = 897 | max rel diff. = 0.00270947
[2022-04-26 16:40:20.316] [jointLog] [info] Finished optimizer
[2022-04-26 16:40:20.316] [jointLog] [info] writing output 

