[2022-04-26 17:44:55.934] [jointLog] [info] setting maxHashResizeThreads to 40
[2022-04-26 17:44:55.934] [jointLog] [info] Fragment incompatibility prior below threshold.  Incompatible fragments will be ignored.
[2022-04-26 17:44:55.934] [jointLog] [info] Usage of --validateMappings implies use of minScoreFraction. Since not explicitly specified, it is being set to 0.65
[2022-04-26 17:44:55.934] [jointLog] [info] Setting consensusSlack to selective-alignment default of 0.35.
[2022-04-26 17:44:55.934] [jointLog] [info] parsing read library format
[2022-04-26 17:44:55.934] [jointLog] [info] There is 1 library.
[2022-04-26 17:44:55.935] [jointLog] [info] Loading pufferfish index
[2022-04-26 17:44:55.935] [jointLog] [info] Loading dense pufferfish index.
[2022-04-26 17:44:56.239] [jointLog] [info] done
[2022-04-26 17:44:56.288] [jointLog] [info] Index contained 40,812 targets
[2022-04-26 17:44:56.299] [jointLog] [info] Number of decoys : 0
[2022-04-26 17:44:56.810] [jointLog] [info] Automatically detected most likely library type as ISR

[2022-04-26 17:47:59.464] [jointLog] [info] Thread saw mini-batch with a maximum of 0.58% zero probability fragments
[2022-04-26 17:47:59.464] [jointLog] [info] Thread saw mini-batch with a maximum of 0.54% zero probability fragments
[2022-04-26 17:47:59.464] [jointLog] [info] Thread saw mini-batch with a maximum of 0.56% zero probability fragments
[2022-04-26 17:47:59.464] [jointLog] [info] Thread saw mini-batch with a maximum of 0.58% zero probability fragments
[2022-04-26 17:47:59.464] [jointLog] [info] Thread saw mini-batch with a maximum of 0.54% zero probability fragments
[2022-04-26 17:47:59.464] [jointLog] [info] Thread saw mini-batch with a maximum of 0.60% zero probability fragments
[2022-04-26 17:47:59.464] [jointLog] [info] Thread saw mini-batch with a maximum of 0.54% zero probability fragments
[2022-04-26 17:47:59.464] [jointLog] [info] Thread saw mini-batch with a maximum of 0.54% zero probability fragments
[2022-04-26 17:47:59.464] [jointLog] [info] Thread saw mini-batch with a maximum of 0.54% zero probability fragments
[2022-04-26 17:47:59.464] [jointLog] [info] Thread saw mini-batch with a maximum of 0.54% zero probability fragments
[2022-04-26 17:47:59.464] [jointLog] [info] Thread saw mini-batch with a maximum of 0.60% zero probability fragments
[2022-04-26 17:47:59.464] [jointLog] [info] Thread saw mini-batch with a maximum of 0.48% zero probability fragments
[2022-04-26 17:47:59.464] [jointLog] [info] Thread saw mini-batch with a maximum of 0.50% zero probability fragments
[2022-04-26 17:47:59.464] [jointLog] [info] Thread saw mini-batch with a maximum of 0.52% zero probability fragments
[2022-04-26 17:47:59.465] [jointLog] [info] Thread saw mini-batch with a maximum of 0.54% zero probability fragments
[2022-04-26 17:47:59.465] [jointLog] [info] Thread saw mini-batch with a maximum of 0.87% zero probability fragments
[2022-04-26 17:47:59.465] [jointLog] [info] Thread saw mini-batch with a maximum of 0.52% zero probability fragments
[2022-04-26 17:47:59.469] [jointLog] [info] Thread saw mini-batch with a maximum of 0.54% zero probability fragments
[2022-04-26 17:47:59.469] [jointLog] [info] Thread saw mini-batch with a maximum of 0.48% zero probability fragments
[2022-04-26 17:47:59.469] [jointLog] [info] Thread saw mini-batch with a maximum of 0.56% zero probability fragments
[2022-04-26 17:47:59.469] [jointLog] [info] Thread saw mini-batch with a maximum of 0.58% zero probability fragments
[2022-04-26 17:47:59.469] [jointLog] [info] Thread saw mini-batch with a maximum of 0.52% zero probability fragments
[2022-04-26 17:47:59.470] [jointLog] [info] Thread saw mini-batch with a maximum of 0.52% zero probability fragments
[2022-04-26 17:47:59.470] [jointLog] [info] Thread saw mini-batch with a maximum of 0.52% zero probability fragments
[2022-04-26 17:47:59.470] [jointLog] [info] Thread saw mini-batch with a maximum of 0.54% zero probability fragments
[2022-04-26 17:47:59.470] [jointLog] [info] Thread saw mini-batch with a maximum of 0.56% zero probability fragments
[2022-04-26 17:47:59.470] [jointLog] [info] Thread saw mini-batch with a maximum of 0.50% zero probability fragments
[2022-04-26 17:47:59.470] [jointLog] [info] Thread saw mini-batch with a maximum of 0.54% zero probability fragments
[2022-04-26 17:47:59.470] [jointLog] [info] Thread saw mini-batch with a maximum of 0.54% zero probability fragments
[2022-04-26 17:47:59.471] [jointLog] [info] Thread saw mini-batch with a maximum of 0.56% zero probability fragments
[2022-04-26 17:47:59.474] [jointLog] [info] Thread saw mini-batch with a maximum of 0.64% zero probability fragments
[2022-04-26 17:47:59.474] [jointLog] [info] Thread saw mini-batch with a maximum of 0.56% zero probability fragments
[2022-04-26 17:47:59.475] [jointLog] [info] Thread saw mini-batch with a maximum of 0.48% zero probability fragments
[2022-04-26 17:47:59.475] [jointLog] [info] Thread saw mini-batch with a maximum of 0.48% zero probability fragments
[2022-04-26 17:47:59.475] [jointLog] [info] Thread saw mini-batch with a maximum of 0.52% zero probability fragments
[2022-04-26 17:47:59.476] [jointLog] [info] Thread saw mini-batch with a maximum of 0.54% zero probability fragments
[2022-04-26 17:47:59.481] [jointLog] [info] Thread saw mini-batch with a maximum of 0.56% zero probability fragments
[2022-04-26 17:47:59.497] [jointLog] [info] Thread saw mini-batch with a maximum of 0.54% zero probability fragments
[2022-04-26 17:47:59.517] [jointLog] [info] Thread saw mini-batch with a maximum of 0.58% zero probability fragments
[2022-04-26 17:47:59.537] [jointLog] [info] Thread saw mini-batch with a maximum of 0.64% zero probability fragments
[2022-04-26 17:47:59.772] [fileLog] [info] 
At end of round 0
==================
Observed 49525346 total fragments (49525346 in most recent round)

[2022-04-26 17:47:59.771] [jointLog] [info] Computed 57,208 rich equivalence classes for further processing
[2022-04-26 17:47:59.771] [jointLog] [info] Counted 47,488,804 total reads in the equivalence classes 
[2022-04-26 17:47:59.792] [jointLog] [warning] 0.000302875% of fragments were shorter than the k used to build the index.
If this fraction is too large, consider re-building the index with a smaller k.
The minimum read size found was 30.


[2022-04-26 17:47:59.792] [jointLog] [info] Number of mappings discarded because of alignment score : 13,872,708
[2022-04-26 17:47:59.792] [jointLog] [info] Number of fragments entirely discarded because of alignment score : 980,816
[2022-04-26 17:47:59.792] [jointLog] [info] Number of fragments discarded because they are best-mapped to decoys : 0
[2022-04-26 17:47:59.792] [jointLog] [info] Number of fragments discarded because they have only dovetail (discordant) mappings to valid targets : 19,281,080
[2022-04-26 17:47:59.792] [jointLog] [info] Mapping rate = 95.8879%

[2022-04-26 17:47:59.792] [jointLog] [info] finished quantifyLibrary()
[2022-04-26 17:47:59.794] [jointLog] [info] Starting optimizer
[2022-04-26 17:47:59.830] [jointLog] [info] Marked 0 weighted equivalence classes as degenerate
[2022-04-26 17:47:59.840] [jointLog] [info] iteration = 0 | max rel diff. = 5134.18
[2022-04-26 17:48:00.160] [jointLog] [info] iteration = 100 | max rel diff. = 7.77006
[2022-04-26 17:48:00.428] [jointLog] [info] iteration = 200 | max rel diff. = 3.13287
[2022-04-26 17:48:00.697] [jointLog] [info] iteration = 300 | max rel diff. = 0.107767
[2022-04-26 17:48:00.965] [jointLog] [info] iteration = 400 | max rel diff. = 0.298262
[2022-04-26 17:48:01.232] [jointLog] [info] iteration = 500 | max rel diff. = 0.0189098
[2022-04-26 17:48:01.499] [jointLog] [info] iteration = 600 | max rel diff. = 0.0830823
[2022-04-26 17:48:01.772] [jointLog] [info] iteration = 700 | max rel diff. = 1.27292
[2022-04-26 17:48:02.045] [jointLog] [info] iteration = 800 | max rel diff. = 0.014799
[2022-04-26 17:48:02.313] [jointLog] [info] iteration = 900 | max rel diff. = 0.0209148
[2022-04-26 17:48:02.581] [jointLog] [info] iteration = 1,000 | max rel diff. = 0.0477812
[2022-04-26 17:48:02.809] [jointLog] [info] iteration = 1,086 | max rel diff. = 0.0086166
[2022-04-26 17:48:02.816] [jointLog] [info] Finished optimizer
[2022-04-26 17:48:02.816] [jointLog] [info] writing output 

