[2022-04-26 18:16:40.325] [jointLog] [info] setting maxHashResizeThreads to 40
[2022-04-26 18:16:40.325] [jointLog] [info] Fragment incompatibility prior below threshold.  Incompatible fragments will be ignored.
[2022-04-26 18:16:40.325] [jointLog] [info] Usage of --validateMappings implies use of minScoreFraction. Since not explicitly specified, it is being set to 0.65
[2022-04-26 18:16:40.325] [jointLog] [info] Setting consensusSlack to selective-alignment default of 0.35.
[2022-04-26 18:16:40.325] [jointLog] [info] parsing read library format
[2022-04-26 18:16:40.325] [jointLog] [info] There is 1 library.
[2022-04-26 18:16:40.326] [jointLog] [info] Loading pufferfish index
[2022-04-26 18:16:40.326] [jointLog] [info] Loading dense pufferfish index.
[2022-04-26 18:16:40.638] [jointLog] [info] done
[2022-04-26 18:16:40.689] [jointLog] [info] Index contained 40,812 targets
[2022-04-26 18:16:40.699] [jointLog] [info] Number of decoys : 0
[2022-04-26 18:16:41.239] [jointLog] [info] Automatically detected most likely library type as ISR

[2022-04-26 18:19:24.693] [jointLog] [info] Thread saw mini-batch with a maximum of 0.60% zero probability fragments
[2022-04-26 18:19:24.693] [jointLog] [info] Thread saw mini-batch with a maximum of 0.60% zero probability fragments
[2022-04-26 18:19:24.693] [jointLog] [info] Thread saw mini-batch with a maximum of 0.56% zero probability fragments
[2022-04-26 18:19:24.693] [jointLog] [info] Thread saw mini-batch with a maximum of 0.70% zero probability fragments
[2022-04-26 18:19:24.693] [jointLog] [info] Thread saw mini-batch with a maximum of 0.58% zero probability fragments
[2022-04-26 18:19:24.693] [jointLog] [info] Thread saw mini-batch with a maximum of 0.58% zero probability fragments
[2022-04-26 18:19:24.693] [jointLog] [info] Thread saw mini-batch with a maximum of 0.62% zero probability fragments
[2022-04-26 18:19:24.693] [jointLog] [info] Thread saw mini-batch with a maximum of 0.60% zero probability fragments
[2022-04-26 18:19:24.693] [jointLog] [info] Thread saw mini-batch with a maximum of 0.60% zero probability fragments
[2022-04-26 18:19:24.693] [jointLog] [info] Thread saw mini-batch with a maximum of 0.62% zero probability fragments
[2022-04-26 18:19:24.693] [jointLog] [info] Thread saw mini-batch with a maximum of 0.62% zero probability fragments
[2022-04-26 18:19:24.693] [jointLog] [info] Thread saw mini-batch with a maximum of 0.56% zero probability fragments
[2022-04-26 18:19:24.693] [jointLog] [info] Thread saw mini-batch with a maximum of 0.56% zero probability fragments
[2022-04-26 18:19:24.693] [jointLog] [info] Thread saw mini-batch with a maximum of 0.62% zero probability fragments
[2022-04-26 18:19:24.694] [jointLog] [info] Thread saw mini-batch with a maximum of 0.62% zero probability fragments
[2022-04-26 18:19:24.694] [jointLog] [info] Thread saw mini-batch with a maximum of 0.58% zero probability fragments
[2022-04-26 18:19:24.696] [jointLog] [info] Thread saw mini-batch with a maximum of 0.54% zero probability fragments
[2022-04-26 18:19:24.698] [jointLog] [info] Thread saw mini-batch with a maximum of 0.72% zero probability fragments
[2022-04-26 18:19:24.698] [jointLog] [info] Thread saw mini-batch with a maximum of 0.60% zero probability fragments
[2022-04-26 18:19:24.698] [jointLog] [info] Thread saw mini-batch with a maximum of 0.60% zero probability fragments
[2022-04-26 18:19:24.698] [jointLog] [info] Thread saw mini-batch with a maximum of 0.64% zero probability fragments
[2022-04-26 18:19:24.698] [jointLog] [info] Thread saw mini-batch with a maximum of 0.56% zero probability fragments
[2022-04-26 18:19:24.698] [jointLog] [info] Thread saw mini-batch with a maximum of 0.58% zero probability fragments
[2022-04-26 18:19:24.698] [jointLog] [info] Thread saw mini-batch with a maximum of 0.50% zero probability fragments
[2022-04-26 18:19:24.699] [jointLog] [info] Thread saw mini-batch with a maximum of 0.56% zero probability fragments
[2022-04-26 18:19:24.699] [jointLog] [info] Thread saw mini-batch with a maximum of 0.54% zero probability fragments
[2022-04-26 18:19:24.699] [jointLog] [info] Thread saw mini-batch with a maximum of 0.62% zero probability fragments
[2022-04-26 18:19:24.699] [jointLog] [info] Thread saw mini-batch with a maximum of 0.54% zero probability fragments
[2022-04-26 18:19:24.699] [jointLog] [info] Thread saw mini-batch with a maximum of 0.64% zero probability fragments
[2022-04-26 18:19:24.699] [jointLog] [info] Thread saw mini-batch with a maximum of 0.54% zero probability fragments
[2022-04-26 18:19:24.699] [jointLog] [info] Thread saw mini-batch with a maximum of 0.54% zero probability fragments
[2022-04-26 18:19:24.701] [jointLog] [info] Thread saw mini-batch with a maximum of 0.56% zero probability fragments
[2022-04-26 18:19:24.702] [jointLog] [info] Thread saw mini-batch with a maximum of 0.58% zero probability fragments
[2022-04-26 18:19:24.702] [jointLog] [info] Thread saw mini-batch with a maximum of 0.62% zero probability fragments
[2022-04-26 18:19:24.702] [jointLog] [info] Thread saw mini-batch with a maximum of 0.64% zero probability fragments
[2022-04-26 18:19:24.702] [jointLog] [info] Thread saw mini-batch with a maximum of 0.56% zero probability fragments
[2022-04-26 18:19:24.721] [jointLog] [info] Thread saw mini-batch with a maximum of 0.60% zero probability fragments
[2022-04-26 18:19:24.740] [jointLog] [info] Thread saw mini-batch with a maximum of 0.52% zero probability fragments
[2022-04-26 18:19:24.754] [jointLog] [info] Thread saw mini-batch with a maximum of 0.56% zero probability fragments
[2022-04-26 18:19:24.767] [jointLog] [info] Thread saw mini-batch with a maximum of 0.58% zero probability fragments
[2022-04-26 18:19:24.996] [jointLog] [info] Computed 56,594 rich equivalence classes for further processing
[2022-04-26 18:19:24.996] [jointLog] [info] Counted 41,797,925 total reads in the equivalence classes 
[2022-04-26 18:19:25.016] [jointLog] [warning] 0.000288036% of fragments were shorter than the k used to build the index.
If this fraction is too large, consider re-building the index with a smaller k.
The minimum read size found was 30.


[2022-04-26 18:19:25.016] [jointLog] [info] Number of mappings discarded because of alignment score : 13,212,471
[2022-04-26 18:19:25.016] [jointLog] [info] Number of fragments entirely discarded because of alignment score : 868,448
[2022-04-26 18:19:25.016] [jointLog] [info] Number of fragments discarded because they are best-mapped to decoys : 0
[2022-04-26 18:19:25.016] [jointLog] [info] Number of fragments discarded because they have only dovetail (discordant) mappings to valid targets : 16,103,892
[2022-04-26 18:19:25.016] [jointLog] [info] Mapping rate = 95.5499%

[2022-04-26 18:19:25.016] [jointLog] [info] finished quantifyLibrary()
[2022-04-26 18:19:25.018] [jointLog] [info] Starting optimizer
[2022-04-26 18:19:24.996] [fileLog] [info] 
At end of round 0
==================
Observed 43744602 total fragments (43744602 in most recent round)

[2022-04-26 18:19:25.053] [jointLog] [info] Marked 0 weighted equivalence classes as degenerate
[2022-04-26 18:19:25.060] [jointLog] [info] iteration = 0 | max rel diff. = 16390
[2022-04-26 18:19:25.356] [jointLog] [info] iteration = 100 | max rel diff. = 16.8578
[2022-04-26 18:19:25.627] [jointLog] [info] iteration = 200 | max rel diff. = 0.891353
[2022-04-26 18:19:25.895] [jointLog] [info] iteration = 300 | max rel diff. = 0.496073
[2022-04-26 18:19:26.162] [jointLog] [info] iteration = 400 | max rel diff. = 0.549138
[2022-04-26 18:19:26.429] [jointLog] [info] iteration = 500 | max rel diff. = 0.262601
[2022-04-26 18:19:26.698] [jointLog] [info] iteration = 600 | max rel diff. = 0.0263517
[2022-04-26 18:19:26.965] [jointLog] [info] iteration = 700 | max rel diff. = 0.0296939
[2022-04-26 18:19:27.233] [jointLog] [info] iteration = 800 | max rel diff. = 0.135117
[2022-04-26 18:19:27.502] [jointLog] [info] iteration = 900 | max rel diff. = 0.469128
[2022-04-26 18:19:27.684] [jointLog] [info] iteration = 969 | max rel diff. = 0.00789778
[2022-04-26 18:19:27.690] [jointLog] [info] Finished optimizer
[2022-04-26 18:19:27.690] [jointLog] [info] writing output 

