[2022-04-26 18:40:19.636] [jointLog] [info] setting maxHashResizeThreads to 40
[2022-04-26 18:40:19.636] [jointLog] [info] Fragment incompatibility prior below threshold.  Incompatible fragments will be ignored.
[2022-04-26 18:40:19.636] [jointLog] [info] Usage of --validateMappings implies use of minScoreFraction. Since not explicitly specified, it is being set to 0.65
[2022-04-26 18:40:19.636] [jointLog] [info] Setting consensusSlack to selective-alignment default of 0.35.
[2022-04-26 18:40:19.636] [jointLog] [info] parsing read library format
[2022-04-26 18:40:19.636] [jointLog] [info] There is 1 library.
[2022-04-26 18:40:19.637] [jointLog] [info] Loading pufferfish index
[2022-04-26 18:40:19.637] [jointLog] [info] Loading dense pufferfish index.
[2022-04-26 18:40:19.986] [jointLog] [info] done
[2022-04-26 18:40:20.041] [jointLog] [info] Index contained 40,812 targets
[2022-04-26 18:40:20.052] [jointLog] [info] Number of decoys : 0
[2022-04-26 18:40:20.692] [jointLog] [info] Automatically detected most likely library type as ISR

[2022-04-26 18:43:21.359] [jointLog] [info] Thread saw mini-batch with a maximum of 1.34% zero probability fragments
[2022-04-26 18:43:21.359] [jointLog] [info] Thread saw mini-batch with a maximum of 1.46% zero probability fragments
[2022-04-26 18:43:21.359] [jointLog] [info] Thread saw mini-batch with a maximum of 1.30% zero probability fragments
[2022-04-26 18:43:21.359] [jointLog] [info] Thread saw mini-batch with a maximum of 1.42% zero probability fragments
[2022-04-26 18:43:21.359] [jointLog] [info] Thread saw mini-batch with a maximum of 1.40% zero probability fragments
[2022-04-26 18:43:21.359] [jointLog] [info] Thread saw mini-batch with a maximum of 1.42% zero probability fragments
[2022-04-26 18:43:21.359] [jointLog] [info] Thread saw mini-batch with a maximum of 1.46% zero probability fragments
[2022-04-26 18:43:21.359] [jointLog] [info] Thread saw mini-batch with a maximum of 1.36% zero probability fragments
[2022-04-26 18:43:21.359] [jointLog] [info] Thread saw mini-batch with a maximum of 1.30% zero probability fragments
[2022-04-26 18:43:21.359] [jointLog] [info] Thread saw mini-batch with a maximum of 1.34% zero probability fragments
[2022-04-26 18:43:21.359] [jointLog] [info] Thread saw mini-batch with a maximum of 1.66% zero probability fragments
[2022-04-26 18:43:21.359] [jointLog] [info] Thread saw mini-batch with a maximum of 1.40% zero probability fragments
[2022-04-26 18:43:21.359] [jointLog] [info] Thread saw mini-batch with a maximum of 1.34% zero probability fragments
[2022-04-26 18:43:21.359] [jointLog] [info] Thread saw mini-batch with a maximum of 1.52% zero probability fragments
[2022-04-26 18:43:21.360] [jointLog] [info] Thread saw mini-batch with a maximum of 1.48% zero probability fragments
[2022-04-26 18:43:21.360] [jointLog] [info] Thread saw mini-batch with a maximum of 1.56% zero probability fragments
[2022-04-26 18:43:21.360] [jointLog] [info] Thread saw mini-batch with a maximum of 1.42% zero probability fragments
[2022-04-26 18:43:21.360] [jointLog] [info] Thread saw mini-batch with a maximum of 1.34% zero probability fragments
[2022-04-26 18:43:21.360] [jointLog] [info] Thread saw mini-batch with a maximum of 1.42% zero probability fragments
[2022-04-26 18:43:21.360] [jointLog] [info] Thread saw mini-batch with a maximum of 1.40% zero probability fragments
[2022-04-26 18:43:21.361] [jointLog] [info] Thread saw mini-batch with a maximum of 1.46% zero probability fragments
[2022-04-26 18:43:21.363] [jointLog] [info] Thread saw mini-batch with a maximum of 1.42% zero probability fragments
[2022-04-26 18:43:21.364] [jointLog] [info] Thread saw mini-batch with a maximum of 1.32% zero probability fragments
[2022-04-26 18:43:21.364] [jointLog] [info] Thread saw mini-batch with a maximum of 1.30% zero probability fragments
[2022-04-26 18:43:21.364] [jointLog] [info] Thread saw mini-batch with a maximum of 1.30% zero probability fragments
[2022-04-26 18:43:21.364] [jointLog] [info] Thread saw mini-batch with a maximum of 1.38% zero probability fragments
[2022-04-26 18:43:21.364] [jointLog] [info] Thread saw mini-batch with a maximum of 1.48% zero probability fragments
[2022-04-26 18:43:21.364] [jointLog] [info] Thread saw mini-batch with a maximum of 1.38% zero probability fragments
[2022-04-26 18:43:21.365] [jointLog] [info] Thread saw mini-batch with a maximum of 1.32% zero probability fragments
[2022-04-26 18:43:21.365] [jointLog] [info] Thread saw mini-batch with a maximum of 1.40% zero probability fragments
[2022-04-26 18:43:21.365] [jointLog] [info] Thread saw mini-batch with a maximum of 1.40% zero probability fragments
[2022-04-26 18:43:21.365] [jointLog] [info] Thread saw mini-batch with a maximum of 1.44% zero probability fragments
[2022-04-26 18:43:21.365] [jointLog] [info] Thread saw mini-batch with a maximum of 1.60% zero probability fragments
[2022-04-26 18:43:21.365] [jointLog] [info] Thread saw mini-batch with a maximum of 1.42% zero probability fragments
[2022-04-26 18:43:21.367] [jointLog] [info] Thread saw mini-batch with a maximum of 1.40% zero probability fragments
[2022-04-26 18:43:21.369] [jointLog] [info] Thread saw mini-batch with a maximum of 1.40% zero probability fragments
[2022-04-26 18:43:21.390] [jointLog] [info] Thread saw mini-batch with a maximum of 1.36% zero probability fragments
[2022-04-26 18:43:21.407] [jointLog] [info] Thread saw mini-batch with a maximum of 1.46% zero probability fragments
[2022-04-26 18:43:21.424] [jointLog] [info] Thread saw mini-batch with a maximum of 1.58% zero probability fragments
[2022-04-26 18:43:21.425] [jointLog] [info] Thread saw mini-batch with a maximum of 1.42% zero probability fragments
[2022-04-26 18:43:21.648] [jointLog] [info] Computed 55,729 rich equivalence classes for further processing
[2022-04-26 18:43:21.648] [jointLog] [info] Counted 46,176,449 total reads in the equivalence classes 
[2022-04-26 18:43:21.668] [jointLog] [warning] 0.000354537% of fragments were shorter than the k used to build the index.
If this fraction is too large, consider re-building the index with a smaller k.
The minimum read size found was 30.


[2022-04-26 18:43:21.668] [jointLog] [info] Number of mappings discarded because of alignment score : 10,856,705
[2022-04-26 18:43:21.668] [jointLog] [info] Number of fragments entirely discarded because of alignment score : 890,293
[2022-04-26 18:43:21.668] [jointLog] [info] Number of fragments discarded because they are best-mapped to decoys : 0
[2022-04-26 18:43:21.668] [jointLog] [info] Number of fragments discarded because they have only dovetail (discordant) mappings to valid targets : 18,769,606
[2022-04-26 18:43:21.668] [jointLog] [info] Mapping rate = 95.1818%

[2022-04-26 18:43:21.668] [jointLog] [info] finished quantifyLibrary()
[2022-04-26 18:43:21.670] [jointLog] [info] Starting optimizer
[2022-04-26 18:43:21.707] [jointLog] [info] Marked 0 weighted equivalence classes as degenerate
[2022-04-26 18:43:21.715] [jointLog] [info] iteration = 0 | max rel diff. = 8370.85
[2022-04-26 18:43:21.649] [fileLog] [info] 
At end of round 0
==================
Observed 48513942 total fragments (48513942 in most recent round)

[2022-04-26 18:43:22.036] [jointLog] [info] iteration = 100 | max rel diff. = 18.2736
[2022-04-26 18:43:22.309] [jointLog] [info] iteration = 200 | max rel diff. = 11.4714
[2022-04-26 18:43:22.582] [jointLog] [info] iteration = 300 | max rel diff. = 0.0875934
[2022-04-26 18:43:22.855] [jointLog] [info] iteration = 400 | max rel diff. = 5.56274
[2022-04-26 18:43:23.121] [jointLog] [info] iteration = 500 | max rel diff. = 0.0485037
[2022-04-26 18:43:23.388] [jointLog] [info] iteration = 600 | max rel diff. = 0.0599395
[2022-04-26 18:43:23.655] [jointLog] [info] iteration = 700 | max rel diff. = 0.160485
[2022-04-26 18:43:23.698] [jointLog] [info] iteration = 717 | max rel diff. = 0.00932278
[2022-04-26 18:43:23.704] [jointLog] [info] Finished optimizer
[2022-04-26 18:43:23.704] [jointLog] [info] writing output 

