[2022-04-26 16:28:02.775] [jointLog] [info] setting maxHashResizeThreads to 40
[2022-04-26 16:28:02.775] [jointLog] [info] Fragment incompatibility prior below threshold.  Incompatible fragments will be ignored.
[2022-04-26 16:28:02.775] [jointLog] [info] Usage of --validateMappings implies use of minScoreFraction. Since not explicitly specified, it is being set to 0.65
[2022-04-26 16:28:02.775] [jointLog] [info] Setting consensusSlack to selective-alignment default of 0.35.
[2022-04-26 16:28:02.775] [jointLog] [info] parsing read library format
[2022-04-26 16:28:02.775] [jointLog] [info] There is 1 library.
[2022-04-26 16:28:02.776] [jointLog] [info] Loading pufferfish index
[2022-04-26 16:28:02.776] [jointLog] [info] Loading dense pufferfish index.
[2022-04-26 16:28:03.083] [jointLog] [info] done
[2022-04-26 16:28:03.132] [jointLog] [info] Index contained 40,812 targets
[2022-04-26 16:28:03.142] [jointLog] [info] Number of decoys : 0
[2022-04-26 16:28:03.799] [jointLog] [info] Automatically detected most likely library type as ISR

[2022-04-26 16:31:12.521] [jointLog] [info] Thread saw mini-batch with a maximum of 0.48% zero probability fragments
[2022-04-26 16:31:12.521] [jointLog] [info] Thread saw mini-batch with a maximum of 0.46% zero probability fragments
[2022-04-26 16:31:12.521] [jointLog] [info] Thread saw mini-batch with a maximum of 0.42% zero probability fragments
[2022-04-26 16:31:12.521] [jointLog] [info] Thread saw mini-batch with a maximum of 0.48% zero probability fragments
[2022-04-26 16:31:12.521] [jointLog] [info] Thread saw mini-batch with a maximum of 0.44% zero probability fragments
[2022-04-26 16:31:12.521] [jointLog] [info] Thread saw mini-batch with a maximum of 0.38% zero probability fragments
[2022-04-26 16:31:12.521] [jointLog] [info] Thread saw mini-batch with a maximum of 0.52% zero probability fragments
[2022-04-26 16:31:12.521] [jointLog] [info] Thread saw mini-batch with a maximum of 0.40% zero probability fragments
[2022-04-26 16:31:12.521] [jointLog] [info] Thread saw mini-batch with a maximum of 0.44% zero probability fragments
[2022-04-26 16:31:12.521] [jointLog] [info] Thread saw mini-batch with a maximum of 0.36% zero probability fragments
[2022-04-26 16:31:12.521] [jointLog] [info] Thread saw mini-batch with a maximum of 0.40% zero probability fragments
[2022-04-26 16:31:12.521] [jointLog] [info] Thread saw mini-batch with a maximum of 0.42% zero probability fragments
[2022-04-26 16:31:12.521] [jointLog] [info] Thread saw mini-batch with a maximum of 0.42% zero probability fragments
[2022-04-26 16:31:12.521] [jointLog] [info] Thread saw mini-batch with a maximum of 0.50% zero probability fragments
[2022-04-26 16:31:12.521] [jointLog] [info] Thread saw mini-batch with a maximum of 0.40% zero probability fragments
[2022-04-26 16:31:12.521] [jointLog] [info] Thread saw mini-batch with a maximum of 0.42% zero probability fragments
[2022-04-26 16:31:12.521] [jointLog] [info] Thread saw mini-batch with a maximum of 0.42% zero probability fragments
[2022-04-26 16:31:12.521] [jointLog] [info] Thread saw mini-batch with a maximum of 0.40% zero probability fragments
[2022-04-26 16:31:12.521] [jointLog] [info] Thread saw mini-batch with a maximum of 0.42% zero probability fragments
[2022-04-26 16:31:12.521] [jointLog] [info] Thread saw mini-batch with a maximum of 0.46% zero probability fragments
[2022-04-26 16:31:12.521] [jointLog] [info] Thread saw mini-batch with a maximum of 0.40% zero probability fragments
[2022-04-26 16:31:12.521] [jointLog] [info] Thread saw mini-batch with a maximum of 0.44% zero probability fragments
[2022-04-26 16:31:12.521] [jointLog] [info] Thread saw mini-batch with a maximum of 0.40% zero probability fragments
[2022-04-26 16:31:12.521] [jointLog] [info] Thread saw mini-batch with a maximum of 0.40% zero probability fragments
[2022-04-26 16:31:12.521] [jointLog] [info] Thread saw mini-batch with a maximum of 0.42% zero probability fragments
[2022-04-26 16:31:12.522] [jointLog] [info] Thread saw mini-batch with a maximum of 0.46% zero probability fragments
[2022-04-26 16:31:12.522] [jointLog] [info] Thread saw mini-batch with a maximum of 0.44% zero probability fragments
[2022-04-26 16:31:12.522] [jointLog] [info] Thread saw mini-batch with a maximum of 0.38% zero probability fragments
[2022-04-26 16:31:12.522] [jointLog] [info] Thread saw mini-batch with a maximum of 0.40% zero probability fragments
[2022-04-26 16:31:12.522] [jointLog] [info] Thread saw mini-batch with a maximum of 0.42% zero probability fragments
[2022-04-26 16:31:12.522] [jointLog] [info] Thread saw mini-batch with a maximum of 0.36% zero probability fragments
[2022-04-26 16:31:12.525] [jointLog] [info] Thread saw mini-batch with a maximum of 0.46% zero probability fragments
[2022-04-26 16:31:12.525] [jointLog] [info] Thread saw mini-batch with a maximum of 0.42% zero probability fragments
[2022-04-26 16:31:12.525] [jointLog] [info] Thread saw mini-batch with a maximum of 0.42% zero probability fragments
[2022-04-26 16:31:12.535] [jointLog] [info] Thread saw mini-batch with a maximum of 0.38% zero probability fragments
[2022-04-26 16:31:12.549] [jointLog] [info] Thread saw mini-batch with a maximum of 0.44% zero probability fragments
[2022-04-26 16:31:12.552] [jointLog] [info] Thread saw mini-batch with a maximum of 0.38% zero probability fragments
[2022-04-26 16:31:12.580] [jointLog] [info] Thread saw mini-batch with a maximum of 0.46% zero probability fragments
[2022-04-26 16:31:12.582] [jointLog] [info] Thread saw mini-batch with a maximum of 0.42% zero probability fragments
[2022-04-26 16:31:12.636] [jointLog] [info] Thread saw mini-batch with a maximum of 0.48% zero probability fragments
[2022-04-26 16:31:12.841] [jointLog] [info] Computed 56,736 rich equivalence classes for further processing
[2022-04-26 16:31:12.841] [jointLog] [info] Counted 55,866,593 total reads in the equivalence classes 
[2022-04-26 16:31:12.863] [jointLog] [warning] 0.000295241% of fragments were shorter than the k used to build the index.
If this fraction is too large, consider re-building the index with a smaller k.
The minimum read size found was 30.


[2022-04-26 16:31:12.863] [jointLog] [info] Number of mappings discarded because of alignment score : 15,429,668
[2022-04-26 16:31:12.863] [jointLog] [info] Number of fragments entirely discarded because of alignment score : 1,005,706
[2022-04-26 16:31:12.863] [jointLog] [info] Number of fragments discarded because they are best-mapped to decoys : 0
[2022-04-26 16:31:12.863] [jointLog] [info] Number of fragments discarded because they have only dovetail (discordant) mappings to valid targets : 22,041,594
[2022-04-26 16:31:12.863] [jointLog] [info] Mapping rate = 96.4567%

[2022-04-26 16:31:12.864] [jointLog] [info] finished quantifyLibrary()
[2022-04-26 16:31:12.865] [jointLog] [info] Starting optimizer
[2022-04-26 16:31:12.903] [jointLog] [info] Marked 0 weighted equivalence classes as degenerate
[2022-04-26 16:31:12.913] [jointLog] [info] iteration = 0 | max rel diff. = 488.009
[2022-04-26 16:31:12.842] [fileLog] [info] 
At end of round 0
==================
Observed 57918814 total fragments (57918814 in most recent round)

[2022-04-26 16:31:13.187] [jointLog] [info] iteration = 100 | max rel diff. = 3.87004
[2022-04-26 16:31:13.428] [jointLog] [info] iteration = 200 | max rel diff. = 8.91245
[2022-04-26 16:31:13.665] [jointLog] [info] iteration = 300 | max rel diff. = 0.449603
[2022-04-26 16:31:13.901] [jointLog] [info] iteration = 400 | max rel diff. = 0.0785781
[2022-04-26 16:31:14.137] [jointLog] [info] iteration = 500 | max rel diff. = 0.0270646
[2022-04-26 16:31:14.373] [jointLog] [info] iteration = 600 | max rel diff. = 0.02266
[2022-04-26 16:31:14.609] [jointLog] [info] iteration = 700 | max rel diff. = 0.0221833
[2022-04-26 16:31:14.846] [jointLog] [info] iteration = 800 | max rel diff. = 3.37758
[2022-04-26 16:31:14.848] [jointLog] [info] iteration = 802 | max rel diff. = 0.00596117
[2022-04-26 16:31:14.852] [jointLog] [info] Finished optimizer
[2022-04-26 16:31:14.852] [jointLog] [info] writing output 

