[2022-04-26 17:38:30.970] [jointLog] [info] setting maxHashResizeThreads to 40
[2022-04-26 17:38:30.970] [jointLog] [info] Fragment incompatibility prior below threshold.  Incompatible fragments will be ignored.
[2022-04-26 17:38:30.970] [jointLog] [info] Usage of --validateMappings implies use of minScoreFraction. Since not explicitly specified, it is being set to 0.65
[2022-04-26 17:38:30.971] [jointLog] [info] Setting consensusSlack to selective-alignment default of 0.35.
[2022-04-26 17:38:30.971] [jointLog] [info] parsing read library format
[2022-04-26 17:38:30.971] [jointLog] [info] There is 1 library.
[2022-04-26 17:38:30.972] [jointLog] [info] Loading pufferfish index
[2022-04-26 17:38:30.972] [jointLog] [info] Loading dense pufferfish index.
[2022-04-26 17:38:31.293] [jointLog] [info] done
[2022-04-26 17:38:31.352] [jointLog] [info] Index contained 40,812 targets
[2022-04-26 17:38:31.370] [jointLog] [info] Number of decoys : 0
[2022-04-26 17:38:31.927] [jointLog] [info] Automatically detected most likely library type as ISR

[2022-04-26 17:41:00.853] [jointLog] [info] Thread saw mini-batch with a maximum of 0.48% zero probability fragments
[2022-04-26 17:41:00.854] [jointLog] [info] Thread saw mini-batch with a maximum of 0.52% zero probability fragments
[2022-04-26 17:41:00.854] [jointLog] [info] Thread saw mini-batch with a maximum of 0.52% zero probability fragments
[2022-04-26 17:41:00.854] [jointLog] [info] Thread saw mini-batch with a maximum of 0.48% zero probability fragments
[2022-04-26 17:41:00.854] [jointLog] [info] Thread saw mini-batch with a maximum of 0.50% zero probability fragments
[2022-04-26 17:41:00.854] [jointLog] [info] Thread saw mini-batch with a maximum of 0.52% zero probability fragments
[2022-04-26 17:41:00.854] [jointLog] [info] Thread saw mini-batch with a maximum of 0.52% zero probability fragments
[2022-04-26 17:41:00.854] [jointLog] [info] Thread saw mini-batch with a maximum of 0.46% zero probability fragments
[2022-04-26 17:41:00.854] [jointLog] [info] Thread saw mini-batch with a maximum of 0.50% zero probability fragments
[2022-04-26 17:41:00.854] [jointLog] [info] Thread saw mini-batch with a maximum of 0.48% zero probability fragments
[2022-04-26 17:41:00.854] [jointLog] [info] Thread saw mini-batch with a maximum of 0.48% zero probability fragments
[2022-04-26 17:41:00.854] [jointLog] [info] Thread saw mini-batch with a maximum of 0.52% zero probability fragments
[2022-04-26 17:41:00.854] [jointLog] [info] Thread saw mini-batch with a maximum of 0.54% zero probability fragments
[2022-04-26 17:41:00.856] [jointLog] [info] Thread saw mini-batch with a maximum of 0.40% zero probability fragments
[2022-04-26 17:41:00.856] [jointLog] [info] Thread saw mini-batch with a maximum of 0.56% zero probability fragments
[2022-04-26 17:41:00.857] [jointLog] [info] Thread saw mini-batch with a maximum of 0.40% zero probability fragments
[2022-04-26 17:41:00.858] [jointLog] [info] Thread saw mini-batch with a maximum of 0.46% zero probability fragments
[2022-04-26 17:41:00.858] [jointLog] [info] Thread saw mini-batch with a maximum of 0.48% zero probability fragments
[2022-04-26 17:41:00.858] [jointLog] [info] Thread saw mini-batch with a maximum of 0.52% zero probability fragments
[2022-04-26 17:41:00.858] [jointLog] [info] Thread saw mini-batch with a maximum of 0.44% zero probability fragments
[2022-04-26 17:41:00.859] [jointLog] [info] Thread saw mini-batch with a maximum of 0.50% zero probability fragments
[2022-04-26 17:41:00.859] [jointLog] [info] Thread saw mini-batch with a maximum of 0.48% zero probability fragments
[2022-04-26 17:41:00.859] [jointLog] [info] Thread saw mini-batch with a maximum of 0.44% zero probability fragments
[2022-04-26 17:41:00.859] [jointLog] [info] Thread saw mini-batch with a maximum of 0.56% zero probability fragments
[2022-04-26 17:41:00.859] [jointLog] [info] Thread saw mini-batch with a maximum of 0.54% zero probability fragments
[2022-04-26 17:41:00.860] [jointLog] [info] Thread saw mini-batch with a maximum of 0.42% zero probability fragments
[2022-04-26 17:41:00.860] [jointLog] [info] Thread saw mini-batch with a maximum of 0.50% zero probability fragments
[2022-04-26 17:41:00.860] [jointLog] [info] Thread saw mini-batch with a maximum of 0.42% zero probability fragments
[2022-04-26 17:41:00.863] [jointLog] [info] Thread saw mini-batch with a maximum of 0.42% zero probability fragments
[2022-04-26 17:41:00.863] [jointLog] [info] Thread saw mini-batch with a maximum of 0.46% zero probability fragments
[2022-04-26 17:41:00.863] [jointLog] [info] Thread saw mini-batch with a maximum of 0.56% zero probability fragments
[2022-04-26 17:41:00.864] [jointLog] [info] Thread saw mini-batch with a maximum of 0.42% zero probability fragments
[2022-04-26 17:41:00.864] [jointLog] [info] Thread saw mini-batch with a maximum of 0.50% zero probability fragments
[2022-04-26 17:41:00.864] [jointLog] [info] Thread saw mini-batch with a maximum of 0.42% zero probability fragments
[2022-04-26 17:41:00.864] [jointLog] [info] Thread saw mini-batch with a maximum of 0.46% zero probability fragments
[2022-04-26 17:41:00.898] [jointLog] [info] Thread saw mini-batch with a maximum of 0.50% zero probability fragments
[2022-04-26 17:41:00.911] [jointLog] [info] Thread saw mini-batch with a maximum of 0.46% zero probability fragments
[2022-04-26 17:41:00.914] [jointLog] [info] Thread saw mini-batch with a maximum of 0.46% zero probability fragments
[2022-04-26 17:41:00.929] [jointLog] [info] Thread saw mini-batch with a maximum of 0.48% zero probability fragments
[2022-04-26 17:41:00.940] [jointLog] [info] Thread saw mini-batch with a maximum of 0.50% zero probability fragments
[2022-04-26 17:41:01.146] [jointLog] [info] Computed 53,184 rich equivalence classes for further processing
[2022-04-26 17:41:01.146] [jointLog] [info] Counted 39,098,879 total reads in the equivalence classes 
[2022-04-26 17:41:01.167] [jointLog] [warning] 0.000364441% of fragments were shorter than the k used to build the index.
If this fraction is too large, consider re-building the index with a smaller k.
The minimum read size found was 30.


[2022-04-26 17:41:01.167] [jointLog] [info] Number of mappings discarded because of alignment score : 10,537,257
[2022-04-26 17:41:01.167] [jointLog] [info] Number of fragments entirely discarded because of alignment score : 760,260
[2022-04-26 17:41:01.167] [jointLog] [info] Number of fragments discarded because they are best-mapped to decoys : 0
[2022-04-26 17:41:01.167] [jointLog] [info] Number of fragments discarded because they have only dovetail (discordant) mappings to valid targets : 15,416,107
[2022-04-26 17:41:01.167] [jointLog] [info] Mapping rate = 96.2786%

[2022-04-26 17:41:01.167] [jointLog] [info] finished quantifyLibrary()
[2022-04-26 17:41:01.169] [jointLog] [info] Starting optimizer
[2022-04-26 17:41:01.205] [jointLog] [info] Marked 0 weighted equivalence classes as degenerate
[2022-04-26 17:41:01.212] [jointLog] [info] iteration = 0 | max rel diff. = 20449.3
[2022-04-26 17:41:01.147] [fileLog] [info] 
At end of round 0
==================
Observed 40610157 total fragments (40610157 in most recent round)

[2022-04-26 17:41:01.506] [jointLog] [info] iteration = 100 | max rel diff. = 13.6282
[2022-04-26 17:41:01.771] [jointLog] [info] iteration = 200 | max rel diff. = 0.372919
[2022-04-26 17:41:02.036] [jointLog] [info] iteration = 300 | max rel diff. = 0.34243
[2022-04-26 17:41:02.301] [jointLog] [info] iteration = 400 | max rel diff. = 0.158466
[2022-04-26 17:41:02.568] [jointLog] [info] iteration = 500 | max rel diff. = 1.46137
[2022-04-26 17:41:02.714] [jointLog] [info] iteration = 556 | max rel diff. = 0.00922393
[2022-04-26 17:41:02.721] [jointLog] [info] Finished optimizer
[2022-04-26 17:41:02.721] [jointLog] [info] writing output 

