[2022-04-26 16:42:27.969] [jointLog] [info] setting maxHashResizeThreads to 40
[2022-04-26 16:42:27.969] [jointLog] [info] Fragment incompatibility prior below threshold.  Incompatible fragments will be ignored.
[2022-04-26 16:42:27.969] [jointLog] [info] Usage of --validateMappings implies use of minScoreFraction. Since not explicitly specified, it is being set to 0.65
[2022-04-26 16:42:27.969] [jointLog] [info] Setting consensusSlack to selective-alignment default of 0.35.
[2022-04-26 16:42:27.969] [jointLog] [info] parsing read library format
[2022-04-26 16:42:27.969] [jointLog] [info] There is 1 library.
[2022-04-26 16:42:27.970] [jointLog] [info] Loading pufferfish index
[2022-04-26 16:42:27.970] [jointLog] [info] Loading dense pufferfish index.
[2022-04-26 16:42:28.282] [jointLog] [info] done
[2022-04-26 16:42:28.334] [jointLog] [info] Index contained 40,812 targets
[2022-04-26 16:42:28.344] [jointLog] [info] Number of decoys : 0
[2022-04-26 16:42:28.973] [jointLog] [info] Automatically detected most likely library type as ISR

[2022-04-26 16:44:35.350] [jointLog] [info] Thread saw mini-batch with a maximum of 0.56% zero probability fragments
[2022-04-26 16:44:35.350] [jointLog] [info] Thread saw mini-batch with a maximum of 0.40% zero probability fragments
[2022-04-26 16:44:35.350] [jointLog] [info] Thread saw mini-batch with a maximum of 0.38% zero probability fragments
[2022-04-26 16:44:35.350] [jointLog] [info] Thread saw mini-batch with a maximum of 0.42% zero probability fragments
[2022-04-26 16:44:35.350] [jointLog] [info] Thread saw mini-batch with a maximum of 0.42% zero probability fragments
[2022-04-26 16:44:35.350] [jointLog] [info] Thread saw mini-batch with a maximum of 0.40% zero probability fragments
[2022-04-26 16:44:35.350] [jointLog] [info] Thread saw mini-batch with a maximum of 0.44% zero probability fragments
[2022-04-26 16:44:35.350] [jointLog] [info] Thread saw mini-batch with a maximum of 0.38% zero probability fragments
[2022-04-26 16:44:35.350] [jointLog] [info] Thread saw mini-batch with a maximum of 0.40% zero probability fragments
[2022-04-26 16:44:35.350] [jointLog] [info] Thread saw mini-batch with a maximum of 0.40% zero probability fragments
[2022-04-26 16:44:35.350] [jointLog] [info] Thread saw mini-batch with a maximum of 0.42% zero probability fragments
[2022-04-26 16:44:35.351] [jointLog] [info] Thread saw mini-batch with a maximum of 0.42% zero probability fragments
[2022-04-26 16:44:35.351] [jointLog] [info] Thread saw mini-batch with a maximum of 0.40% zero probability fragments
[2022-04-26 16:44:35.351] [jointLog] [info] Thread saw mini-batch with a maximum of 0.42% zero probability fragments
[2022-04-26 16:44:35.351] [jointLog] [info] Thread saw mini-batch with a maximum of 0.36% zero probability fragments
[2022-04-26 16:44:35.351] [jointLog] [info] Thread saw mini-batch with a maximum of 0.42% zero probability fragments
[2022-04-26 16:44:35.351] [jointLog] [info] Thread saw mini-batch with a maximum of 0.48% zero probability fragments
[2022-04-26 16:44:35.351] [jointLog] [info] Thread saw mini-batch with a maximum of 0.38% zero probability fragments
[2022-04-26 16:44:35.351] [jointLog] [info] Thread saw mini-batch with a maximum of 0.38% zero probability fragments
[2022-04-26 16:44:35.351] [jointLog] [info] Thread saw mini-batch with a maximum of 0.40% zero probability fragments
[2022-04-26 16:44:35.351] [jointLog] [info] Thread saw mini-batch with a maximum of 0.42% zero probability fragments
[2022-04-26 16:44:35.351] [jointLog] [info] Thread saw mini-batch with a maximum of 0.40% zero probability fragments
[2022-04-26 16:44:35.351] [jointLog] [info] Thread saw mini-batch with a maximum of 0.40% zero probability fragments
[2022-04-26 16:44:35.351] [jointLog] [info] Thread saw mini-batch with a maximum of 0.36% zero probability fragments
[2022-04-26 16:44:35.351] [jointLog] [info] Thread saw mini-batch with a maximum of 0.48% zero probability fragments
[2022-04-26 16:44:35.351] [jointLog] [info] Thread saw mini-batch with a maximum of 0.42% zero probability fragments
[2022-04-26 16:44:35.351] [jointLog] [info] Thread saw mini-batch with a maximum of 0.40% zero probability fragments
[2022-04-26 16:44:35.351] [jointLog] [info] Thread saw mini-batch with a maximum of 0.38% zero probability fragments
[2022-04-26 16:44:35.351] [jointLog] [info] Thread saw mini-batch with a maximum of 0.38% zero probability fragments
[2022-04-26 16:44:35.351] [jointLog] [info] Thread saw mini-batch with a maximum of 0.50% zero probability fragments
[2022-04-26 16:44:35.351] [jointLog] [info] Thread saw mini-batch with a maximum of 0.44% zero probability fragments
[2022-04-26 16:44:35.351] [jointLog] [info] Thread saw mini-batch with a maximum of 0.42% zero probability fragments
[2022-04-26 16:44:35.351] [jointLog] [info] Thread saw mini-batch with a maximum of 0.40% zero probability fragments
[2022-04-26 16:44:35.351] [jointLog] [info] Thread saw mini-batch with a maximum of 0.44% zero probability fragments
[2022-04-26 16:44:35.363] [jointLog] [info] Thread saw mini-batch with a maximum of 0.44% zero probability fragments
[2022-04-26 16:44:35.371] [jointLog] [info] Thread saw mini-batch with a maximum of 0.40% zero probability fragments
[2022-04-26 16:44:35.385] [jointLog] [info] Thread saw mini-batch with a maximum of 0.40% zero probability fragments
[2022-04-26 16:44:35.395] [jointLog] [info] Thread saw mini-batch with a maximum of 0.42% zero probability fragments
[2022-04-26 16:44:35.412] [jointLog] [info] Thread saw mini-batch with a maximum of 0.42% zero probability fragments
[2022-04-26 16:44:35.423] [jointLog] [info] Thread saw mini-batch with a maximum of 0.36% zero probability fragments
[2022-04-26 16:44:35.639] [jointLog] [info] Computed 54,840 rich equivalence classes for further processing
[2022-04-26 16:44:35.639] [jointLog] [info] Counted 38,411,385 total reads in the equivalence classes 
[2022-04-26 16:44:35.660] [jointLog] [warning] 0.000647868% of fragments were shorter than the k used to build the index.
If this fraction is too large, consider re-building the index with a smaller k.
The minimum read size found was 30.


[2022-04-26 16:44:35.660] [jointLog] [info] Number of mappings discarded because of alignment score : 13,144,918
[2022-04-26 16:44:35.660] [jointLog] [info] Number of fragments entirely discarded because of alignment score : 750,495
[2022-04-26 16:44:35.660] [jointLog] [info] Number of fragments discarded because they are best-mapped to decoys : 0
[2022-04-26 16:44:35.660] [jointLog] [info] Number of fragments discarded because they have only dovetail (discordant) mappings to valid targets : 16,516,523
[2022-04-26 16:44:35.660] [jointLog] [info] Mapping rate = 95.3467%

[2022-04-26 16:44:35.660] [jointLog] [info] finished quantifyLibrary()
[2022-04-26 16:44:35.663] [jointLog] [info] Starting optimizer
[2022-04-26 16:44:35.640] [fileLog] [info] 
At end of round 0
==================
Observed 40286015 total fragments (40286015 in most recent round)

[2022-04-26 16:44:35.701] [jointLog] [info] Marked 0 weighted equivalence classes as degenerate
[2022-04-26 16:44:35.707] [jointLog] [info] iteration = 0 | max rel diff. = 19584.2
[2022-04-26 16:44:36.004] [jointLog] [info] iteration = 100 | max rel diff. = 4.99208
[2022-04-26 16:44:36.278] [jointLog] [info] iteration = 200 | max rel diff. = 0.213761
[2022-04-26 16:44:36.549] [jointLog] [info] iteration = 300 | max rel diff. = 0.124587
[2022-04-26 16:44:36.821] [jointLog] [info] iteration = 400 | max rel diff. = 0.23023
[2022-04-26 16:44:37.092] [jointLog] [info] iteration = 500 | max rel diff. = 0.0364351
[2022-04-26 16:44:37.361] [jointLog] [info] iteration = 600 | max rel diff. = 0.720593
[2022-04-26 16:44:37.628] [jointLog] [info] iteration = 700 | max rel diff. = 0.408971
[2022-04-26 16:44:37.638] [jointLog] [info] iteration = 705 | max rel diff. = 0.00355457
[2022-04-26 16:44:37.643] [jointLog] [info] Finished optimizer
[2022-04-26 16:44:37.643] [jointLog] [info] writing output 

