[2022-04-26 17:36:27.462] [jointLog] [info] setting maxHashResizeThreads to 40
[2022-04-26 17:36:27.462] [jointLog] [info] Fragment incompatibility prior below threshold.  Incompatible fragments will be ignored.
[2022-04-26 17:36:27.462] [jointLog] [info] Usage of --validateMappings implies use of minScoreFraction. Since not explicitly specified, it is being set to 0.65
[2022-04-26 17:36:27.462] [jointLog] [info] Setting consensusSlack to selective-alignment default of 0.35.
[2022-04-26 17:36:27.462] [jointLog] [info] parsing read library format
[2022-04-26 17:36:27.462] [jointLog] [info] There is 1 library.
[2022-04-26 17:36:27.463] [jointLog] [info] Loading pufferfish index
[2022-04-26 17:36:27.463] [jointLog] [info] Loading dense pufferfish index.
[2022-04-26 17:36:27.800] [jointLog] [info] done
[2022-04-26 17:36:27.852] [jointLog] [info] Index contained 40,812 targets
[2022-04-26 17:36:27.864] [jointLog] [info] Number of decoys : 0
[2022-04-26 17:36:28.465] [jointLog] [info] Automatically detected most likely library type as ISR

[2022-04-26 17:38:28.429] [jointLog] [info] Thread saw mini-batch with a maximum of 0.52% zero probability fragments
[2022-04-26 17:38:28.429] [jointLog] [info] Thread saw mini-batch with a maximum of 0.42% zero probability fragments
[2022-04-26 17:38:28.429] [jointLog] [info] Thread saw mini-batch with a maximum of 0.56% zero probability fragments
[2022-04-26 17:38:28.429] [jointLog] [info] Thread saw mini-batch with a maximum of 0.52% zero probability fragments
[2022-04-26 17:38:28.429] [jointLog] [info] Thread saw mini-batch with a maximum of 0.46% zero probability fragments
[2022-04-26 17:38:28.429] [jointLog] [info] Thread saw mini-batch with a maximum of 0.40% zero probability fragments
[2022-04-26 17:38:28.429] [jointLog] [info] Thread saw mini-batch with a maximum of 0.50% zero probability fragments
[2022-04-26 17:38:28.429] [jointLog] [info] Thread saw mini-batch with a maximum of 0.48% zero probability fragments
[2022-04-26 17:38:28.429] [jointLog] [info] Thread saw mini-batch with a maximum of 0.42% zero probability fragments
[2022-04-26 17:38:28.429] [jointLog] [info] Thread saw mini-batch with a maximum of 0.56% zero probability fragments
[2022-04-26 17:38:28.429] [jointLog] [info] Thread saw mini-batch with a maximum of 0.48% zero probability fragments
[2022-04-26 17:38:28.429] [jointLog] [info] Thread saw mini-batch with a maximum of 0.50% zero probability fragments
[2022-04-26 17:38:28.429] [jointLog] [info] Thread saw mini-batch with a maximum of 0.48% zero probability fragments
[2022-04-26 17:38:28.429] [jointLog] [info] Thread saw mini-batch with a maximum of 0.50% zero probability fragments
[2022-04-26 17:38:28.433] [jointLog] [info] Thread saw mini-batch with a maximum of 0.52% zero probability fragments
[2022-04-26 17:38:28.433] [jointLog] [info] Thread saw mini-batch with a maximum of 0.42% zero probability fragments
[2022-04-26 17:38:28.434] [jointLog] [info] Thread saw mini-batch with a maximum of 0.52% zero probability fragments
[2022-04-26 17:38:28.434] [jointLog] [info] Thread saw mini-batch with a maximum of 0.46% zero probability fragments
[2022-04-26 17:38:28.434] [jointLog] [info] Thread saw mini-batch with a maximum of 0.44% zero probability fragments
[2022-04-26 17:38:28.434] [jointLog] [info] Thread saw mini-batch with a maximum of 0.48% zero probability fragments
[2022-04-26 17:38:28.434] [jointLog] [info] Thread saw mini-batch with a maximum of 0.48% zero probability fragments
[2022-04-26 17:38:28.434] [jointLog] [info] Thread saw mini-batch with a maximum of 0.54% zero probability fragments
[2022-04-26 17:38:28.434] [jointLog] [info] Thread saw mini-batch with a maximum of 0.44% zero probability fragments
[2022-04-26 17:38:28.434] [jointLog] [info] Thread saw mini-batch with a maximum of 0.44% zero probability fragments
[2022-04-26 17:38:28.435] [jointLog] [info] Thread saw mini-batch with a maximum of 0.44% zero probability fragments
[2022-04-26 17:38:28.435] [jointLog] [info] Thread saw mini-batch with a maximum of 0.46% zero probability fragments
[2022-04-26 17:38:28.435] [jointLog] [info] Thread saw mini-batch with a maximum of 0.46% zero probability fragments
[2022-04-26 17:38:28.435] [jointLog] [info] Thread saw mini-batch with a maximum of 0.48% zero probability fragments
[2022-04-26 17:38:28.436] [jointLog] [info] Thread saw mini-batch with a maximum of 0.44% zero probability fragments
[2022-04-26 17:38:28.436] [jointLog] [info] Thread saw mini-batch with a maximum of 0.48% zero probability fragments
[2022-04-26 17:38:28.439] [jointLog] [info] Thread saw mini-batch with a maximum of 0.54% zero probability fragments
[2022-04-26 17:38:28.439] [jointLog] [info] Thread saw mini-batch with a maximum of 0.48% zero probability fragments
[2022-04-26 17:38:28.440] [jointLog] [info] Thread saw mini-batch with a maximum of 0.58% zero probability fragments
[2022-04-26 17:38:28.440] [jointLog] [info] Thread saw mini-batch with a maximum of 0.50% zero probability fragments
[2022-04-26 17:38:28.440] [jointLog] [info] Thread saw mini-batch with a maximum of 0.46% zero probability fragments
[2022-04-26 17:38:28.441] [jointLog] [info] Thread saw mini-batch with a maximum of 0.44% zero probability fragments
[2022-04-26 17:38:28.456] [jointLog] [info] Thread saw mini-batch with a maximum of 0.56% zero probability fragments
[2022-04-26 17:38:28.472] [jointLog] [info] Thread saw mini-batch with a maximum of 0.40% zero probability fragments
[2022-04-26 17:38:28.482] [jointLog] [info] Thread saw mini-batch with a maximum of 0.52% zero probability fragments
[2022-04-26 17:38:28.493] [jointLog] [info] Thread saw mini-batch with a maximum of 0.46% zero probability fragments
[2022-04-26 17:38:28.723] [jointLog] [info] Computed 50,650 rich equivalence classes for further processing
[2022-04-26 17:38:28.723] [jointLog] [info] Counted 31,357,946 total reads in the equivalence classes 
[2022-04-26 17:38:28.743] [jointLog] [warning] 0.000319573% of fragments were shorter than the k used to build the index.
If this fraction is too large, consider re-building the index with a smaller k.
The minimum read size found was 30.


[2022-04-26 17:38:28.743] [jointLog] [info] Number of mappings discarded because of alignment score : 9,294,386
[2022-04-26 17:38:28.743] [jointLog] [info] Number of fragments entirely discarded because of alignment score : 592,156
[2022-04-26 17:38:28.743] [jointLog] [info] Number of fragments discarded because they are best-mapped to decoys : 0
[2022-04-26 17:38:28.743] [jointLog] [info] Number of fragments discarded because they have only dovetail (discordant) mappings to valid targets : 13,027,985
[2022-04-26 17:38:28.743] [jointLog] [info] Mapping rate = 96.3572%

[2022-04-26 17:38:28.743] [jointLog] [info] finished quantifyLibrary()
[2022-04-26 17:38:28.746] [jointLog] [info] Starting optimizer
[2022-04-26 17:38:28.781] [jointLog] [info] Marked 0 weighted equivalence classes as degenerate
[2022-04-26 17:38:28.790] [jointLog] [info] iteration = 0 | max rel diff. = 25240.9
[2022-04-26 17:38:28.724] [fileLog] [info] 
At end of round 0
==================
Observed 32543445 total fragments (32543445 in most recent round)

[2022-04-26 17:38:29.078] [jointLog] [info] iteration = 100 | max rel diff. = 4.68819
[2022-04-26 17:38:29.349] [jointLog] [info] iteration = 200 | max rel diff. = 0.57266
[2022-04-26 17:38:29.618] [jointLog] [info] iteration = 300 | max rel diff. = 0.0710077
[2022-04-26 17:38:29.882] [jointLog] [info] iteration = 400 | max rel diff. = 0.0459167
[2022-04-26 17:38:30.146] [jointLog] [info] iteration = 500 | max rel diff. = 0.18604
[2022-04-26 17:38:30.407] [jointLog] [info] iteration = 600 | max rel diff. = 0.00836189
[2022-04-26 17:38:30.412] [jointLog] [info] Finished optimizer
[2022-04-26 17:38:30.412] [jointLog] [info] writing output 

