[2022-04-26 17:00:12.294] [jointLog] [info] setting maxHashResizeThreads to 40
[2022-04-26 17:00:12.294] [jointLog] [info] Fragment incompatibility prior below threshold.  Incompatible fragments will be ignored.
[2022-04-26 17:00:12.294] [jointLog] [info] Usage of --validateMappings implies use of minScoreFraction. Since not explicitly specified, it is being set to 0.65
[2022-04-26 17:00:12.294] [jointLog] [info] Setting consensusSlack to selective-alignment default of 0.35.
[2022-04-26 17:00:12.294] [jointLog] [info] parsing read library format
[2022-04-26 17:00:12.294] [jointLog] [info] There is 1 library.
[2022-04-26 17:00:12.295] [jointLog] [info] Loading pufferfish index
[2022-04-26 17:00:12.296] [jointLog] [info] Loading dense pufferfish index.
[2022-04-26 17:00:12.607] [jointLog] [info] done
[2022-04-26 17:00:12.658] [jointLog] [info] Index contained 40,812 targets
[2022-04-26 17:00:12.669] [jointLog] [info] Number of decoys : 0
[2022-04-26 17:00:13.230] [jointLog] [info] Automatically detected most likely library type as ISR

[2022-04-26 17:02:20.236] [jointLog] [info] Thread saw mini-batch with a maximum of 0.42% zero probability fragments
[2022-04-26 17:02:20.236] [jointLog] [info] Thread saw mini-batch with a maximum of 0.46% zero probability fragments
[2022-04-26 17:02:20.236] [jointLog] [info] Thread saw mini-batch with a maximum of 0.44% zero probability fragments
[2022-04-26 17:02:20.236] [jointLog] [info] Thread saw mini-batch with a maximum of 0.46% zero probability fragments
[2022-04-26 17:02:20.236] [jointLog] [info] Thread saw mini-batch with a maximum of 0.40% zero probability fragments
[2022-04-26 17:02:20.236] [jointLog] [info] Thread saw mini-batch with a maximum of 0.44% zero probability fragments
[2022-04-26 17:02:20.236] [jointLog] [info] Thread saw mini-batch with a maximum of 0.42% zero probability fragments
[2022-04-26 17:02:20.236] [jointLog] [info] Thread saw mini-batch with a maximum of 0.42% zero probability fragments
[2022-04-26 17:02:20.236] [jointLog] [info] Thread saw mini-batch with a maximum of 0.44% zero probability fragments
[2022-04-26 17:02:20.236] [jointLog] [info] Thread saw mini-batch with a maximum of 0.44% zero probability fragments
[2022-04-26 17:02:20.236] [jointLog] [info] Thread saw mini-batch with a maximum of 0.38% zero probability fragments
[2022-04-26 17:02:20.236] [jointLog] [info] Thread saw mini-batch with a maximum of 0.36% zero probability fragments
[2022-04-26 17:02:20.236] [jointLog] [info] Thread saw mini-batch with a maximum of 0.38% zero probability fragments
[2022-04-26 17:02:20.236] [jointLog] [info] Thread saw mini-batch with a maximum of 0.40% zero probability fragments
[2022-04-26 17:02:20.236] [jointLog] [info] Thread saw mini-batch with a maximum of 0.46% zero probability fragments
[2022-04-26 17:02:20.236] [jointLog] [info] Thread saw mini-batch with a maximum of 0.40% zero probability fragments
[2022-04-26 17:02:20.236] [jointLog] [info] Thread saw mini-batch with a maximum of 0.44% zero probability fragments
[2022-04-26 17:02:20.237] [jointLog] [info] Thread saw mini-batch with a maximum of 0.42% zero probability fragments
[2022-04-26 17:02:20.237] [jointLog] [info] Thread saw mini-batch with a maximum of 0.54% zero probability fragments
[2022-04-26 17:02:20.237] [jointLog] [info] Thread saw mini-batch with a maximum of 0.46% zero probability fragments
[2022-04-26 17:02:20.237] [jointLog] [info] Thread saw mini-batch with a maximum of 0.42% zero probability fragments
[2022-04-26 17:02:20.237] [jointLog] [info] Thread saw mini-batch with a maximum of 0.56% zero probability fragments
[2022-04-26 17:02:20.237] [jointLog] [info] Thread saw mini-batch with a maximum of 0.40% zero probability fragments
[2022-04-26 17:02:20.237] [jointLog] [info] Thread saw mini-batch with a maximum of 0.44% zero probability fragments
[2022-04-26 17:02:20.237] [jointLog] [info] Thread saw mini-batch with a maximum of 0.42% zero probability fragments
[2022-04-26 17:02:20.237] [jointLog] [info] Thread saw mini-batch with a maximum of 0.38% zero probability fragments
[2022-04-26 17:02:20.237] [jointLog] [info] Thread saw mini-batch with a maximum of 0.52% zero probability fragments
[2022-04-26 17:02:20.237] [jointLog] [info] Thread saw mini-batch with a maximum of 0.44% zero probability fragments
[2022-04-26 17:02:20.237] [jointLog] [info] Thread saw mini-batch with a maximum of 0.40% zero probability fragments
[2022-04-26 17:02:20.237] [jointLog] [info] Thread saw mini-batch with a maximum of 0.38% zero probability fragments
[2022-04-26 17:02:20.237] [jointLog] [info] Thread saw mini-batch with a maximum of 0.42% zero probability fragments
[2022-04-26 17:02:20.237] [jointLog] [info] Thread saw mini-batch with a maximum of 0.44% zero probability fragments
[2022-04-26 17:02:20.237] [jointLog] [info] Thread saw mini-batch with a maximum of 0.40% zero probability fragments
[2022-04-26 17:02:20.238] [jointLog] [info] Thread saw mini-batch with a maximum of 0.44% zero probability fragments
[2022-04-26 17:02:20.238] [jointLog] [info] Thread saw mini-batch with a maximum of 0.38% zero probability fragments
[2022-04-26 17:02:20.248] [jointLog] [info] Thread saw mini-batch with a maximum of 0.48% zero probability fragments
[2022-04-26 17:02:20.266] [jointLog] [info] Thread saw mini-batch with a maximum of 0.44% zero probability fragments
[2022-04-26 17:02:20.284] [jointLog] [info] Thread saw mini-batch with a maximum of 0.40% zero probability fragments
[2022-04-26 17:02:20.295] [jointLog] [info] Thread saw mini-batch with a maximum of 0.40% zero probability fragments
[2022-04-26 17:02:20.334] [jointLog] [info] Thread saw mini-batch with a maximum of 0.38% zero probability fragments
[2022-04-26 17:02:20.556] [jointLog] [info] Computed 52,045 rich equivalence classes for further processing
[2022-04-26 17:02:20.556] [jointLog] [info] Counted 38,801,087 total reads in the equivalence classes 
[2022-04-26 17:02:20.578] [jointLog] [warning] 0.000306055% of fragments were shorter than the k used to build the index.
If this fraction is too large, consider re-building the index with a smaller k.
The minimum read size found was 30.


[2022-04-26 17:02:20.578] [jointLog] [info] Number of mappings discarded because of alignment score : 10,393,800
[2022-04-26 17:02:20.578] [jointLog] [info] Number of fragments entirely discarded because of alignment score : 671,909
[2022-04-26 17:02:20.578] [jointLog] [info] Number of fragments discarded because they are best-mapped to decoys : 0
[2022-04-26 17:02:20.578] [jointLog] [info] Number of fragments discarded because they have only dovetail (discordant) mappings to valid targets : 15,885,229
[2022-04-26 17:02:20.578] [jointLog] [info] Mapping rate = 96.5468%

[2022-04-26 17:02:20.578] [jointLog] [info] finished quantifyLibrary()
[2022-04-26 17:02:20.581] [jointLog] [info] Starting optimizer
[2022-04-26 17:02:20.619] [jointLog] [info] Marked 0 weighted equivalence classes as degenerate
[2022-04-26 17:02:20.631] [jointLog] [info] iteration = 0 | max rel diff. = 18409.6
[2022-04-26 17:02:20.557] [fileLog] [info] 
At end of round 0
==================
Observed 40188869 total fragments (40188869 in most recent round)

[2022-04-26 17:02:20.927] [jointLog] [info] iteration = 100 | max rel diff. = 7.61696
[2022-04-26 17:02:21.199] [jointLog] [info] iteration = 200 | max rel diff. = 6.12322
[2022-04-26 17:02:21.464] [jointLog] [info] iteration = 300 | max rel diff. = 0.414002
[2022-04-26 17:02:21.733] [jointLog] [info] iteration = 400 | max rel diff. = 0.0358528
[2022-04-26 17:02:21.911] [jointLog] [info] iteration = 468 | max rel diff. = 0.00803407
[2022-04-26 17:02:21.915] [jointLog] [info] Finished optimizer
[2022-04-26 17:02:21.915] [jointLog] [info] writing output 

