[2022-04-26 16:51:10.622] [jointLog] [info] setting maxHashResizeThreads to 40
[2022-04-26 16:51:10.622] [jointLog] [info] Fragment incompatibility prior below threshold.  Incompatible fragments will be ignored.
[2022-04-26 16:51:10.622] [jointLog] [info] Usage of --validateMappings implies use of minScoreFraction. Since not explicitly specified, it is being set to 0.65
[2022-04-26 16:51:10.622] [jointLog] [info] Setting consensusSlack to selective-alignment default of 0.35.
[2022-04-26 16:51:10.622] [jointLog] [info] parsing read library format
[2022-04-26 16:51:10.622] [jointLog] [info] There is 1 library.
[2022-04-26 16:51:10.623] [jointLog] [info] Loading pufferfish index
[2022-04-26 16:51:10.624] [jointLog] [info] Loading dense pufferfish index.
[2022-04-26 16:51:10.944] [jointLog] [info] done
[2022-04-26 16:51:10.994] [jointLog] [info] Index contained 40,812 targets
[2022-04-26 16:51:11.005] [jointLog] [info] Number of decoys : 0
[2022-04-26 16:51:11.589] [jointLog] [info] Automatically detected most likely library type as ISR

[2022-04-26 16:53:19.421] [jointLog] [info] Thread saw mini-batch with a maximum of 0.40% zero probability fragments
[2022-04-26 16:53:19.421] [jointLog] [info] Thread saw mini-batch with a maximum of 0.44% zero probability fragments
[2022-04-26 16:53:19.421] [jointLog] [info] Thread saw mini-batch with a maximum of 0.48% zero probability fragments
[2022-04-26 16:53:19.421] [jointLog] [info] Thread saw mini-batch with a maximum of 0.42% zero probability fragments
[2022-04-26 16:53:19.421] [jointLog] [info] Thread saw mini-batch with a maximum of 0.40% zero probability fragments
[2022-04-26 16:53:19.421] [jointLog] [info] Thread saw mini-batch with a maximum of 0.44% zero probability fragments
[2022-04-26 16:53:19.421] [jointLog] [info] Thread saw mini-batch with a maximum of 0.46% zero probability fragments
[2022-04-26 16:53:19.421] [jointLog] [info] Thread saw mini-batch with a maximum of 0.46% zero probability fragments
[2022-04-26 16:53:19.421] [jointLog] [info] Thread saw mini-batch with a maximum of 0.52% zero probability fragments
[2022-04-26 16:53:19.421] [jointLog] [info] Thread saw mini-batch with a maximum of 0.44% zero probability fragments
[2022-04-26 16:53:19.421] [jointLog] [info] Thread saw mini-batch with a maximum of 0.42% zero probability fragments
[2022-04-26 16:53:19.421] [jointLog] [info] Thread saw mini-batch with a maximum of 0.48% zero probability fragments
[2022-04-26 16:53:19.421] [jointLog] [info] Thread saw mini-batch with a maximum of 0.46% zero probability fragments
[2022-04-26 16:53:19.421] [jointLog] [info] Thread saw mini-batch with a maximum of 0.50% zero probability fragments
[2022-04-26 16:53:19.421] [jointLog] [info] Thread saw mini-batch with a maximum of 0.54% zero probability fragments
[2022-04-26 16:53:19.421] [jointLog] [info] Thread saw mini-batch with a maximum of 0.44% zero probability fragments
[2022-04-26 16:53:19.421] [jointLog] [info] Thread saw mini-batch with a maximum of 0.44% zero probability fragments
[2022-04-26 16:53:19.421] [jointLog] [info] Thread saw mini-batch with a maximum of 0.42% zero probability fragments
[2022-04-26 16:53:19.421] [jointLog] [info] Thread saw mini-batch with a maximum of 0.44% zero probability fragments
[2022-04-26 16:53:19.421] [jointLog] [info] Thread saw mini-batch with a maximum of 0.44% zero probability fragments
[2022-04-26 16:53:19.421] [jointLog] [info] Thread saw mini-batch with a maximum of 0.44% zero probability fragments
[2022-04-26 16:53:19.421] [jointLog] [info] Thread saw mini-batch with a maximum of 0.44% zero probability fragments
[2022-04-26 16:53:19.421] [jointLog] [info] Thread saw mini-batch with a maximum of 0.42% zero probability fragments
[2022-04-26 16:53:19.421] [jointLog] [info] Thread saw mini-batch with a maximum of 0.52% zero probability fragments
[2022-04-26 16:53:19.421] [jointLog] [info] Thread saw mini-batch with a maximum of 0.40% zero probability fragments
[2022-04-26 16:53:19.421] [jointLog] [info] Thread saw mini-batch with a maximum of 0.38% zero probability fragments
[2022-04-26 16:53:19.421] [jointLog] [info] Thread saw mini-batch with a maximum of 0.48% zero probability fragments
[2022-04-26 16:53:19.421] [jointLog] [info] Thread saw mini-batch with a maximum of 0.46% zero probability fragments
[2022-04-26 16:53:19.421] [jointLog] [info] Thread saw mini-batch with a maximum of 0.42% zero probability fragments
[2022-04-26 16:53:19.421] [jointLog] [info] Thread saw mini-batch with a maximum of 0.42% zero probability fragments
[2022-04-26 16:53:19.421] [jointLog] [info] Thread saw mini-batch with a maximum of 0.46% zero probability fragments
[2022-04-26 16:53:19.421] [jointLog] [info] Thread saw mini-batch with a maximum of 0.46% zero probability fragments
[2022-04-26 16:53:19.421] [jointLog] [info] Thread saw mini-batch with a maximum of 0.46% zero probability fragments
[2022-04-26 16:53:19.422] [jointLog] [info] Thread saw mini-batch with a maximum of 0.42% zero probability fragments
[2022-04-26 16:53:19.435] [jointLog] [info] Thread saw mini-batch with a maximum of 0.46% zero probability fragments
[2022-04-26 16:53:19.451] [jointLog] [info] Thread saw mini-batch with a maximum of 0.40% zero probability fragments
[2022-04-26 16:53:19.463] [jointLog] [info] Thread saw mini-batch with a maximum of 0.48% zero probability fragments
[2022-04-26 16:53:19.465] [jointLog] [info] Thread saw mini-batch with a maximum of 0.44% zero probability fragments
[2022-04-26 16:53:19.477] [jointLog] [info] Thread saw mini-batch with a maximum of 0.44% zero probability fragments
[2022-04-26 16:53:19.491] [jointLog] [info] Thread saw mini-batch with a maximum of 0.46% zero probability fragments
[2022-04-26 16:53:19.693] [jointLog] [info] Computed 56,189 rich equivalence classes for further processing
[2022-04-26 16:53:19.693] [jointLog] [info] Counted 39,081,504 total reads in the equivalence classes 
[2022-04-26 16:53:19.715] [jointLog] [warning] 0.000749613% of fragments were shorter than the k used to build the index.
If this fraction is too large, consider re-building the index with a smaller k.
The minimum read size found was 30.


[2022-04-26 16:53:19.715] [jointLog] [info] Number of mappings discarded because of alignment score : 13,298,413
[2022-04-26 16:53:19.715] [jointLog] [info] Number of fragments entirely discarded because of alignment score : 722,190
[2022-04-26 16:53:19.715] [jointLog] [info] Number of fragments discarded because they are best-mapped to decoys : 0
[2022-04-26 16:53:19.715] [jointLog] [info] Number of fragments discarded because they have only dovetail (discordant) mappings to valid targets : 16,526,041
[2022-04-26 16:53:19.715] [jointLog] [info] Mapping rate = 96.0525%

[2022-04-26 16:53:19.715] [jointLog] [info] finished quantifyLibrary()
[2022-04-26 16:53:19.718] [jointLog] [info] Starting optimizer
[2022-04-26 16:53:19.760] [jointLog] [info] Marked 0 weighted equivalence classes as degenerate
[2022-04-26 16:53:19.769] [jointLog] [info] iteration = 0 | max rel diff. = 20526
[2022-04-26 16:53:19.693] [fileLog] [info] 
At end of round 0
==================
Observed 40687659 total fragments (40687659 in most recent round)

[2022-04-26 16:53:20.085] [jointLog] [info] iteration = 100 | max rel diff. = 10.3569
[2022-04-26 16:53:20.351] [jointLog] [info] iteration = 200 | max rel diff. = 2.38489
[2022-04-26 16:53:20.615] [jointLog] [info] iteration = 300 | max rel diff. = 0.367
[2022-04-26 16:53:20.878] [jointLog] [info] iteration = 400 | max rel diff. = 0.577978
[2022-04-26 16:53:21.142] [jointLog] [info] iteration = 500 | max rel diff. = 0.0777988
[2022-04-26 16:53:21.407] [jointLog] [info] iteration = 600 | max rel diff. = 0.0757641
[2022-04-26 16:53:21.672] [jointLog] [info] iteration = 700 | max rel diff. = 10.5039
[2022-04-26 16:53:21.772] [jointLog] [info] iteration = 739 | max rel diff. = 0.00660241
[2022-04-26 16:53:21.777] [jointLog] [info] Finished optimizer
[2022-04-26 16:53:21.777] [jointLog] [info] writing output 

