[2022-04-26 18:26:10.460] [jointLog] [info] setting maxHashResizeThreads to 40
[2022-04-26 18:26:10.460] [jointLog] [info] Fragment incompatibility prior below threshold.  Incompatible fragments will be ignored.
[2022-04-26 18:26:10.460] [jointLog] [info] Usage of --validateMappings implies use of minScoreFraction. Since not explicitly specified, it is being set to 0.65
[2022-04-26 18:26:10.460] [jointLog] [info] Setting consensusSlack to selective-alignment default of 0.35.
[2022-04-26 18:26:10.460] [jointLog] [info] parsing read library format
[2022-04-26 18:26:10.460] [jointLog] [info] There is 1 library.
[2022-04-26 18:26:10.461] [jointLog] [info] Loading pufferfish index
[2022-04-26 18:26:10.462] [jointLog] [info] Loading dense pufferfish index.
[2022-04-26 18:26:10.888] [jointLog] [info] done
[2022-04-26 18:26:10.937] [jointLog] [info] Index contained 40,812 targets
[2022-04-26 18:26:10.948] [jointLog] [info] Number of decoys : 0
[2022-04-26 18:26:11.504] [jointLog] [info] Automatically detected most likely library type as ISR

[2022-04-26 18:28:32.175] [jointLog] [info] Thread saw mini-batch with a maximum of 0.46% zero probability fragments
[2022-04-26 18:28:32.175] [jointLog] [info] Thread saw mini-batch with a maximum of 0.44% zero probability fragments
[2022-04-26 18:28:32.175] [jointLog] [info] Thread saw mini-batch with a maximum of 0.58% zero probability fragments
[2022-04-26 18:28:32.175] [jointLog] [info] Thread saw mini-batch with a maximum of 0.50% zero probability fragments
[2022-04-26 18:28:32.175] [jointLog] [info] Thread saw mini-batch with a maximum of 0.52% zero probability fragments
[2022-04-26 18:28:32.175] [jointLog] [info] Thread saw mini-batch with a maximum of 0.46% zero probability fragments
[2022-04-26 18:28:32.175] [jointLog] [info] Thread saw mini-batch with a maximum of 0.52% zero probability fragments
[2022-04-26 18:28:32.175] [jointLog] [info] Thread saw mini-batch with a maximum of 0.54% zero probability fragments
[2022-04-26 18:28:32.175] [jointLog] [info] Thread saw mini-batch with a maximum of 0.64% zero probability fragments
[2022-04-26 18:28:32.175] [jointLog] [info] Thread saw mini-batch with a maximum of 0.52% zero probability fragments
[2022-04-26 18:28:32.175] [jointLog] [info] Thread saw mini-batch with a maximum of 0.46% zero probability fragments
[2022-04-26 18:28:32.175] [jointLog] [info] Thread saw mini-batch with a maximum of 0.58% zero probability fragments
[2022-04-26 18:28:32.175] [jointLog] [info] Thread saw mini-batch with a maximum of 0.44% zero probability fragments
[2022-04-26 18:28:32.175] [jointLog] [info] Thread saw mini-batch with a maximum of 0.48% zero probability fragments
[2022-04-26 18:28:32.176] [jointLog] [info] Thread saw mini-batch with a maximum of 0.52% zero probability fragments
[2022-04-26 18:28:32.179] [jointLog] [info] Thread saw mini-batch with a maximum of 0.56% zero probability fragments
[2022-04-26 18:28:32.179] [jointLog] [info] Thread saw mini-batch with a maximum of 0.50% zero probability fragments
[2022-04-26 18:28:32.179] [jointLog] [info] Thread saw mini-batch with a maximum of 0.48% zero probability fragments
[2022-04-26 18:28:32.179] [jointLog] [info] Thread saw mini-batch with a maximum of 0.50% zero probability fragments
[2022-04-26 18:28:32.179] [jointLog] [info] Thread saw mini-batch with a maximum of 0.52% zero probability fragments
[2022-04-26 18:28:32.179] [jointLog] [info] Thread saw mini-batch with a maximum of 0.50% zero probability fragments
[2022-04-26 18:28:32.180] [jointLog] [info] Thread saw mini-batch with a maximum of 0.48% zero probability fragments
[2022-04-26 18:28:32.180] [jointLog] [info] Thread saw mini-batch with a maximum of 0.50% zero probability fragments
[2022-04-26 18:28:32.180] [jointLog] [info] Thread saw mini-batch with a maximum of 0.56% zero probability fragments
[2022-04-26 18:28:32.180] [jointLog] [info] Thread saw mini-batch with a maximum of 0.46% zero probability fragments
[2022-04-26 18:28:32.180] [jointLog] [info] Thread saw mini-batch with a maximum of 0.52% zero probability fragments
[2022-04-26 18:28:32.180] [jointLog] [info] Thread saw mini-batch with a maximum of 0.52% zero probability fragments
[2022-04-26 18:28:32.180] [jointLog] [info] Thread saw mini-batch with a maximum of 0.58% zero probability fragments
[2022-04-26 18:28:32.181] [jointLog] [info] Thread saw mini-batch with a maximum of 0.48% zero probability fragments
[2022-04-26 18:28:32.181] [jointLog] [info] Thread saw mini-batch with a maximum of 0.50% zero probability fragments
[2022-04-26 18:28:32.182] [jointLog] [info] Thread saw mini-batch with a maximum of 0.44% zero probability fragments
[2022-04-26 18:28:32.184] [jointLog] [info] Thread saw mini-batch with a maximum of 0.46% zero probability fragments
[2022-04-26 18:28:32.184] [jointLog] [info] Thread saw mini-batch with a maximum of 0.46% zero probability fragments
[2022-04-26 18:28:32.184] [jointLog] [info] Thread saw mini-batch with a maximum of 0.50% zero probability fragments
[2022-04-26 18:28:32.185] [jointLog] [info] Thread saw mini-batch with a maximum of 0.48% zero probability fragments
[2022-04-26 18:28:32.196] [jointLog] [info] Thread saw mini-batch with a maximum of 0.58% zero probability fragments
[2022-04-26 18:28:32.201] [jointLog] [info] Thread saw mini-batch with a maximum of 0.48% zero probability fragments
[2022-04-26 18:28:32.210] [jointLog] [info] Thread saw mini-batch with a maximum of 0.54% zero probability fragments
[2022-04-26 18:28:32.231] [jointLog] [info] Thread saw mini-batch with a maximum of 0.48% zero probability fragments
[2022-04-26 18:28:32.248] [jointLog] [info] Thread saw mini-batch with a maximum of 0.54% zero probability fragments
[2022-04-26 18:28:32.485] [jointLog] [info] Computed 56,891 rich equivalence classes for further processing
[2022-04-26 18:28:32.485] [jointLog] [info] Counted 36,466,278 total reads in the equivalence classes 
[2022-04-26 18:28:32.505] [jointLog] [warning] 0.000341601% of fragments were shorter than the k used to build the index.
If this fraction is too large, consider re-building the index with a smaller k.
The minimum read size found was 30.


[2022-04-26 18:28:32.505] [jointLog] [info] Number of mappings discarded because of alignment score : 7,799,650
[2022-04-26 18:28:32.505] [jointLog] [info] Number of fragments entirely discarded because of alignment score : 749,988
[2022-04-26 18:28:32.505] [jointLog] [info] Number of fragments discarded because they are best-mapped to decoys : 0
[2022-04-26 18:28:32.505] [jointLog] [info] Number of fragments discarded because they have only dovetail (discordant) mappings to valid targets : 14,847,532
[2022-04-26 18:28:32.505] [jointLog] [info] Mapping rate = 95.8224%

[2022-04-26 18:28:32.505] [jointLog] [info] finished quantifyLibrary()
[2022-04-26 18:28:32.547] [jointLog] [info] Starting optimizer
[2022-04-26 18:28:32.594] [jointLog] [info] Marked 0 weighted equivalence classes as degenerate
[2022-04-26 18:28:32.606] [jointLog] [info] iteration = 0 | max rel diff. = 23924.8
[2022-04-26 18:28:32.486] [fileLog] [info] 
At end of round 0
==================
Observed 38056102 total fragments (38056102 in most recent round)

[2022-04-26 18:28:32.908] [jointLog] [info] iteration = 100 | max rel diff. = 3.2693
[2022-04-26 18:28:33.180] [jointLog] [info] iteration = 200 | max rel diff. = 1.66284
[2022-04-26 18:28:33.446] [jointLog] [info] iteration = 300 | max rel diff. = 0.0728298
[2022-04-26 18:28:33.714] [jointLog] [info] iteration = 400 | max rel diff. = 1.3615
[2022-04-26 18:28:33.981] [jointLog] [info] iteration = 500 | max rel diff. = 0.0538054
[2022-04-26 18:28:34.248] [jointLog] [info] iteration = 600 | max rel diff. = 0.0692209
[2022-04-26 18:28:34.515] [jointLog] [info] iteration = 700 | max rel diff. = 0.0522222
[2022-04-26 18:28:34.571] [jointLog] [info] iteration = 722 | max rel diff. = 0.00629972
[2022-04-26 18:28:34.576] [jointLog] [info] Finished optimizer
[2022-04-26 18:28:34.576] [jointLog] [info] writing output 

