[2022-04-26 18:22:48.943] [jointLog] [info] setting maxHashResizeThreads to 40
[2022-04-26 18:22:48.943] [jointLog] [info] Fragment incompatibility prior below threshold.  Incompatible fragments will be ignored.
[2022-04-26 18:22:48.943] [jointLog] [info] Usage of --validateMappings implies use of minScoreFraction. Since not explicitly specified, it is being set to 0.65
[2022-04-26 18:22:48.943] [jointLog] [info] Setting consensusSlack to selective-alignment default of 0.35.
[2022-04-26 18:22:48.943] [jointLog] [info] parsing read library format
[2022-04-26 18:22:48.943] [jointLog] [info] There is 1 library.
[2022-04-26 18:22:48.944] [jointLog] [info] Loading pufferfish index
[2022-04-26 18:22:48.944] [jointLog] [info] Loading dense pufferfish index.
[2022-04-26 18:22:49.245] [jointLog] [info] done
[2022-04-26 18:22:49.295] [jointLog] [info] Index contained 40,812 targets
[2022-04-26 18:22:49.306] [jointLog] [info] Number of decoys : 0
[2022-04-26 18:22:49.934] [jointLog] [info] Automatically detected most likely library type as ISR

[2022-04-26 18:26:06.100] [jointLog] [info] Thread saw mini-batch with a maximum of 0.48% zero probability fragments
[2022-04-26 18:26:06.100] [jointLog] [info] Thread saw mini-batch with a maximum of 0.54% zero probability fragments
[2022-04-26 18:26:06.100] [jointLog] [info] Thread saw mini-batch with a maximum of 0.52% zero probability fragments
[2022-04-26 18:26:06.100] [jointLog] [info] Thread saw mini-batch with a maximum of 0.52% zero probability fragments
[2022-04-26 18:26:06.100] [jointLog] [info] Thread saw mini-batch with a maximum of 0.64% zero probability fragments
[2022-04-26 18:26:06.100] [jointLog] [info] Thread saw mini-batch with a maximum of 0.50% zero probability fragments
[2022-04-26 18:26:06.100] [jointLog] [info] Thread saw mini-batch with a maximum of 0.46% zero probability fragments
[2022-04-26 18:26:06.100] [jointLog] [info] Thread saw mini-batch with a maximum of 0.52% zero probability fragments
[2022-04-26 18:26:06.100] [jointLog] [info] Thread saw mini-batch with a maximum of 0.48% zero probability fragments
[2022-04-26 18:26:06.100] [jointLog] [info] Thread saw mini-batch with a maximum of 0.54% zero probability fragments
[2022-04-26 18:26:06.100] [jointLog] [info] Thread saw mini-batch with a maximum of 0.50% zero probability fragments
[2022-04-26 18:26:06.100] [jointLog] [info] Thread saw mini-batch with a maximum of 0.52% zero probability fragments
[2022-04-26 18:26:06.100] [jointLog] [info] Thread saw mini-batch with a maximum of 0.66% zero probability fragments
[2022-04-26 18:26:06.100] [jointLog] [info] Thread saw mini-batch with a maximum of 0.52% zero probability fragments
[2022-04-26 18:26:06.101] [jointLog] [info] Thread saw mini-batch with a maximum of 0.52% zero probability fragments
[2022-04-26 18:26:06.101] [jointLog] [info] Thread saw mini-batch with a maximum of 0.64% zero probability fragments
[2022-04-26 18:26:06.103] [jointLog] [info] Thread saw mini-batch with a maximum of 0.58% zero probability fragments
[2022-04-26 18:26:06.104] [jointLog] [info] Thread saw mini-batch with a maximum of 0.58% zero probability fragments
[2022-04-26 18:26:06.104] [jointLog] [info] Thread saw mini-batch with a maximum of 0.56% zero probability fragments
[2022-04-26 18:26:06.104] [jointLog] [info] Thread saw mini-batch with a maximum of 0.52% zero probability fragments
[2022-04-26 18:26:06.105] [jointLog] [info] Thread saw mini-batch with a maximum of 0.44% zero probability fragments
[2022-04-26 18:26:06.105] [jointLog] [info] Thread saw mini-batch with a maximum of 0.58% zero probability fragments
[2022-04-26 18:26:06.105] [jointLog] [info] Thread saw mini-batch with a maximum of 0.60% zero probability fragments
[2022-04-26 18:26:06.105] [jointLog] [info] Thread saw mini-batch with a maximum of 0.54% zero probability fragments
[2022-04-26 18:26:06.105] [jointLog] [info] Thread saw mini-batch with a maximum of 0.56% zero probability fragments
[2022-04-26 18:26:06.105] [jointLog] [info] Thread saw mini-batch with a maximum of 0.46% zero probability fragments
[2022-04-26 18:26:06.105] [jointLog] [info] Thread saw mini-batch with a maximum of 0.56% zero probability fragments
[2022-04-26 18:26:06.106] [jointLog] [info] Thread saw mini-batch with a maximum of 0.52% zero probability fragments
[2022-04-26 18:26:06.106] [jointLog] [info] Thread saw mini-batch with a maximum of 0.56% zero probability fragments
[2022-04-26 18:26:06.106] [jointLog] [info] Thread saw mini-batch with a maximum of 0.52% zero probability fragments
[2022-04-26 18:26:06.107] [jointLog] [info] Thread saw mini-batch with a maximum of 0.52% zero probability fragments
[2022-04-26 18:26:06.107] [jointLog] [info] Thread saw mini-batch with a maximum of 0.52% zero probability fragments
[2022-04-26 18:26:06.108] [jointLog] [info] Thread saw mini-batch with a maximum of 0.52% zero probability fragments
[2022-04-26 18:26:06.108] [jointLog] [info] Thread saw mini-batch with a maximum of 0.52% zero probability fragments
[2022-04-26 18:26:06.109] [jointLog] [info] Thread saw mini-batch with a maximum of 0.50% zero probability fragments
[2022-04-26 18:26:06.126] [jointLog] [info] Thread saw mini-batch with a maximum of 0.46% zero probability fragments
[2022-04-26 18:26:06.135] [jointLog] [info] Thread saw mini-batch with a maximum of 0.64% zero probability fragments
[2022-04-26 18:26:06.153] [jointLog] [info] Thread saw mini-batch with a maximum of 0.52% zero probability fragments
[2022-04-26 18:26:06.160] [jointLog] [info] Thread saw mini-batch with a maximum of 0.52% zero probability fragments
[2022-04-26 18:26:06.182] [jointLog] [info] Thread saw mini-batch with a maximum of 0.60% zero probability fragments
[2022-04-26 18:26:06.430] [jointLog] [info] Computed 61,014 rich equivalence classes for further processing
[2022-04-26 18:26:06.430] [jointLog] [info] Counted 50,726,602 total reads in the equivalence classes 
[2022-04-26 18:26:06.451] [jointLog] [warning] 0.000314075% of fragments were shorter than the k used to build the index.
If this fraction is too large, consider re-building the index with a smaller k.
The minimum read size found was 30.


[2022-04-26 18:26:06.451] [jointLog] [info] Number of mappings discarded because of alignment score : 12,087,179
[2022-04-26 18:26:06.451] [jointLog] [info] Number of fragments entirely discarded because of alignment score : 1,095,960
[2022-04-26 18:26:06.451] [jointLog] [info] Number of fragments discarded because they are best-mapped to decoys : 0
[2022-04-26 18:26:06.451] [jointLog] [info] Number of fragments discarded because they have only dovetail (discordant) mappings to valid targets : 20,768,188
[2022-04-26 18:26:06.451] [jointLog] [info] Mapping rate = 95.9757%

[2022-04-26 18:26:06.451] [jointLog] [info] finished quantifyLibrary()
[2022-04-26 18:26:06.454] [jointLog] [info] Starting optimizer
[2022-04-26 18:26:06.504] [jointLog] [info] Marked 0 weighted equivalence classes as degenerate
[2022-04-26 18:26:06.516] [jointLog] [info] iteration = 0 | max rel diff. = 151.231
[2022-04-26 18:26:06.431] [fileLog] [info] 
At end of round 0
==================
Observed 52853573 total fragments (52853573 in most recent round)

[2022-04-26 18:26:06.822] [jointLog] [info] iteration = 100 | max rel diff. = 1.65847
[2022-04-26 18:26:07.099] [jointLog] [info] iteration = 200 | max rel diff. = 0.0881685
[2022-04-26 18:26:07.375] [jointLog] [info] iteration = 300 | max rel diff. = 0.933503
[2022-04-26 18:26:07.645] [jointLog] [info] iteration = 400 | max rel diff. = 0.107958
[2022-04-26 18:26:07.914] [jointLog] [info] iteration = 500 | max rel diff. = 0.0328733
[2022-04-26 18:26:08.184] [jointLog] [info] iteration = 600 | max rel diff. = 0.103395
[2022-04-26 18:26:08.454] [jointLog] [info] iteration = 700 | max rel diff. = 0.0367352
[2022-04-26 18:26:08.724] [jointLog] [info] iteration = 800 | max rel diff. = 0.144033
[2022-04-26 18:26:08.993] [jointLog] [info] iteration = 900 | max rel diff. = 0.0617027
[2022-04-26 18:26:09.263] [jointLog] [info] iteration = 1,000 | max rel diff. = 0.0702638
[2022-04-26 18:26:09.352] [jointLog] [info] iteration = 1,034 | max rel diff. = 0.00419077
[2022-04-26 18:26:09.358] [jointLog] [info] Finished optimizer
[2022-04-26 18:26:09.358] [jointLog] [info] writing output 

