[2022-04-26 17:02:22.809] [jointLog] [info] setting maxHashResizeThreads to 40
[2022-04-26 17:02:22.809] [jointLog] [info] Fragment incompatibility prior below threshold.  Incompatible fragments will be ignored.
[2022-04-26 17:02:22.809] [jointLog] [info] Usage of --validateMappings implies use of minScoreFraction. Since not explicitly specified, it is being set to 0.65
[2022-04-26 17:02:22.809] [jointLog] [info] Setting consensusSlack to selective-alignment default of 0.35.
[2022-04-26 17:02:22.809] [jointLog] [info] parsing read library format
[2022-04-26 17:02:22.809] [jointLog] [info] There is 1 library.
[2022-04-26 17:02:22.810] [jointLog] [info] Loading pufferfish index
[2022-04-26 17:02:22.810] [jointLog] [info] Loading dense pufferfish index.
[2022-04-26 17:02:23.123] [jointLog] [info] done
[2022-04-26 17:02:23.173] [jointLog] [info] Index contained 40,812 targets
[2022-04-26 17:02:23.184] [jointLog] [info] Number of decoys : 0
[2022-04-26 17:02:23.750] [jointLog] [info] Automatically detected most likely library type as ISR

[2022-04-26 17:04:34.510] [jointLog] [info] Thread saw mini-batch with a maximum of 0.50% zero probability fragments
[2022-04-26 17:04:34.510] [jointLog] [info] Thread saw mini-batch with a maximum of 0.38% zero probability fragments
[2022-04-26 17:04:34.510] [jointLog] [info] Thread saw mini-batch with a maximum of 0.40% zero probability fragments
[2022-04-26 17:04:34.510] [jointLog] [info] Thread saw mini-batch with a maximum of 0.50% zero probability fragments
[2022-04-26 17:04:34.510] [jointLog] [info] Thread saw mini-batch with a maximum of 0.48% zero probability fragments
[2022-04-26 17:04:34.510] [jointLog] [info] Thread saw mini-batch with a maximum of 0.44% zero probability fragments
[2022-04-26 17:04:34.510] [jointLog] [info] Thread saw mini-batch with a maximum of 0.42% zero probability fragments
[2022-04-26 17:04:34.510] [jointLog] [info] Thread saw mini-batch with a maximum of 0.50% zero probability fragments
[2022-04-26 17:04:34.510] [jointLog] [info] Thread saw mini-batch with a maximum of 0.44% zero probability fragments
[2022-04-26 17:04:34.510] [jointLog] [info] Thread saw mini-batch with a maximum of 0.38% zero probability fragments
[2022-04-26 17:04:34.510] [jointLog] [info] Thread saw mini-batch with a maximum of 0.44% zero probability fragments
[2022-04-26 17:04:34.510] [jointLog] [info] Thread saw mini-batch with a maximum of 0.48% zero probability fragments
[2022-04-26 17:04:34.510] [jointLog] [info] Thread saw mini-batch with a maximum of 0.38% zero probability fragments
[2022-04-26 17:04:34.510] [jointLog] [info] Thread saw mini-batch with a maximum of 0.36% zero probability fragments
[2022-04-26 17:04:34.510] [jointLog] [info] Thread saw mini-batch with a maximum of 0.44% zero probability fragments
[2022-04-26 17:04:34.510] [jointLog] [info] Thread saw mini-batch with a maximum of 0.46% zero probability fragments
[2022-04-26 17:04:34.511] [jointLog] [info] Thread saw mini-batch with a maximum of 0.40% zero probability fragments
[2022-04-26 17:04:34.511] [jointLog] [info] Thread saw mini-batch with a maximum of 0.44% zero probability fragments
[2022-04-26 17:04:34.511] [jointLog] [info] Thread saw mini-batch with a maximum of 0.38% zero probability fragments
[2022-04-26 17:04:34.511] [jointLog] [info] Thread saw mini-batch with a maximum of 0.46% zero probability fragments
[2022-04-26 17:04:34.511] [jointLog] [info] Thread saw mini-batch with a maximum of 0.44% zero probability fragments
[2022-04-26 17:04:34.511] [jointLog] [info] Thread saw mini-batch with a maximum of 0.44% zero probability fragments
[2022-04-26 17:04:34.511] [jointLog] [info] Thread saw mini-batch with a maximum of 0.42% zero probability fragments
[2022-04-26 17:04:34.515] [jointLog] [info] Thread saw mini-batch with a maximum of 0.46% zero probability fragments
[2022-04-26 17:04:34.517] [jointLog] [info] Thread saw mini-batch with a maximum of 0.44% zero probability fragments
[2022-04-26 17:04:34.517] [jointLog] [info] Thread saw mini-batch with a maximum of 0.42% zero probability fragments
[2022-04-26 17:04:34.517] [jointLog] [info] Thread saw mini-batch with a maximum of 0.40% zero probability fragments
[2022-04-26 17:04:34.517] [jointLog] [info] Thread saw mini-batch with a maximum of 0.46% zero probability fragments
[2022-04-26 17:04:34.517] [jointLog] [info] Thread saw mini-batch with a maximum of 0.48% zero probability fragments
[2022-04-26 17:04:34.518] [jointLog] [info] Thread saw mini-batch with a maximum of 0.40% zero probability fragments
[2022-04-26 17:04:34.518] [jointLog] [info] Thread saw mini-batch with a maximum of 0.44% zero probability fragments
[2022-04-26 17:04:34.518] [jointLog] [info] Thread saw mini-batch with a maximum of 0.38% zero probability fragments
[2022-04-26 17:04:34.519] [jointLog] [info] Thread saw mini-batch with a maximum of 0.38% zero probability fragments
[2022-04-26 17:04:34.537] [jointLog] [info] Thread saw mini-batch with a maximum of 0.52% zero probability fragments
[2022-04-26 17:04:34.538] [jointLog] [info] Thread saw mini-batch with a maximum of 0.36% zero probability fragments
[2022-04-26 17:04:34.554] [jointLog] [info] Thread saw mini-batch with a maximum of 0.46% zero probability fragments
[2022-04-26 17:04:34.573] [jointLog] [info] Thread saw mini-batch with a maximum of 0.44% zero probability fragments
[2022-04-26 17:04:34.586] [jointLog] [info] Thread saw mini-batch with a maximum of 0.40% zero probability fragments
[2022-04-26 17:04:34.599] [jointLog] [info] Thread saw mini-batch with a maximum of 0.46% zero probability fragments
[2022-04-26 17:04:34.614] [jointLog] [info] Thread saw mini-batch with a maximum of 0.44% zero probability fragments
[2022-04-26 17:04:34.845] [jointLog] [info] Computed 51,037 rich equivalence classes for further processing
[2022-04-26 17:04:34.845] [jointLog] [info] Counted 39,718,295 total reads in the equivalence classes 
[2022-04-26 17:04:34.867] [jointLog] [warning] 0.000136116% of fragments were shorter than the k used to build the index.
If this fraction is too large, consider re-building the index with a smaller k.
The minimum read size found was 30.


[2022-04-26 17:04:34.867] [jointLog] [info] Number of mappings discarded because of alignment score : 11,923,260
[2022-04-26 17:04:34.867] [jointLog] [info] Number of fragments entirely discarded because of alignment score : 712,573
[2022-04-26 17:04:34.867] [jointLog] [info] Number of fragments discarded because they are best-mapped to decoys : 0
[2022-04-26 17:04:34.867] [jointLog] [info] Number of fragments discarded because they have only dovetail (discordant) mappings to valid targets : 14,794,748
[2022-04-26 17:04:34.867] [jointLog] [info] Mapping rate = 96.5408%

[2022-04-26 17:04:34.867] [jointLog] [info] finished quantifyLibrary()
[2022-04-26 17:04:34.870] [jointLog] [info] Starting optimizer
[2022-04-26 17:04:34.911] [jointLog] [info] Marked 0 weighted equivalence classes as degenerate
[2022-04-26 17:04:34.920] [jointLog] [info] iteration = 0 | max rel diff. = 19245.7
[2022-04-26 17:04:34.846] [fileLog] [info] 
At end of round 0
==================
Observed 41141468 total fragments (41141468 in most recent round)

[2022-04-26 17:04:35.235] [jointLog] [info] iteration = 100 | max rel diff. = 8.20574
[2022-04-26 17:04:35.501] [jointLog] [info] iteration = 200 | max rel diff. = 1.40128
[2022-04-26 17:04:35.761] [jointLog] [info] iteration = 300 | max rel diff. = 0.392867
[2022-04-26 17:04:36.021] [jointLog] [info] iteration = 400 | max rel diff. = 0.100907
[2022-04-26 17:04:36.280] [jointLog] [info] iteration = 500 | max rel diff. = 0.0243229
[2022-04-26 17:04:36.521] [jointLog] [info] iteration = 594 | max rel diff. = 0.00750364
[2022-04-26 17:04:36.525] [jointLog] [info] Finished optimizer
[2022-04-26 17:04:36.525] [jointLog] [info] writing output 

