[2022-04-26 18:28:35.469] [jointLog] [info] setting maxHashResizeThreads to 40
[2022-04-26 18:28:35.469] [jointLog] [info] Fragment incompatibility prior below threshold.  Incompatible fragments will be ignored.
[2022-04-26 18:28:35.469] [jointLog] [info] Usage of --validateMappings implies use of minScoreFraction. Since not explicitly specified, it is being set to 0.65
[2022-04-26 18:28:35.469] [jointLog] [info] Setting consensusSlack to selective-alignment default of 0.35.
[2022-04-26 18:28:35.469] [jointLog] [info] parsing read library format
[2022-04-26 18:28:35.469] [jointLog] [info] There is 1 library.
[2022-04-26 18:28:35.470] [jointLog] [info] Loading pufferfish index
[2022-04-26 18:28:35.471] [jointLog] [info] Loading dense pufferfish index.
[2022-04-26 18:28:35.779] [jointLog] [info] done
[2022-04-26 18:28:35.830] [jointLog] [info] Index contained 40,812 targets
[2022-04-26 18:28:35.840] [jointLog] [info] Number of decoys : 0
[2022-04-26 18:28:36.750] [jointLog] [info] Automatically detected most likely library type as ISR

[2022-04-26 18:31:00.479] [jointLog] [info] Thread saw mini-batch with a maximum of 0.56% zero probability fragments
[2022-04-26 18:31:00.479] [jointLog] [info] Thread saw mini-batch with a maximum of 0.50% zero probability fragments
[2022-04-26 18:31:00.479] [jointLog] [info] Thread saw mini-batch with a maximum of 0.52% zero probability fragments
[2022-04-26 18:31:00.480] [jointLog] [info] Thread saw mini-batch with a maximum of 0.62% zero probability fragments
[2022-04-26 18:31:00.480] [jointLog] [info] Thread saw mini-batch with a maximum of 0.60% zero probability fragments
[2022-04-26 18:31:00.480] [jointLog] [info] Thread saw mini-batch with a maximum of 0.52% zero probability fragments
[2022-04-26 18:31:00.480] [jointLog] [info] Thread saw mini-batch with a maximum of 0.56% zero probability fragments
[2022-04-26 18:31:00.480] [jointLog] [info] Thread saw mini-batch with a maximum of 0.60% zero probability fragments
[2022-04-26 18:31:00.480] [jointLog] [info] Thread saw mini-batch with a maximum of 0.48% zero probability fragments
[2022-04-26 18:31:00.480] [jointLog] [info] Thread saw mini-batch with a maximum of 0.58% zero probability fragments
[2022-04-26 18:31:00.480] [jointLog] [info] Thread saw mini-batch with a maximum of 0.56% zero probability fragments
[2022-04-26 18:31:00.480] [jointLog] [info] Thread saw mini-batch with a maximum of 0.66% zero probability fragments
[2022-04-26 18:31:00.480] [jointLog] [info] Thread saw mini-batch with a maximum of 0.64% zero probability fragments
[2022-04-26 18:31:00.483] [jointLog] [info] Thread saw mini-batch with a maximum of 0.58% zero probability fragments
[2022-04-26 18:31:00.483] [jointLog] [info] Thread saw mini-batch with a maximum of 0.54% zero probability fragments
[2022-04-26 18:31:00.483] [jointLog] [info] Thread saw mini-batch with a maximum of 0.50% zero probability fragments
[2022-04-26 18:31:00.484] [jointLog] [info] Thread saw mini-batch with a maximum of 0.48% zero probability fragments
[2022-04-26 18:31:00.484] [jointLog] [info] Thread saw mini-batch with a maximum of 0.56% zero probability fragments
[2022-04-26 18:31:00.484] [jointLog] [info] Thread saw mini-batch with a maximum of 0.58% zero probability fragments
[2022-04-26 18:31:00.484] [jointLog] [info] Thread saw mini-batch with a maximum of 0.52% zero probability fragments
[2022-04-26 18:31:00.484] [jointLog] [info] Thread saw mini-batch with a maximum of 0.56% zero probability fragments
[2022-04-26 18:31:00.484] [jointLog] [info] Thread saw mini-batch with a maximum of 0.54% zero probability fragments
[2022-04-26 18:31:00.484] [jointLog] [info] Thread saw mini-batch with a maximum of 0.52% zero probability fragments
[2022-04-26 18:31:00.485] [jointLog] [info] Thread saw mini-batch with a maximum of 0.56% zero probability fragments
[2022-04-26 18:31:00.485] [jointLog] [info] Thread saw mini-batch with a maximum of 0.52% zero probability fragments
[2022-04-26 18:31:00.485] [jointLog] [info] Thread saw mini-batch with a maximum of 0.60% zero probability fragments
[2022-04-26 18:31:00.486] [jointLog] [info] Thread saw mini-batch with a maximum of 0.58% zero probability fragments
[2022-04-26 18:31:00.487] [jointLog] [info] Thread saw mini-batch with a maximum of 0.58% zero probability fragments
[2022-04-26 18:31:00.487] [jointLog] [info] Thread saw mini-batch with a maximum of 0.58% zero probability fragments
[2022-04-26 18:31:00.488] [jointLog] [info] Thread saw mini-batch with a maximum of 0.50% zero probability fragments
[2022-04-26 18:31:00.488] [jointLog] [info] Thread saw mini-batch with a maximum of 0.58% zero probability fragments
[2022-04-26 18:31:00.488] [jointLog] [info] Thread saw mini-batch with a maximum of 0.60% zero probability fragments
[2022-04-26 18:31:00.488] [jointLog] [info] Thread saw mini-batch with a maximum of 0.56% zero probability fragments
[2022-04-26 18:31:00.488] [jointLog] [info] Thread saw mini-batch with a maximum of 0.54% zero probability fragments
[2022-04-26 18:31:00.501] [jointLog] [info] Thread saw mini-batch with a maximum of 0.60% zero probability fragments
[2022-04-26 18:31:00.501] [jointLog] [info] Thread saw mini-batch with a maximum of 0.56% zero probability fragments
[2022-04-26 18:31:00.513] [jointLog] [info] Thread saw mini-batch with a maximum of 0.60% zero probability fragments
[2022-04-26 18:31:00.530] [jointLog] [info] Thread saw mini-batch with a maximum of 0.50% zero probability fragments
[2022-04-26 18:31:00.547] [jointLog] [info] Thread saw mini-batch with a maximum of 0.62% zero probability fragments
[2022-04-26 18:31:00.554] [jointLog] [info] Thread saw mini-batch with a maximum of 0.56% zero probability fragments
[2022-04-26 18:31:00.770] [jointLog] [info] Computed 57,185 rich equivalence classes for further processing
[2022-04-26 18:31:00.770] [jointLog] [info] Counted 37,305,239 total reads in the equivalence classes 
[2022-04-26 18:31:00.791] [jointLog] [warning] 0.000430455% of fragments were shorter than the k used to build the index.
If this fraction is too large, consider re-building the index with a smaller k.
The minimum read size found was 30.


[2022-04-26 18:31:00.791] [jointLog] [info] Number of mappings discarded because of alignment score : 10,120,820
[2022-04-26 18:31:00.791] [jointLog] [info] Number of fragments entirely discarded because of alignment score : 743,210
[2022-04-26 18:31:00.791] [jointLog] [info] Number of fragments discarded because they are best-mapped to decoys : 0
[2022-04-26 18:31:00.791] [jointLog] [info] Number of fragments discarded because they have only dovetail (discordant) mappings to valid targets : 15,475,273
[2022-04-26 18:31:00.791] [jointLog] [info] Mapping rate = 96.157%

[2022-04-26 18:31:00.791] [jointLog] [info] finished quantifyLibrary()
[2022-04-26 18:31:00.793] [jointLog] [info] Starting optimizer
[2022-04-26 18:31:00.829] [jointLog] [info] Marked 0 weighted equivalence classes as degenerate
[2022-04-26 18:31:00.835] [jointLog] [info] iteration = 0 | max rel diff. = 18359.2
[2022-04-26 18:31:00.771] [fileLog] [info] 
At end of round 0
==================
Observed 38796185 total fragments (38796185 in most recent round)

[2022-04-26 18:31:01.134] [jointLog] [info] iteration = 100 | max rel diff. = 15.9556
[2022-04-26 18:31:01.410] [jointLog] [info] iteration = 200 | max rel diff. = 1.0813
[2022-04-26 18:31:01.686] [jointLog] [info] iteration = 300 | max rel diff. = 0.0591151
[2022-04-26 18:31:01.955] [jointLog] [info] iteration = 400 | max rel diff. = 0.0658668
[2022-04-26 18:31:02.223] [jointLog] [info] iteration = 500 | max rel diff. = 0.0422604
[2022-04-26 18:31:02.491] [jointLog] [info] iteration = 600 | max rel diff. = 0.0576482
[2022-04-26 18:31:02.561] [jointLog] [info] iteration = 627 | max rel diff. = 0.00481187
[2022-04-26 18:31:02.568] [jointLog] [info] Finished optimizer
[2022-04-26 18:31:02.568] [jointLog] [info] writing output 

