[2022-04-26 19:08:23.521] [jointLog] [info] setting maxHashResizeThreads to 40
[2022-04-26 19:08:23.521] [jointLog] [info] Fragment incompatibility prior below threshold.  Incompatible fragments will be ignored.
[2022-04-26 19:08:23.521] [jointLog] [info] Usage of --validateMappings implies use of minScoreFraction. Since not explicitly specified, it is being set to 0.65
[2022-04-26 19:08:23.521] [jointLog] [info] Setting consensusSlack to selective-alignment default of 0.35.
[2022-04-26 19:08:23.521] [jointLog] [info] parsing read library format
[2022-04-26 19:08:23.521] [jointLog] [info] There is 1 library.
[2022-04-26 19:08:23.522] [jointLog] [info] Loading pufferfish index
[2022-04-26 19:08:23.522] [jointLog] [info] Loading dense pufferfish index.
[2022-04-26 19:08:23.863] [jointLog] [info] done
[2022-04-26 19:08:23.912] [jointLog] [info] Index contained 40,812 targets
[2022-04-26 19:08:23.923] [jointLog] [info] Number of decoys : 0
[2022-04-26 19:08:24.484] [jointLog] [info] Automatically detected most likely library type as ISR

[2022-04-26 19:11:05.625] [jointLog] [info] Thread saw mini-batch with a maximum of 1.30% zero probability fragments
[2022-04-26 19:11:05.625] [jointLog] [info] Thread saw mini-batch with a maximum of 1.32% zero probability fragments
[2022-04-26 19:11:05.625] [jointLog] [info] Thread saw mini-batch with a maximum of 1.46% zero probability fragments
[2022-04-26 19:11:05.625] [jointLog] [info] Thread saw mini-batch with a maximum of 1.40% zero probability fragments
[2022-04-26 19:11:05.625] [jointLog] [info] Thread saw mini-batch with a maximum of 1.48% zero probability fragments
[2022-04-26 19:11:05.625] [jointLog] [info] Thread saw mini-batch with a maximum of 1.42% zero probability fragments
[2022-04-26 19:11:05.625] [jointLog] [info] Thread saw mini-batch with a maximum of 1.36% zero probability fragments
[2022-04-26 19:11:05.625] [jointLog] [info] Thread saw mini-batch with a maximum of 1.32% zero probability fragments
[2022-04-26 19:11:05.625] [jointLog] [info] Thread saw mini-batch with a maximum of 1.30% zero probability fragments
[2022-04-26 19:11:05.625] [jointLog] [info] Thread saw mini-batch with a maximum of 1.44% zero probability fragments
[2022-04-26 19:11:05.625] [jointLog] [info] Thread saw mini-batch with a maximum of 1.46% zero probability fragments
[2022-04-26 19:11:05.625] [jointLog] [info] Thread saw mini-batch with a maximum of 1.34% zero probability fragments
[2022-04-26 19:11:05.625] [jointLog] [info] Thread saw mini-batch with a maximum of 1.44% zero probability fragments
[2022-04-26 19:11:05.625] [jointLog] [info] Thread saw mini-batch with a maximum of 1.44% zero probability fragments
[2022-04-26 19:11:05.625] [jointLog] [info] Thread saw mini-batch with a maximum of 1.30% zero probability fragments
[2022-04-26 19:11:05.625] [jointLog] [info] Thread saw mini-batch with a maximum of 1.30% zero probability fragments
[2022-04-26 19:11:05.625] [jointLog] [info] Thread saw mini-batch with a maximum of 1.46% zero probability fragments
[2022-04-26 19:11:05.625] [jointLog] [info] Thread saw mini-batch with a maximum of 1.30% zero probability fragments
[2022-04-26 19:11:05.625] [jointLog] [info] Thread saw mini-batch with a maximum of 1.26% zero probability fragments
[2022-04-26 19:11:05.625] [jointLog] [info] Thread saw mini-batch with a maximum of 1.34% zero probability fragments
[2022-04-26 19:11:05.625] [jointLog] [info] Thread saw mini-batch with a maximum of 1.42% zero probability fragments
[2022-04-26 19:11:05.626] [jointLog] [info] Thread saw mini-batch with a maximum of 1.30% zero probability fragments
[2022-04-26 19:11:05.626] [jointLog] [info] Thread saw mini-batch with a maximum of 1.30% zero probability fragments
[2022-04-26 19:11:05.626] [jointLog] [info] Thread saw mini-batch with a maximum of 1.34% zero probability fragments
[2022-04-26 19:11:05.627] [jointLog] [info] Thread saw mini-batch with a maximum of 1.38% zero probability fragments
[2022-04-26 19:11:05.627] [jointLog] [info] Thread saw mini-batch with a maximum of 1.32% zero probability fragments
[2022-04-26 19:11:05.627] [jointLog] [info] Thread saw mini-batch with a maximum of 1.34% zero probability fragments
[2022-04-26 19:11:05.627] [jointLog] [info] Thread saw mini-batch with a maximum of 1.44% zero probability fragments
[2022-04-26 19:11:05.627] [jointLog] [info] Thread saw mini-batch with a maximum of 1.46% zero probability fragments
[2022-04-26 19:11:05.627] [jointLog] [info] Thread saw mini-batch with a maximum of 1.34% zero probability fragments
[2022-04-26 19:11:05.628] [jointLog] [info] Thread saw mini-batch with a maximum of 1.30% zero probability fragments
[2022-04-26 19:11:05.628] [jointLog] [info] Thread saw mini-batch with a maximum of 1.40% zero probability fragments
[2022-04-26 19:11:05.628] [jointLog] [info] Thread saw mini-batch with a maximum of 1.32% zero probability fragments
[2022-04-26 19:11:05.628] [jointLog] [info] Thread saw mini-batch with a maximum of 1.40% zero probability fragments
[2022-04-26 19:11:05.625] [jointLog] [info] Thread saw mini-batch with a maximum of 1.46% zero probability fragments
[2022-04-26 19:11:05.632] [jointLog] [info] Thread saw mini-batch with a maximum of 1.64% zero probability fragments
[2022-04-26 19:11:05.650] [jointLog] [info] Thread saw mini-batch with a maximum of 1.42% zero probability fragments
[2022-04-26 19:11:05.666] [jointLog] [info] Thread saw mini-batch with a maximum of 1.62% zero probability fragments
[2022-04-26 19:11:05.688] [jointLog] [info] Thread saw mini-batch with a maximum of 1.40% zero probability fragments
[2022-04-26 19:11:05.693] [jointLog] [info] Thread saw mini-batch with a maximum of 1.22% zero probability fragments
[2022-04-26 19:11:05.873] [jointLog] [info] Computed 54,352 rich equivalence classes for further processing
[2022-04-26 19:11:05.873] [jointLog] [info] Counted 41,393,641 total reads in the equivalence classes 
[2022-04-26 19:11:05.889] [jointLog] [warning] 0.000308518% of fragments were shorter than the k used to build the index.
If this fraction is too large, consider re-building the index with a smaller k.
The minimum read size found was 30.


[2022-04-26 19:11:05.889] [jointLog] [info] Number of mappings discarded because of alignment score : 8,145,127
[2022-04-26 19:11:05.889] [jointLog] [info] Number of fragments entirely discarded because of alignment score : 747,841
[2022-04-26 19:11:05.889] [jointLog] [info] Number of fragments discarded because they are best-mapped to decoys : 0
[2022-04-26 19:11:05.889] [jointLog] [info] Number of fragments discarded because they have only dovetail (discordant) mappings to valid targets : 15,880,186
[2022-04-26 19:11:05.889] [jointLog] [info] Mapping rate = 96.0201%

[2022-04-26 19:11:05.890] [jointLog] [info] finished quantifyLibrary()
[2022-04-26 19:11:05.891] [jointLog] [info] Starting optimizer
[2022-04-26 19:11:05.920] [jointLog] [info] Marked 0 weighted equivalence classes as degenerate
[2022-04-26 19:11:05.925] [jointLog] [info] iteration = 0 | max rel diff. = 16917.5
[2022-04-26 19:11:05.874] [fileLog] [info] 
At end of round 0
==================
Observed 43109337 total fragments (43109337 in most recent round)

[2022-04-26 19:11:06.208] [jointLog] [info] iteration = 100 | max rel diff. = 14.6377
[2022-04-26 19:11:06.481] [jointLog] [info] iteration = 200 | max rel diff. = 5.15544
[2022-04-26 19:11:06.752] [jointLog] [info] iteration = 300 | max rel diff. = 0.26213
[2022-04-26 19:11:07.016] [jointLog] [info] iteration = 400 | max rel diff. = 2.42228
[2022-04-26 19:11:07.282] [jointLog] [info] iteration = 500 | max rel diff. = 0.0399087
[2022-04-26 19:11:07.547] [jointLog] [info] iteration = 600 | max rel diff. = 0.193166
[2022-04-26 19:11:07.813] [jointLog] [info] iteration = 700 | max rel diff. = 0.0518899
[2022-04-26 19:11:08.078] [jointLog] [info] iteration = 800 | max rel diff. = 0.348403
[2022-04-26 19:11:08.344] [jointLog] [info] iteration = 900 | max rel diff. = 0.0405544
[2022-04-26 19:11:08.511] [jointLog] [info] iteration = 964 | max rel diff. = 0.00869461
[2022-04-26 19:11:08.517] [jointLog] [info] Finished optimizer
[2022-04-26 19:11:08.517] [jointLog] [info] writing output 

