[2022-04-26 16:34:50.817] [jointLog] [info] setting maxHashResizeThreads to 40
[2022-04-26 16:34:50.817] [jointLog] [info] Fragment incompatibility prior below threshold.  Incompatible fragments will be ignored.
[2022-04-26 16:34:50.817] [jointLog] [info] Usage of --validateMappings implies use of minScoreFraction. Since not explicitly specified, it is being set to 0.65
[2022-04-26 16:34:50.817] [jointLog] [info] Setting consensusSlack to selective-alignment default of 0.35.
[2022-04-26 16:34:50.817] [jointLog] [info] parsing read library format
[2022-04-26 16:34:50.817] [jointLog] [info] There is 1 library.
[2022-04-26 16:34:50.818] [jointLog] [info] Loading pufferfish index
[2022-04-26 16:34:50.818] [jointLog] [info] Loading dense pufferfish index.
[2022-04-26 16:34:51.137] [jointLog] [info] done
[2022-04-26 16:34:51.190] [jointLog] [info] Index contained 40,812 targets
[2022-04-26 16:34:51.201] [jointLog] [info] Number of decoys : 0
[2022-04-26 16:34:51.766] [jointLog] [info] Automatically detected most likely library type as ISR

[2022-04-26 16:37:00.712] [jointLog] [info] Thread saw mini-batch with a maximum of 0.42% zero probability fragments
[2022-04-26 16:37:00.712] [jointLog] [info] Thread saw mini-batch with a maximum of 0.48% zero probability fragments
[2022-04-26 16:37:00.712] [jointLog] [info] Thread saw mini-batch with a maximum of 0.40% zero probability fragments
[2022-04-26 16:37:00.712] [jointLog] [info] Thread saw mini-batch with a maximum of 0.42% zero probability fragments
[2022-04-26 16:37:00.712] [jointLog] [info] Thread saw mini-batch with a maximum of 0.40% zero probability fragments
[2022-04-26 16:37:00.712] [jointLog] [info] Thread saw mini-batch with a maximum of 0.38% zero probability fragments
[2022-04-26 16:37:00.712] [jointLog] [info] Thread saw mini-batch with a maximum of 0.44% zero probability fragments
[2022-04-26 16:37:00.712] [jointLog] [info] Thread saw mini-batch with a maximum of 0.42% zero probability fragments
[2022-04-26 16:37:00.712] [jointLog] [info] Thread saw mini-batch with a maximum of 0.48% zero probability fragments
[2022-04-26 16:37:00.712] [jointLog] [info] Thread saw mini-batch with a maximum of 0.52% zero probability fragments
[2022-04-26 16:37:00.712] [jointLog] [info] Thread saw mini-batch with a maximum of 0.42% zero probability fragments
[2022-04-26 16:37:00.712] [jointLog] [info] Thread saw mini-batch with a maximum of 0.46% zero probability fragments
[2022-04-26 16:37:00.712] [jointLog] [info] Thread saw mini-batch with a maximum of 0.44% zero probability fragments
[2022-04-26 16:37:00.712] [jointLog] [info] Thread saw mini-batch with a maximum of 0.46% zero probability fragments
[2022-04-26 16:37:00.712] [jointLog] [info] Thread saw mini-batch with a maximum of 0.46% zero probability fragments
[2022-04-26 16:37:00.712] [jointLog] [info] Thread saw mini-batch with a maximum of 0.44% zero probability fragments
[2022-04-26 16:37:00.712] [jointLog] [info] Thread saw mini-batch with a maximum of 0.46% zero probability fragments
[2022-04-26 16:37:00.712] [jointLog] [info] Thread saw mini-batch with a maximum of 0.42% zero probability fragments
[2022-04-26 16:37:00.712] [jointLog] [info] Thread saw mini-batch with a maximum of 0.44% zero probability fragments
[2022-04-26 16:37:00.712] [jointLog] [info] Thread saw mini-batch with a maximum of 0.42% zero probability fragments
[2022-04-26 16:37:00.712] [jointLog] [info] Thread saw mini-batch with a maximum of 0.48% zero probability fragments
[2022-04-26 16:37:00.712] [jointLog] [info] Thread saw mini-batch with a maximum of 0.52% zero probability fragments
[2022-04-26 16:37:00.712] [jointLog] [info] Thread saw mini-batch with a maximum of 0.44% zero probability fragments
[2022-04-26 16:37:00.713] [jointLog] [info] Thread saw mini-batch with a maximum of 0.56% zero probability fragments
[2022-04-26 16:37:00.713] [jointLog] [info] Thread saw mini-batch with a maximum of 0.48% zero probability fragments
[2022-04-26 16:37:00.713] [jointLog] [info] Thread saw mini-batch with a maximum of 0.44% zero probability fragments
[2022-04-26 16:37:00.713] [jointLog] [info] Thread saw mini-batch with a maximum of 0.58% zero probability fragments
[2022-04-26 16:37:00.713] [jointLog] [info] Thread saw mini-batch with a maximum of 0.48% zero probability fragments
[2022-04-26 16:37:00.713] [jointLog] [info] Thread saw mini-batch with a maximum of 0.52% zero probability fragments
[2022-04-26 16:37:00.713] [jointLog] [info] Thread saw mini-batch with a maximum of 0.62% zero probability fragments
[2022-04-26 16:37:00.713] [jointLog] [info] Thread saw mini-batch with a maximum of 0.48% zero probability fragments
[2022-04-26 16:37:00.713] [jointLog] [info] Thread saw mini-batch with a maximum of 0.44% zero probability fragments
[2022-04-26 16:37:00.714] [jointLog] [info] Thread saw mini-batch with a maximum of 0.44% zero probability fragments
[2022-04-26 16:37:00.714] [jointLog] [info] Thread saw mini-batch with a maximum of 0.44% zero probability fragments
[2022-04-26 16:37:00.724] [jointLog] [info] Thread saw mini-batch with a maximum of 0.46% zero probability fragments
[2022-04-26 16:37:00.730] [jointLog] [info] Thread saw mini-batch with a maximum of 0.52% zero probability fragments
[2022-04-26 16:37:00.748] [jointLog] [info] Thread saw mini-batch with a maximum of 0.38% zero probability fragments
[2022-04-26 16:37:00.770] [jointLog] [info] Thread saw mini-batch with a maximum of 0.42% zero probability fragments
[2022-04-26 16:37:00.771] [jointLog] [info] Thread saw mini-batch with a maximum of 0.40% zero probability fragments
[2022-04-26 16:37:00.778] [jointLog] [info] Thread saw mini-batch with a maximum of 0.40% zero probability fragments
[2022-04-26 16:37:01.041] [jointLog] [info] Computed 55,526 rich equivalence classes for further processing
[2022-04-26 16:37:01.041] [jointLog] [info] Counted 39,878,215 total reads in the equivalence classes 
[2022-04-26 16:37:01.063] [jointLog] [warning] 0.00065188% of fragments were shorter than the k used to build the index.
If this fraction is too large, consider re-building the index with a smaller k.
The minimum read size found was 30.


[2022-04-26 16:37:01.063] [jointLog] [info] Number of mappings discarded because of alignment score : 11,645,946
[2022-04-26 16:37:01.063] [jointLog] [info] Number of fragments entirely discarded because of alignment score : 747,327
[2022-04-26 16:37:01.063] [jointLog] [info] Number of fragments discarded because they are best-mapped to decoys : 0
[2022-04-26 16:37:01.063] [jointLog] [info] Number of fragments discarded because they have only dovetail (discordant) mappings to valid targets : 18,499,238
[2022-04-26 16:37:01.063] [jointLog] [info] Mapping rate = 96.2808%

[2022-04-26 16:37:01.063] [jointLog] [info] finished quantifyLibrary()
[2022-04-26 16:37:01.065] [jointLog] [info] Starting optimizer
[2022-04-26 16:37:01.104] [jointLog] [info] Marked 0 weighted equivalence classes as degenerate
[2022-04-26 16:37:01.109] [jointLog] [info] iteration = 0 | max rel diff. = 19309.6
[2022-04-26 16:37:01.042] [fileLog] [info] 
At end of round 0
==================
Observed 41418642 total fragments (41418642 in most recent round)

[2022-04-26 16:37:01.396] [jointLog] [info] iteration = 100 | max rel diff. = 3.28897
[2022-04-26 16:37:01.660] [jointLog] [info] iteration = 200 | max rel diff. = 1.46504
[2022-04-26 16:37:01.926] [jointLog] [info] iteration = 300 | max rel diff. = 0.152842
[2022-04-26 16:37:02.191] [jointLog] [info] iteration = 400 | max rel diff. = 0.0716861
[2022-04-26 16:37:02.455] [jointLog] [info] iteration = 500 | max rel diff. = 0.0168274
[2022-04-26 16:37:02.672] [jointLog] [info] iteration = 583 | max rel diff. = 0.00923727
[2022-04-26 16:37:02.678] [jointLog] [info] Finished optimizer
[2022-04-26 16:37:02.678] [jointLog] [info] writing output 

