[2022-04-26 17:50:42.501] [jointLog] [info] setting maxHashResizeThreads to 40
[2022-04-26 17:50:42.501] [jointLog] [info] Fragment incompatibility prior below threshold.  Incompatible fragments will be ignored.
[2022-04-26 17:50:42.501] [jointLog] [info] Usage of --validateMappings implies use of minScoreFraction. Since not explicitly specified, it is being set to 0.65
[2022-04-26 17:50:42.501] [jointLog] [info] Setting consensusSlack to selective-alignment default of 0.35.
[2022-04-26 17:50:42.501] [jointLog] [info] parsing read library format
[2022-04-26 17:50:42.501] [jointLog] [info] There is 1 library.
[2022-04-26 17:50:42.502] [jointLog] [info] Loading pufferfish index
[2022-04-26 17:50:42.503] [jointLog] [info] Loading dense pufferfish index.
[2022-04-26 17:50:42.815] [jointLog] [info] done
[2022-04-26 17:50:42.867] [jointLog] [info] Index contained 40,812 targets
[2022-04-26 17:50:42.878] [jointLog] [info] Number of decoys : 0
[2022-04-26 17:50:43.497] [jointLog] [info] Automatically detected most likely library type as ISR

[2022-04-26 17:53:20.969] [jointLog] [info] Thread saw mini-batch with a maximum of 0.44% zero probability fragments
[2022-04-26 17:53:20.969] [jointLog] [info] Thread saw mini-batch with a maximum of 0.48% zero probability fragments
[2022-04-26 17:53:20.969] [jointLog] [info] Thread saw mini-batch with a maximum of 0.52% zero probability fragments
[2022-04-26 17:53:20.969] [jointLog] [info] Thread saw mini-batch with a maximum of 0.42% zero probability fragments
[2022-04-26 17:53:20.969] [jointLog] [info] Thread saw mini-batch with a maximum of 0.50% zero probability fragments
[2022-04-26 17:53:20.969] [jointLog] [info] Thread saw mini-batch with a maximum of 0.44% zero probability fragments
[2022-04-26 17:53:20.969] [jointLog] [info] Thread saw mini-batch with a maximum of 0.48% zero probability fragments
[2022-04-26 17:53:20.969] [jointLog] [info] Thread saw mini-batch with a maximum of 0.48% zero probability fragments
[2022-04-26 17:53:20.969] [jointLog] [info] Thread saw mini-batch with a maximum of 0.46% zero probability fragments
[2022-04-26 17:53:20.969] [jointLog] [info] Thread saw mini-batch with a maximum of 0.52% zero probability fragments
[2022-04-26 17:53:20.969] [jointLog] [info] Thread saw mini-batch with a maximum of 0.44% zero probability fragments
[2022-04-26 17:53:20.969] [jointLog] [info] Thread saw mini-batch with a maximum of 0.42% zero probability fragments
[2022-04-26 17:53:20.969] [jointLog] [info] Thread saw mini-batch with a maximum of 0.44% zero probability fragments
[2022-04-26 17:53:20.969] [jointLog] [info] Thread saw mini-batch with a maximum of 0.46% zero probability fragments
[2022-04-26 17:53:20.969] [jointLog] [info] Thread saw mini-batch with a maximum of 0.48% zero probability fragments
[2022-04-26 17:53:20.969] [jointLog] [info] Thread saw mini-batch with a maximum of 0.48% zero probability fragments
[2022-04-26 17:53:20.973] [jointLog] [info] Thread saw mini-batch with a maximum of 0.46% zero probability fragments
[2022-04-26 17:53:20.973] [jointLog] [info] Thread saw mini-batch with a maximum of 0.48% zero probability fragments
[2022-04-26 17:53:20.973] [jointLog] [info] Thread saw mini-batch with a maximum of 0.44% zero probability fragments
[2022-04-26 17:53:20.973] [jointLog] [info] Thread saw mini-batch with a maximum of 0.46% zero probability fragments
[2022-04-26 17:53:20.973] [jointLog] [info] Thread saw mini-batch with a maximum of 0.52% zero probability fragments
[2022-04-26 17:53:20.974] [jointLog] [info] Thread saw mini-batch with a maximum of 0.46% zero probability fragments
[2022-04-26 17:53:20.974] [jointLog] [info] Thread saw mini-batch with a maximum of 0.48% zero probability fragments
[2022-04-26 17:53:20.974] [jointLog] [info] Thread saw mini-batch with a maximum of 0.56% zero probability fragments
[2022-04-26 17:53:20.974] [jointLog] [info] Thread saw mini-batch with a maximum of 0.58% zero probability fragments
[2022-04-26 17:53:20.974] [jointLog] [info] Thread saw mini-batch with a maximum of 0.40% zero probability fragments
[2022-04-26 17:53:20.974] [jointLog] [info] Thread saw mini-batch with a maximum of 0.48% zero probability fragments
[2022-04-26 17:53:20.975] [jointLog] [info] Thread saw mini-batch with a maximum of 0.44% zero probability fragments
[2022-04-26 17:53:20.975] [jointLog] [info] Thread saw mini-batch with a maximum of 0.46% zero probability fragments
[2022-04-26 17:53:20.976] [jointLog] [info] Thread saw mini-batch with a maximum of 0.48% zero probability fragments
[2022-04-26 17:53:20.978] [jointLog] [info] Thread saw mini-batch with a maximum of 0.50% zero probability fragments
[2022-04-26 17:53:20.978] [jointLog] [info] Thread saw mini-batch with a maximum of 0.62% zero probability fragments
[2022-04-26 17:53:20.978] [jointLog] [info] Thread saw mini-batch with a maximum of 0.50% zero probability fragments
[2022-04-26 17:53:20.979] [jointLog] [info] Thread saw mini-batch with a maximum of 0.46% zero probability fragments
[2022-04-26 17:53:20.979] [jointLog] [info] Thread saw mini-batch with a maximum of 0.50% zero probability fragments
[2022-04-26 17:53:20.980] [jointLog] [info] Thread saw mini-batch with a maximum of 0.44% zero probability fragments
[2022-04-26 17:53:20.993] [jointLog] [info] Thread saw mini-batch with a maximum of 0.44% zero probability fragments
[2022-04-26 17:53:21.030] [jointLog] [info] Thread saw mini-batch with a maximum of 0.46% zero probability fragments
[2022-04-26 17:53:21.031] [jointLog] [info] Thread saw mini-batch with a maximum of 0.50% zero probability fragments
[2022-04-26 17:53:21.104] [jointLog] [info] Thread saw mini-batch with a maximum of 0.48% zero probability fragments
[2022-04-26 17:53:21.334] [jointLog] [info] Computed 55,922 rich equivalence classes for further processing
[2022-04-26 17:53:21.334] [jointLog] [info] Counted 41,838,324 total reads in the equivalence classes 
[2022-04-26 17:53:21.354] [jointLog] [warning] 0.000389995% of fragments were shorter than the k used to build the index.
If this fraction is too large, consider re-building the index with a smaller k.
The minimum read size found was 30.


[2022-04-26 17:53:21.354] [jointLog] [info] Number of mappings discarded because of alignment score : 10,837,240
[2022-04-26 17:53:21.354] [jointLog] [info] Number of fragments entirely discarded because of alignment score : 715,163
[2022-04-26 17:53:21.354] [jointLog] [info] Number of fragments discarded because they are best-mapped to decoys : 0
[2022-04-26 17:53:21.354] [jointLog] [info] Number of fragments discarded because they have only dovetail (discordant) mappings to valid targets : 18,759,224
[2022-04-26 17:53:21.354] [jointLog] [info] Mapping rate = 96.5487%

[2022-04-26 17:53:21.354] [jointLog] [info] finished quantifyLibrary()
[2022-04-26 17:53:21.356] [jointLog] [info] Starting optimizer
[2022-04-26 17:53:21.398] [jointLog] [info] Marked 0 weighted equivalence classes as degenerate
[2022-04-26 17:53:21.404] [jointLog] [info] iteration = 0 | max rel diff. = 16548.4
[2022-04-26 17:53:21.334] [fileLog] [info] 
At end of round 0
==================
Observed 43333889 total fragments (43333889 in most recent round)

[2022-04-26 17:53:21.719] [jointLog] [info] iteration = 100 | max rel diff. = 1.24795
[2022-04-26 17:53:21.990] [jointLog] [info] iteration = 200 | max rel diff. = 1.846
[2022-04-26 17:53:22.256] [jointLog] [info] iteration = 300 | max rel diff. = 0.342763
[2022-04-26 17:53:22.523] [jointLog] [info] iteration = 400 | max rel diff. = 0.100064
[2022-04-26 17:53:22.789] [jointLog] [info] iteration = 500 | max rel diff. = 0.152821
[2022-04-26 17:53:23.055] [jointLog] [info] iteration = 600 | max rel diff. = 0.689476
[2022-04-26 17:53:23.321] [jointLog] [info] iteration = 700 | max rel diff. = 0.020775
[2022-04-26 17:53:23.588] [jointLog] [info] iteration = 800 | max rel diff. = 0.0614927
[2022-04-26 17:53:23.743] [jointLog] [info] iteration = 859 | max rel diff. = 0.00473518
[2022-04-26 17:53:23.749] [jointLog] [info] Finished optimizer
[2022-04-26 17:53:23.749] [jointLog] [info] writing output 

