[2022-04-26 18:07:19.247] [jointLog] [info] setting maxHashResizeThreads to 40
[2022-04-26 18:07:19.247] [jointLog] [info] Fragment incompatibility prior below threshold.  Incompatible fragments will be ignored.
[2022-04-26 18:07:19.247] [jointLog] [info] Usage of --validateMappings implies use of minScoreFraction. Since not explicitly specified, it is being set to 0.65
[2022-04-26 18:07:19.247] [jointLog] [info] Setting consensusSlack to selective-alignment default of 0.35.
[2022-04-26 18:07:19.247] [jointLog] [info] parsing read library format
[2022-04-26 18:07:19.247] [jointLog] [info] There is 1 library.
[2022-04-26 18:07:19.248] [jointLog] [info] Loading pufferfish index
[2022-04-26 18:07:19.249] [jointLog] [info] Loading dense pufferfish index.
[2022-04-26 18:07:19.582] [jointLog] [info] done
[2022-04-26 18:07:19.640] [jointLog] [info] Index contained 40,812 targets
[2022-04-26 18:07:19.658] [jointLog] [info] Number of decoys : 0
[2022-04-26 18:07:20.299] [jointLog] [info] Automatically detected most likely library type as ISR

[2022-04-26 18:09:56.240] [jointLog] [info] Thread saw mini-batch with a maximum of 0.62% zero probability fragments
[2022-04-26 18:09:56.240] [jointLog] [info] Thread saw mini-batch with a maximum of 0.60% zero probability fragments
[2022-04-26 18:09:56.240] [jointLog] [info] Thread saw mini-batch with a maximum of 0.54% zero probability fragments
[2022-04-26 18:09:56.241] [jointLog] [info] Thread saw mini-batch with a maximum of 0.62% zero probability fragments
[2022-04-26 18:09:56.241] [jointLog] [info] Thread saw mini-batch with a maximum of 0.56% zero probability fragments
[2022-04-26 18:09:56.241] [jointLog] [info] Thread saw mini-batch with a maximum of 0.66% zero probability fragments
[2022-04-26 18:09:56.241] [jointLog] [info] Thread saw mini-batch with a maximum of 0.50% zero probability fragments
[2022-04-26 18:09:56.241] [jointLog] [info] Thread saw mini-batch with a maximum of 0.60% zero probability fragments
[2022-04-26 18:09:56.241] [jointLog] [info] Thread saw mini-batch with a maximum of 0.54% zero probability fragments
[2022-04-26 18:09:56.241] [jointLog] [info] Thread saw mini-batch with a maximum of 0.56% zero probability fragments
[2022-04-26 18:09:56.241] [jointLog] [info] Thread saw mini-batch with a maximum of 0.54% zero probability fragments
[2022-04-26 18:09:56.241] [jointLog] [info] Thread saw mini-batch with a maximum of 0.56% zero probability fragments
[2022-04-26 18:09:56.241] [jointLog] [info] Thread saw mini-batch with a maximum of 0.58% zero probability fragments
[2022-04-26 18:09:56.241] [jointLog] [info] Thread saw mini-batch with a maximum of 0.56% zero probability fragments
[2022-04-26 18:09:56.242] [jointLog] [info] Thread saw mini-batch with a maximum of 0.54% zero probability fragments
[2022-04-26 18:09:56.242] [jointLog] [info] Thread saw mini-batch with a maximum of 0.56% zero probability fragments
[2022-04-26 18:09:56.244] [jointLog] [info] Thread saw mini-batch with a maximum of 0.56% zero probability fragments
[2022-04-26 18:09:56.244] [jointLog] [info] Thread saw mini-batch with a maximum of 0.66% zero probability fragments
[2022-04-26 18:09:56.244] [jointLog] [info] Thread saw mini-batch with a maximum of 0.56% zero probability fragments
[2022-04-26 18:09:56.245] [jointLog] [info] Thread saw mini-batch with a maximum of 0.70% zero probability fragments
[2022-04-26 18:09:56.245] [jointLog] [info] Thread saw mini-batch with a maximum of 0.66% zero probability fragments
[2022-04-26 18:09:56.245] [jointLog] [info] Thread saw mini-batch with a maximum of 0.50% zero probability fragments
[2022-04-26 18:09:56.245] [jointLog] [info] Thread saw mini-batch with a maximum of 0.56% zero probability fragments
[2022-04-26 18:09:56.246] [jointLog] [info] Thread saw mini-batch with a maximum of 0.54% zero probability fragments
[2022-04-26 18:09:56.246] [jointLog] [info] Thread saw mini-batch with a maximum of 0.54% zero probability fragments
[2022-04-26 18:09:56.246] [jointLog] [info] Thread saw mini-batch with a maximum of 0.56% zero probability fragments
[2022-04-26 18:09:56.246] [jointLog] [info] Thread saw mini-batch with a maximum of 0.60% zero probability fragments
[2022-04-26 18:09:56.246] [jointLog] [info] Thread saw mini-batch with a maximum of 0.56% zero probability fragments
[2022-04-26 18:09:56.246] [jointLog] [info] Thread saw mini-batch with a maximum of 0.58% zero probability fragments
[2022-04-26 18:09:56.247] [jointLog] [info] Thread saw mini-batch with a maximum of 0.62% zero probability fragments
[2022-04-26 18:09:56.248] [jointLog] [info] Thread saw mini-batch with a maximum of 0.56% zero probability fragments
[2022-04-26 18:09:56.249] [jointLog] [info] Thread saw mini-batch with a maximum of 0.54% zero probability fragments
[2022-04-26 18:09:56.249] [jointLog] [info] Thread saw mini-batch with a maximum of 0.52% zero probability fragments
[2022-04-26 18:09:56.250] [jointLog] [info] Thread saw mini-batch with a maximum of 0.58% zero probability fragments
[2022-04-26 18:09:56.250] [jointLog] [info] Thread saw mini-batch with a maximum of 0.52% zero probability fragments
[2022-04-26 18:09:56.250] [jointLog] [info] Thread saw mini-batch with a maximum of 0.56% zero probability fragments
[2022-04-26 18:09:56.267] [jointLog] [info] Thread saw mini-batch with a maximum of 0.52% zero probability fragments
[2022-04-26 18:09:56.277] [jointLog] [info] Thread saw mini-batch with a maximum of 0.70% zero probability fragments
[2022-04-26 18:09:56.285] [jointLog] [info] Thread saw mini-batch with a maximum of 0.52% zero probability fragments
[2022-04-26 18:09:56.305] [jointLog] [info] Thread saw mini-batch with a maximum of 0.48% zero probability fragments
[2022-04-26 18:09:56.541] [jointLog] [info] Computed 54,968 rich equivalence classes for further processing
[2022-04-26 18:09:56.541] [jointLog] [info] Counted 40,324,587 total reads in the equivalence classes 
[2022-04-26 18:09:56.561] [jointLog] [warning] 0.000419804% of fragments were shorter than the k used to build the index.
If this fraction is too large, consider re-building the index with a smaller k.
The minimum read size found was 30.


[2022-04-26 18:09:56.561] [jointLog] [info] Number of mappings discarded because of alignment score : 9,842,588
[2022-04-26 18:09:56.561] [jointLog] [info] Number of fragments entirely discarded because of alignment score : 780,567
[2022-04-26 18:09:56.561] [jointLog] [info] Number of fragments discarded because they are best-mapped to decoys : 0
[2022-04-26 18:09:56.561] [jointLog] [info] Number of fragments discarded because they have only dovetail (discordant) mappings to valid targets : 17,801,006
[2022-04-26 18:09:56.561] [jointLog] [info] Mapping rate = 95.6408%

[2022-04-26 18:09:56.561] [jointLog] [info] finished quantifyLibrary()
[2022-04-26 18:09:56.563] [jointLog] [info] Starting optimizer
[2022-04-26 18:09:56.599] [jointLog] [info] Marked 0 weighted equivalence classes as degenerate
[2022-04-26 18:09:56.604] [jointLog] [info] iteration = 0 | max rel diff. = 13075.2
[2022-04-26 18:09:56.542] [fileLog] [info] 
At end of round 0
==================
Observed 42162555 total fragments (42162555 in most recent round)

[2022-04-26 18:09:56.897] [jointLog] [info] iteration = 100 | max rel diff. = 9.2582
[2022-04-26 18:09:57.170] [jointLog] [info] iteration = 200 | max rel diff. = 2.17698
[2022-04-26 18:09:57.438] [jointLog] [info] iteration = 300 | max rel diff. = 0.15513
[2022-04-26 18:09:57.704] [jointLog] [info] iteration = 400 | max rel diff. = 0.208593
[2022-04-26 18:09:57.971] [jointLog] [info] iteration = 500 | max rel diff. = 0.0327255
[2022-04-26 18:09:58.238] [jointLog] [info] iteration = 600 | max rel diff. = 0.112066
[2022-04-26 18:09:58.287] [jointLog] [info] iteration = 619 | max rel diff. = 0.00596933
[2022-04-26 18:09:58.293] [jointLog] [info] Finished optimizer
[2022-04-26 18:09:58.293] [jointLog] [info] writing output 

