[2022-04-26 17:19:57.656] [jointLog] [info] setting maxHashResizeThreads to 40
[2022-04-26 17:19:57.657] [jointLog] [info] Fragment incompatibility prior below threshold.  Incompatible fragments will be ignored.
[2022-04-26 17:19:57.657] [jointLog] [info] Usage of --validateMappings implies use of minScoreFraction. Since not explicitly specified, it is being set to 0.65
[2022-04-26 17:19:57.657] [jointLog] [info] Setting consensusSlack to selective-alignment default of 0.35.
[2022-04-26 17:19:57.657] [jointLog] [info] parsing read library format
[2022-04-26 17:19:57.657] [jointLog] [info] There is 1 library.
[2022-04-26 17:19:57.658] [jointLog] [info] Loading pufferfish index
[2022-04-26 17:19:57.658] [jointLog] [info] Loading dense pufferfish index.
[2022-04-26 17:19:58.169] [jointLog] [info] done
[2022-04-26 17:19:58.223] [jointLog] [info] Index contained 40,812 targets
[2022-04-26 17:19:58.234] [jointLog] [info] Number of decoys : 0
[2022-04-26 17:19:58.871] [jointLog] [info] Automatically detected most likely library type as ISR

[2022-04-26 17:22:11.010] [jointLog] [info] Thread saw mini-batch with a maximum of 0.50% zero probability fragments
[2022-04-26 17:22:11.010] [jointLog] [info] Thread saw mini-batch with a maximum of 0.48% zero probability fragments
[2022-04-26 17:22:11.010] [jointLog] [info] Thread saw mini-batch with a maximum of 0.50% zero probability fragments
[2022-04-26 17:22:11.010] [jointLog] [info] Thread saw mini-batch with a maximum of 0.46% zero probability fragments
[2022-04-26 17:22:11.011] [jointLog] [info] Thread saw mini-batch with a maximum of 0.54% zero probability fragments
[2022-04-26 17:22:11.011] [jointLog] [info] Thread saw mini-batch with a maximum of 0.50% zero probability fragments
[2022-04-26 17:22:11.011] [jointLog] [info] Thread saw mini-batch with a maximum of 0.48% zero probability fragments
[2022-04-26 17:22:11.011] [jointLog] [info] Thread saw mini-batch with a maximum of 0.48% zero probability fragments
[2022-04-26 17:22:11.011] [jointLog] [info] Thread saw mini-batch with a maximum of 0.42% zero probability fragments
[2022-04-26 17:22:11.011] [jointLog] [info] Thread saw mini-batch with a maximum of 0.46% zero probability fragments
[2022-04-26 17:22:11.011] [jointLog] [info] Thread saw mini-batch with a maximum of 0.48% zero probability fragments
[2022-04-26 17:22:11.011] [jointLog] [info] Thread saw mini-batch with a maximum of 0.50% zero probability fragments
[2022-04-26 17:22:11.011] [jointLog] [info] Thread saw mini-batch with a maximum of 0.46% zero probability fragments
[2022-04-26 17:22:11.011] [jointLog] [info] Thread saw mini-batch with a maximum of 0.62% zero probability fragments
[2022-04-26 17:22:11.012] [jointLog] [info] Thread saw mini-batch with a maximum of 0.56% zero probability fragments
[2022-04-26 17:22:11.013] [jointLog] [info] Thread saw mini-batch with a maximum of 0.62% zero probability fragments
[2022-04-26 17:22:11.015] [jointLog] [info] Thread saw mini-batch with a maximum of 0.50% zero probability fragments
[2022-04-26 17:22:11.016] [jointLog] [info] Thread saw mini-batch with a maximum of 0.50% zero probability fragments
[2022-04-26 17:22:11.016] [jointLog] [info] Thread saw mini-batch with a maximum of 0.46% zero probability fragments
[2022-04-26 17:22:11.016] [jointLog] [info] Thread saw mini-batch with a maximum of 0.50% zero probability fragments
[2022-04-26 17:22:11.017] [jointLog] [info] Thread saw mini-batch with a maximum of 0.56% zero probability fragments
[2022-04-26 17:22:11.017] [jointLog] [info] Thread saw mini-batch with a maximum of 0.56% zero probability fragments
[2022-04-26 17:22:11.017] [jointLog] [info] Thread saw mini-batch with a maximum of 0.46% zero probability fragments
[2022-04-26 17:22:11.017] [jointLog] [info] Thread saw mini-batch with a maximum of 0.58% zero probability fragments
[2022-04-26 17:22:11.017] [jointLog] [info] Thread saw mini-batch with a maximum of 0.44% zero probability fragments
[2022-04-26 17:22:11.017] [jointLog] [info] Thread saw mini-batch with a maximum of 0.46% zero probability fragments
[2022-04-26 17:22:11.017] [jointLog] [info] Thread saw mini-batch with a maximum of 0.46% zero probability fragments
[2022-04-26 17:22:11.017] [jointLog] [info] Thread saw mini-batch with a maximum of 0.54% zero probability fragments
[2022-04-26 17:22:11.017] [jointLog] [info] Thread saw mini-batch with a maximum of 0.54% zero probability fragments
[2022-04-26 17:22:11.018] [jointLog] [info] Thread saw mini-batch with a maximum of 0.48% zero probability fragments
[2022-04-26 17:22:11.020] [jointLog] [info] Thread saw mini-batch with a maximum of 0.52% zero probability fragments
[2022-04-26 17:22:11.020] [jointLog] [info] Thread saw mini-batch with a maximum of 0.52% zero probability fragments
[2022-04-26 17:22:11.021] [jointLog] [info] Thread saw mini-batch with a maximum of 0.54% zero probability fragments
[2022-04-26 17:22:11.022] [jointLog] [info] Thread saw mini-batch with a maximum of 0.50% zero probability fragments
[2022-04-26 17:22:11.022] [jointLog] [info] Thread saw mini-batch with a maximum of 0.52% zero probability fragments
[2022-04-26 17:22:11.023] [jointLog] [info] Thread saw mini-batch with a maximum of 0.54% zero probability fragments
[2022-04-26 17:22:11.038] [jointLog] [info] Thread saw mini-batch with a maximum of 0.52% zero probability fragments
[2022-04-26 17:22:11.056] [jointLog] [info] Thread saw mini-batch with a maximum of 0.48% zero probability fragments
[2022-04-26 17:22:11.064] [jointLog] [info] Thread saw mini-batch with a maximum of 0.48% zero probability fragments
[2022-04-26 17:22:11.074] [jointLog] [info] Thread saw mini-batch with a maximum of 0.52% zero probability fragments
[2022-04-26 17:22:11.312] [jointLog] [info] Computed 53,099 rich equivalence classes for further processing
[2022-04-26 17:22:11.312] [jointLog] [info] Counted 34,482,118 total reads in the equivalence classes 
[2022-04-26 17:22:11.333] [jointLog] [warning] 0.000494191% of fragments were shorter than the k used to build the index.
If this fraction is too large, consider re-building the index with a smaller k.
The minimum read size found was 30.


[2022-04-26 17:22:11.333] [jointLog] [info] Number of mappings discarded because of alignment score : 7,866,448
[2022-04-26 17:22:11.333] [jointLog] [info] Number of fragments entirely discarded because of alignment score : 689,227
[2022-04-26 17:22:11.333] [jointLog] [info] Number of fragments discarded because they are best-mapped to decoys : 0
[2022-04-26 17:22:11.333] [jointLog] [info] Number of fragments discarded because they have only dovetail (discordant) mappings to valid targets : 14,664,954
[2022-04-26 17:22:11.333] [jointLog] [info] Mapping rate = 95.7346%

[2022-04-26 17:22:11.333] [jointLog] [info] finished quantifyLibrary()
[2022-04-26 17:22:11.335] [jointLog] [info] Starting optimizer
[2022-04-26 17:22:11.313] [fileLog] [info] 
At end of round 0
==================
Observed 36018435 total fragments (36018435 in most recent round)

[2022-04-26 17:22:11.373] [jointLog] [info] Marked 0 weighted equivalence classes as degenerate
[2022-04-26 17:22:11.380] [jointLog] [info] iteration = 0 | max rel diff. = 24783.1
[2022-04-26 17:22:11.671] [jointLog] [info] iteration = 100 | max rel diff. = 13.4144
[2022-04-26 17:22:11.941] [jointLog] [info] iteration = 200 | max rel diff. = 0.424299
[2022-04-26 17:22:12.206] [jointLog] [info] iteration = 300 | max rel diff. = 0.493202
[2022-04-26 17:22:12.470] [jointLog] [info] iteration = 400 | max rel diff. = 0.160593
[2022-04-26 17:22:12.734] [jointLog] [info] iteration = 500 | max rel diff. = 0.116393
[2022-04-26 17:22:12.998] [jointLog] [info] iteration = 600 | max rel diff. = 0.0216845
[2022-04-26 17:22:13.261] [jointLog] [info] iteration = 700 | max rel diff. = 0.0995601
[2022-04-26 17:22:13.325] [jointLog] [info] iteration = 725 | max rel diff. = 0.00431029
[2022-04-26 17:22:13.330] [jointLog] [info] Finished optimizer
[2022-04-26 17:22:13.330] [jointLog] [info] writing output 

