[2022-04-26 17:57:51.621] [jointLog] [info] setting maxHashResizeThreads to 40
[2022-04-26 17:57:51.621] [jointLog] [info] Fragment incompatibility prior below threshold.  Incompatible fragments will be ignored.
[2022-04-26 17:57:51.621] [jointLog] [info] Usage of --validateMappings implies use of minScoreFraction. Since not explicitly specified, it is being set to 0.65
[2022-04-26 17:57:51.621] [jointLog] [info] Setting consensusSlack to selective-alignment default of 0.35.
[2022-04-26 17:57:51.621] [jointLog] [info] parsing read library format
[2022-04-26 17:57:51.621] [jointLog] [info] There is 1 library.
[2022-04-26 17:57:51.622] [jointLog] [info] Loading pufferfish index
[2022-04-26 17:57:51.622] [jointLog] [info] Loading dense pufferfish index.
[2022-04-26 17:57:51.933] [jointLog] [info] done
[2022-04-26 17:57:51.994] [jointLog] [info] Index contained 40,812 targets
[2022-04-26 17:57:52.014] [jointLog] [info] Number of decoys : 0
[2022-04-26 17:57:52.650] [jointLog] [info] Automatically detected most likely library type as ISR

[2022-04-26 18:00:53.548] [jointLog] [info] Thread saw mini-batch with a maximum of 0.44% zero probability fragments
[2022-04-26 18:00:53.548] [jointLog] [info] Thread saw mini-batch with a maximum of 0.50% zero probability fragments
[2022-04-26 18:00:53.548] [jointLog] [info] Thread saw mini-batch with a maximum of 0.46% zero probability fragments
[2022-04-26 18:00:53.548] [jointLog] [info] Thread saw mini-batch with a maximum of 0.54% zero probability fragments
[2022-04-26 18:00:53.548] [jointLog] [info] Thread saw mini-batch with a maximum of 0.54% zero probability fragments
[2022-04-26 18:00:53.548] [jointLog] [info] Thread saw mini-batch with a maximum of 0.60% zero probability fragments
[2022-04-26 18:00:53.548] [jointLog] [info] Thread saw mini-batch with a maximum of 0.44% zero probability fragments
[2022-04-26 18:00:53.548] [jointLog] [info] Thread saw mini-batch with a maximum of 0.40% zero probability fragments
[2022-04-26 18:00:53.548] [jointLog] [info] Thread saw mini-batch with a maximum of 0.48% zero probability fragments
[2022-04-26 18:00:53.548] [jointLog] [info] Thread saw mini-batch with a maximum of 0.46% zero probability fragments
[2022-04-26 18:00:53.548] [jointLog] [info] Thread saw mini-batch with a maximum of 0.40% zero probability fragments
[2022-04-26 18:00:53.548] [jointLog] [info] Thread saw mini-batch with a maximum of 0.44% zero probability fragments
[2022-04-26 18:00:53.548] [jointLog] [info] Thread saw mini-batch with a maximum of 0.46% zero probability fragments
[2022-04-26 18:00:53.548] [jointLog] [info] Thread saw mini-batch with a maximum of 0.56% zero probability fragments
[2022-04-26 18:00:53.548] [jointLog] [info] Thread saw mini-batch with a maximum of 0.46% zero probability fragments
[2022-04-26 18:00:53.548] [jointLog] [info] Thread saw mini-batch with a maximum of 0.44% zero probability fragments
[2022-04-26 18:00:53.548] [jointLog] [info] Thread saw mini-batch with a maximum of 0.46% zero probability fragments
[2022-04-26 18:00:53.548] [jointLog] [info] Thread saw mini-batch with a maximum of 0.50% zero probability fragments
[2022-04-26 18:00:53.548] [jointLog] [info] Thread saw mini-batch with a maximum of 0.44% zero probability fragments
[2022-04-26 18:00:53.548] [jointLog] [info] Thread saw mini-batch with a maximum of 0.46% zero probability fragments
[2022-04-26 18:00:53.548] [jointLog] [info] Thread saw mini-batch with a maximum of 0.48% zero probability fragments
[2022-04-26 18:00:53.549] [jointLog] [info] Thread saw mini-batch with a maximum of 0.48% zero probability fragments
[2022-04-26 18:00:53.549] [jointLog] [info] Thread saw mini-batch with a maximum of 0.46% zero probability fragments
[2022-04-26 18:00:53.549] [jointLog] [info] Thread saw mini-batch with a maximum of 0.50% zero probability fragments
[2022-04-26 18:00:53.550] [jointLog] [info] Thread saw mini-batch with a maximum of 0.46% zero probability fragments
[2022-04-26 18:00:53.551] [jointLog] [info] Thread saw mini-batch with a maximum of 0.46% zero probability fragments
[2022-04-26 18:00:53.551] [jointLog] [info] Thread saw mini-batch with a maximum of 0.48% zero probability fragments
[2022-04-26 18:00:53.551] [jointLog] [info] Thread saw mini-batch with a maximum of 0.58% zero probability fragments
[2022-04-26 18:00:53.552] [jointLog] [info] Thread saw mini-batch with a maximum of 0.44% zero probability fragments
[2022-04-26 18:00:53.552] [jointLog] [info] Thread saw mini-batch with a maximum of 0.46% zero probability fragments
[2022-04-26 18:00:53.552] [jointLog] [info] Thread saw mini-batch with a maximum of 0.48% zero probability fragments
[2022-04-26 18:00:53.552] [jointLog] [info] Thread saw mini-batch with a maximum of 0.44% zero probability fragments
[2022-04-26 18:00:53.552] [jointLog] [info] Thread saw mini-batch with a maximum of 0.44% zero probability fragments
[2022-04-26 18:00:53.552] [jointLog] [info] Thread saw mini-batch with a maximum of 0.48% zero probability fragments
[2022-04-26 18:00:53.552] [jointLog] [info] Thread saw mini-batch with a maximum of 0.48% zero probability fragments
[2022-04-26 18:00:53.558] [jointLog] [info] Thread saw mini-batch with a maximum of 0.46% zero probability fragments
[2022-04-26 18:00:53.570] [jointLog] [info] Thread saw mini-batch with a maximum of 0.52% zero probability fragments
[2022-04-26 18:00:53.587] [jointLog] [info] Thread saw mini-batch with a maximum of 0.48% zero probability fragments
[2022-04-26 18:00:53.606] [jointLog] [info] Thread saw mini-batch with a maximum of 0.42% zero probability fragments
[2022-04-26 18:00:53.621] [jointLog] [info] Thread saw mini-batch with a maximum of 0.46% zero probability fragments
[2022-04-26 18:00:53.864] [jointLog] [info] Computed 57,405 rich equivalence classes for further processing
[2022-04-26 18:00:53.864] [jointLog] [info] Counted 47,228,313 total reads in the equivalence classes 
[2022-04-26 18:00:53.884] [jointLog] [warning] 0.000360486% of fragments were shorter than the k used to build the index.
If this fraction is too large, consider re-building the index with a smaller k.
The minimum read size found was 30.


[2022-04-26 18:00:53.884] [jointLog] [info] Number of mappings discarded because of alignment score : 12,415,272
[2022-04-26 18:00:53.884] [jointLog] [info] Number of fragments entirely discarded because of alignment score : 848,749
[2022-04-26 18:00:53.884] [jointLog] [info] Number of fragments discarded because they are best-mapped to decoys : 0
[2022-04-26 18:00:53.884] [jointLog] [info] Number of fragments discarded because they have only dovetail (discordant) mappings to valid targets : 20,547,852
[2022-04-26 18:00:53.884] [jointLog] [info] Mapping rate = 96.1872%

[2022-04-26 18:00:53.884] [jointLog] [info] finished quantifyLibrary()
[2022-04-26 18:00:53.886] [jointLog] [info] Starting optimizer
[2022-04-26 18:00:53.924] [jointLog] [info] Marked 0 weighted equivalence classes as degenerate
[2022-04-26 18:00:53.934] [jointLog] [info] iteration = 0 | max rel diff. = 5992.8
[2022-04-26 18:00:53.865] [fileLog] [info] 
At end of round 0
==================
Observed 49100437 total fragments (49100437 in most recent round)

[2022-04-26 18:00:54.223] [jointLog] [info] iteration = 100 | max rel diff. = 2.23218
[2022-04-26 18:00:54.497] [jointLog] [info] iteration = 200 | max rel diff. = 2.43479
[2022-04-26 18:00:54.770] [jointLog] [info] iteration = 300 | max rel diff. = 0.323926
[2022-04-26 18:00:55.039] [jointLog] [info] iteration = 400 | max rel diff. = 4.57917
[2022-04-26 18:00:55.308] [jointLog] [info] iteration = 500 | max rel diff. = 0.090742
[2022-04-26 18:00:55.576] [jointLog] [info] iteration = 600 | max rel diff. = 0.172727
[2022-04-26 18:00:55.844] [jointLog] [info] iteration = 700 | max rel diff. = 0.0373206
[2022-04-26 18:00:56.111] [jointLog] [info] iteration = 800 | max rel diff. = 0.120516
[2022-04-26 18:00:56.138] [jointLog] [info] iteration = 811 | max rel diff. = 0.00611762
[2022-04-26 18:00:56.144] [jointLog] [info] Finished optimizer
[2022-04-26 18:00:56.144] [jointLog] [info] writing output 

