[2022-04-26 17:30:08.328] [jointLog] [info] setting maxHashResizeThreads to 40
[2022-04-26 17:30:08.328] [jointLog] [info] Fragment incompatibility prior below threshold.  Incompatible fragments will be ignored.
[2022-04-26 17:30:08.328] [jointLog] [info] Usage of --validateMappings implies use of minScoreFraction. Since not explicitly specified, it is being set to 0.65
[2022-04-26 17:30:08.328] [jointLog] [info] Setting consensusSlack to selective-alignment default of 0.35.
[2022-04-26 17:30:08.328] [jointLog] [info] parsing read library format
[2022-04-26 17:30:08.328] [jointLog] [info] There is 1 library.
[2022-04-26 17:30:08.329] [jointLog] [info] Loading pufferfish index
[2022-04-26 17:30:08.330] [jointLog] [info] Loading dense pufferfish index.
[2022-04-26 17:30:08.646] [jointLog] [info] done
[2022-04-26 17:30:08.697] [jointLog] [info] Index contained 40,812 targets
[2022-04-26 17:30:08.719] [jointLog] [info] Number of decoys : 0
[2022-04-26 17:30:09.321] [jointLog] [info] Automatically detected most likely library type as ISR

[2022-04-26 17:32:56.104] [jointLog] [info] Thread saw mini-batch with a maximum of 0.70% zero probability fragments
[2022-04-26 17:32:56.104] [jointLog] [info] Thread saw mini-batch with a maximum of 0.56% zero probability fragments
[2022-04-26 17:32:56.104] [jointLog] [info] Thread saw mini-batch with a maximum of 0.68% zero probability fragments
[2022-04-26 17:32:56.104] [jointLog] [info] Thread saw mini-batch with a maximum of 0.62% zero probability fragments
[2022-04-26 17:32:56.104] [jointLog] [info] Thread saw mini-batch with a maximum of 0.48% zero probability fragments
[2022-04-26 17:32:56.104] [jointLog] [info] Thread saw mini-batch with a maximum of 0.48% zero probability fragments
[2022-04-26 17:32:56.104] [jointLog] [info] Thread saw mini-batch with a maximum of 0.60% zero probability fragments
[2022-04-26 17:32:56.104] [jointLog] [info] Thread saw mini-batch with a maximum of 0.52% zero probability fragments
[2022-04-26 17:32:56.104] [jointLog] [info] Thread saw mini-batch with a maximum of 0.56% zero probability fragments
[2022-04-26 17:32:56.104] [jointLog] [info] Thread saw mini-batch with a maximum of 0.60% zero probability fragments
[2022-04-26 17:32:56.104] [jointLog] [info] Thread saw mini-batch with a maximum of 0.50% zero probability fragments
[2022-04-26 17:32:56.104] [jointLog] [info] Thread saw mini-batch with a maximum of 0.52% zero probability fragments
[2022-04-26 17:32:56.104] [jointLog] [info] Thread saw mini-batch with a maximum of 0.52% zero probability fragments
[2022-04-26 17:32:56.104] [jointLog] [info] Thread saw mini-batch with a maximum of 0.58% zero probability fragments
[2022-04-26 17:32:56.108] [jointLog] [info] Thread saw mini-batch with a maximum of 0.48% zero probability fragments
[2022-04-26 17:32:56.109] [jointLog] [info] Thread saw mini-batch with a maximum of 0.60% zero probability fragments
[2022-04-26 17:32:56.109] [jointLog] [info] Thread saw mini-batch with a maximum of 0.56% zero probability fragments
[2022-04-26 17:32:56.109] [jointLog] [info] Thread saw mini-batch with a maximum of 0.50% zero probability fragments
[2022-04-26 17:32:56.109] [jointLog] [info] Thread saw mini-batch with a maximum of 0.50% zero probability fragments
[2022-04-26 17:32:56.109] [jointLog] [info] Thread saw mini-batch with a maximum of 0.52% zero probability fragments
[2022-04-26 17:32:56.109] [jointLog] [info] Thread saw mini-batch with a maximum of 0.56% zero probability fragments
[2022-04-26 17:32:56.109] [jointLog] [info] Thread saw mini-batch with a maximum of 0.60% zero probability fragments
[2022-04-26 17:32:56.109] [jointLog] [info] Thread saw mini-batch with a maximum of 0.58% zero probability fragments
[2022-04-26 17:32:56.109] [jointLog] [info] Thread saw mini-batch with a maximum of 0.52% zero probability fragments
[2022-04-26 17:32:56.109] [jointLog] [info] Thread saw mini-batch with a maximum of 0.48% zero probability fragments
[2022-04-26 17:32:56.110] [jointLog] [info] Thread saw mini-batch with a maximum of 0.52% zero probability fragments
[2022-04-26 17:32:56.110] [jointLog] [info] Thread saw mini-batch with a maximum of 0.60% zero probability fragments
[2022-04-26 17:32:56.110] [jointLog] [info] Thread saw mini-batch with a maximum of 0.56% zero probability fragments
[2022-04-26 17:32:56.110] [jointLog] [info] Thread saw mini-batch with a maximum of 0.62% zero probability fragments
[2022-04-26 17:32:56.114] [jointLog] [info] Thread saw mini-batch with a maximum of 0.48% zero probability fragments
[2022-04-26 17:32:56.114] [jointLog] [info] Thread saw mini-batch with a maximum of 0.48% zero probability fragments
[2022-04-26 17:32:56.115] [jointLog] [info] Thread saw mini-batch with a maximum of 0.64% zero probability fragments
[2022-04-26 17:32:56.115] [jointLog] [info] Thread saw mini-batch with a maximum of 0.56% zero probability fragments
[2022-04-26 17:32:56.115] [jointLog] [info] Thread saw mini-batch with a maximum of 0.52% zero probability fragments
[2022-04-26 17:32:56.115] [jointLog] [info] Thread saw mini-batch with a maximum of 0.62% zero probability fragments
[2022-04-26 17:32:56.122] [jointLog] [info] Thread saw mini-batch with a maximum of 0.48% zero probability fragments
[2022-04-26 17:32:56.134] [jointLog] [info] Thread saw mini-batch with a maximum of 0.48% zero probability fragments
[2022-04-26 17:32:56.141] [jointLog] [info] Thread saw mini-batch with a maximum of 0.60% zero probability fragments
[2022-04-26 17:32:56.174] [jointLog] [info] Thread saw mini-batch with a maximum of 0.46% zero probability fragments
[2022-04-26 17:32:56.253] [jointLog] [info] Thread saw mini-batch with a maximum of 0.54% zero probability fragments
[2022-04-26 17:32:56.494] [jointLog] [info] Computed 55,276 rich equivalence classes for further processing
[2022-04-26 17:32:56.494] [jointLog] [info] Counted 43,480,154 total reads in the equivalence classes 
[2022-04-26 17:32:56.515] [jointLog] [warning] 0.000422468% of fragments were shorter than the k used to build the index.
If this fraction is too large, consider re-building the index with a smaller k.
The minimum read size found was 30.


[2022-04-26 17:32:56.515] [jointLog] [info] Number of mappings discarded because of alignment score : 11,482,880
[2022-04-26 17:32:56.515] [jointLog] [info] Number of fragments entirely discarded because of alignment score : 912,626
[2022-04-26 17:32:56.515] [jointLog] [info] Number of fragments discarded because they are best-mapped to decoys : 0
[2022-04-26 17:32:56.515] [jointLog] [info] Number of fragments discarded because they have only dovetail (discordant) mappings to valid targets : 18,171,277
[2022-04-26 17:32:56.515] [jointLog] [info] Mapping rate = 95.6718%

[2022-04-26 17:32:56.515] [jointLog] [info] finished quantifyLibrary()
[2022-04-26 17:32:56.517] [jointLog] [info] Starting optimizer
[2022-04-26 17:32:56.495] [fileLog] [info] 
At end of round 0
==================
Observed 45447183 total fragments (45447183 in most recent round)

[2022-04-26 17:32:56.557] [jointLog] [info] Marked 0 weighted equivalence classes as degenerate
[2022-04-26 17:32:56.566] [jointLog] [info] iteration = 0 | max rel diff. = 13751.9
[2022-04-26 17:32:56.883] [jointLog] [info] iteration = 100 | max rel diff. = 1.07098
[2022-04-26 17:32:57.153] [jointLog] [info] iteration = 200 | max rel diff. = 0.8887
[2022-04-26 17:32:57.423] [jointLog] [info] iteration = 300 | max rel diff. = 0.271767
[2022-04-26 17:32:57.689] [jointLog] [info] iteration = 400 | max rel diff. = 0.684299
[2022-04-26 17:32:57.955] [jointLog] [info] iteration = 500 | max rel diff. = 9.6472
[2022-04-26 17:32:58.220] [jointLog] [info] iteration = 600 | max rel diff. = 0.0461349
[2022-04-26 17:32:58.487] [jointLog] [info] iteration = 700 | max rel diff. = 0.0486794
[2022-04-26 17:32:58.753] [jointLog] [info] iteration = 800 | max rel diff. = 0.0656793
[2022-04-26 17:32:58.806] [jointLog] [info] iteration = 821 | max rel diff. = 0.0087947
[2022-04-26 17:32:58.811] [jointLog] [info] Finished optimizer
[2022-04-26 17:32:58.811] [jointLog] [info] writing output 

