[2022-04-26 18:31:03.561] [jointLog] [info] setting maxHashResizeThreads to 40
[2022-04-26 18:31:03.561] [jointLog] [info] Fragment incompatibility prior below threshold.  Incompatible fragments will be ignored.
[2022-04-26 18:31:03.562] [jointLog] [info] Usage of --validateMappings implies use of minScoreFraction. Since not explicitly specified, it is being set to 0.65
[2022-04-26 18:31:03.562] [jointLog] [info] Setting consensusSlack to selective-alignment default of 0.35.
[2022-04-26 18:31:03.562] [jointLog] [info] parsing read library format
[2022-04-26 18:31:03.562] [jointLog] [info] There is 1 library.
[2022-04-26 18:31:03.563] [jointLog] [info] Loading pufferfish index
[2022-04-26 18:31:03.563] [jointLog] [info] Loading dense pufferfish index.
[2022-04-26 18:31:03.873] [jointLog] [info] done
[2022-04-26 18:31:03.922] [jointLog] [info] Index contained 40,812 targets
[2022-04-26 18:31:03.932] [jointLog] [info] Number of decoys : 0
[2022-04-26 18:31:04.546] [jointLog] [info] Automatically detected most likely library type as ISR

[2022-04-26 18:34:05.286] [jointLog] [info] Thread saw mini-batch with a maximum of 0.64% zero probability fragments
[2022-04-26 18:34:05.286] [jointLog] [info] Thread saw mini-batch with a maximum of 0.52% zero probability fragments
[2022-04-26 18:34:05.286] [jointLog] [info] Thread saw mini-batch with a maximum of 0.58% zero probability fragments
[2022-04-26 18:34:05.286] [jointLog] [info] Thread saw mini-batch with a maximum of 0.58% zero probability fragments
[2022-04-26 18:34:05.286] [jointLog] [info] Thread saw mini-batch with a maximum of 0.52% zero probability fragments
[2022-04-26 18:34:05.286] [jointLog] [info] Thread saw mini-batch with a maximum of 0.50% zero probability fragments
[2022-04-26 18:34:05.286] [jointLog] [info] Thread saw mini-batch with a maximum of 0.48% zero probability fragments
[2022-04-26 18:34:05.286] [jointLog] [info] Thread saw mini-batch with a maximum of 0.56% zero probability fragments
[2022-04-26 18:34:05.286] [jointLog] [info] Thread saw mini-batch with a maximum of 0.58% zero probability fragments
[2022-04-26 18:34:05.286] [jointLog] [info] Thread saw mini-batch with a maximum of 0.52% zero probability fragments
[2022-04-26 18:34:05.287] [jointLog] [info] Thread saw mini-batch with a maximum of 0.58% zero probability fragments
[2022-04-26 18:34:05.287] [jointLog] [info] Thread saw mini-batch with a maximum of 0.54% zero probability fragments
[2022-04-26 18:34:05.287] [jointLog] [info] Thread saw mini-batch with a maximum of 0.54% zero probability fragments
[2022-04-26 18:34:05.287] [jointLog] [info] Thread saw mini-batch with a maximum of 0.58% zero probability fragments
[2022-04-26 18:34:05.288] [jointLog] [info] Thread saw mini-batch with a maximum of 0.50% zero probability fragments
[2022-04-26 18:34:05.289] [jointLog] [info] Thread saw mini-batch with a maximum of 0.58% zero probability fragments
[2022-04-26 18:34:05.290] [jointLog] [info] Thread saw mini-batch with a maximum of 0.54% zero probability fragments
[2022-04-26 18:34:05.291] [jointLog] [info] Thread saw mini-batch with a maximum of 0.62% zero probability fragments
[2022-04-26 18:34:05.291] [jointLog] [info] Thread saw mini-batch with a maximum of 0.52% zero probability fragments
[2022-04-26 18:34:05.291] [jointLog] [info] Thread saw mini-batch with a maximum of 0.58% zero probability fragments
[2022-04-26 18:34:05.291] [jointLog] [info] Thread saw mini-batch with a maximum of 0.54% zero probability fragments
[2022-04-26 18:34:05.291] [jointLog] [info] Thread saw mini-batch with a maximum of 0.56% zero probability fragments
[2022-04-26 18:34:05.291] [jointLog] [info] Thread saw mini-batch with a maximum of 0.54% zero probability fragments
[2022-04-26 18:34:05.291] [jointLog] [info] Thread saw mini-batch with a maximum of 0.52% zero probability fragments
[2022-04-26 18:34:05.292] [jointLog] [info] Thread saw mini-batch with a maximum of 0.72% zero probability fragments
[2022-04-26 18:34:05.292] [jointLog] [info] Thread saw mini-batch with a maximum of 0.46% zero probability fragments
[2022-04-26 18:34:05.292] [jointLog] [info] Thread saw mini-batch with a maximum of 0.52% zero probability fragments
[2022-04-26 18:34:05.292] [jointLog] [info] Thread saw mini-batch with a maximum of 0.52% zero probability fragments
[2022-04-26 18:34:05.292] [jointLog] [info] Thread saw mini-batch with a maximum of 0.56% zero probability fragments
[2022-04-26 18:34:05.293] [jointLog] [info] Thread saw mini-batch with a maximum of 0.56% zero probability fragments
[2022-04-26 18:34:05.294] [jointLog] [info] Thread saw mini-batch with a maximum of 0.54% zero probability fragments
[2022-04-26 18:34:05.295] [jointLog] [info] Thread saw mini-batch with a maximum of 0.56% zero probability fragments
[2022-04-26 18:34:05.295] [jointLog] [info] Thread saw mini-batch with a maximum of 0.52% zero probability fragments
[2022-04-26 18:34:05.295] [jointLog] [info] Thread saw mini-batch with a maximum of 0.52% zero probability fragments
[2022-04-26 18:34:05.295] [jointLog] [info] Thread saw mini-batch with a maximum of 0.62% zero probability fragments
[2022-04-26 18:34:05.305] [jointLog] [info] Thread saw mini-batch with a maximum of 0.58% zero probability fragments
[2022-04-26 18:34:05.328] [jointLog] [info] Thread saw mini-batch with a maximum of 0.50% zero probability fragments
[2022-04-26 18:34:05.340] [jointLog] [info] Thread saw mini-batch with a maximum of 0.48% zero probability fragments
[2022-04-26 18:34:05.358] [jointLog] [info] Thread saw mini-batch with a maximum of 0.56% zero probability fragments
[2022-04-26 18:34:05.409] [jointLog] [info] Thread saw mini-batch with a maximum of 0.52% zero probability fragments
[2022-04-26 18:34:05.656] [jointLog] [info] Computed 58,912 rich equivalence classes for further processing
[2022-04-26 18:34:05.656] [jointLog] [info] Counted 43,277,685 total reads in the equivalence classes 
[2022-04-26 18:34:05.676] [jointLog] [warning] 0.000288591% of fragments were shorter than the k used to build the index.
If this fraction is too large, consider re-building the index with a smaller k.
The minimum read size found was 30.


[2022-04-26 18:34:05.676] [jointLog] [info] Number of mappings discarded because of alignment score : 9,777,462
[2022-04-26 18:34:05.676] [jointLog] [info] Number of fragments entirely discarded because of alignment score : 1,038,720
[2022-04-26 18:34:05.676] [jointLog] [info] Number of fragments discarded because they are best-mapped to decoys : 0
[2022-04-26 18:34:05.676] [jointLog] [info] Number of fragments discarded because they have only dovetail (discordant) mappings to valid targets : 17,158,382
[2022-04-26 18:34:05.676] [jointLog] [info] Mapping rate = 88.5785%

[2022-04-26 18:34:05.676] [jointLog] [info] finished quantifyLibrary()
[2022-04-26 18:34:05.678] [jointLog] [info] Starting optimizer
[2022-04-26 18:34:05.715] [jointLog] [info] Marked 0 weighted equivalence classes as degenerate
[2022-04-26 18:34:05.721] [jointLog] [info] iteration = 0 | max rel diff. = 6303.35
[2022-04-26 18:34:05.657] [fileLog] [info] 
At end of round 0
==================
Observed 48858017 total fragments (48858017 in most recent round)

[2022-04-26 18:34:06.015] [jointLog] [info] iteration = 100 | max rel diff. = 1.69392
[2022-04-26 18:34:06.288] [jointLog] [info] iteration = 200 | max rel diff. = 0.276556
[2022-04-26 18:34:06.555] [jointLog] [info] iteration = 300 | max rel diff. = 4.06766
[2022-04-26 18:34:06.824] [jointLog] [info] iteration = 400 | max rel diff. = 0.0604887
[2022-04-26 18:34:07.091] [jointLog] [info] iteration = 500 | max rel diff. = 0.210413
[2022-04-26 18:34:07.359] [jointLog] [info] iteration = 600 | max rel diff. = 0.575582
[2022-04-26 18:34:07.627] [jointLog] [info] iteration = 700 | max rel diff. = 0.0535513
[2022-04-26 18:34:07.896] [jointLog] [info] iteration = 800 | max rel diff. = 0.0216305
[2022-04-26 18:34:08.048] [jointLog] [info] iteration = 858 | max rel diff. = 0.00929741
[2022-04-26 18:34:08.054] [jointLog] [info] Finished optimizer
[2022-04-26 18:34:08.054] [jointLog] [info] writing output 

